ERROR - 2023-12-31 04:18:54 --> Error connecting to the database: mysqli_sql_exception: No connection could be made because the target machine actively refused it in C:\xampp\htdocs\cake_shop\system\Database\MySQLi\Connection.php:184
Stack trace:
#0 C:\xampp\htdocs\cake_shop\system\Database\MySQLi\Connection.php(184): mysqli->real_connect('localhost', 'root', Object(SensitiveParameterValue), 'shop', 3306, '', 0)
#1 C:\xampp\htdocs\cake_shop\system\Database\BaseConnection.php(392): CodeIgniter\Database\MySQLi\Connection->connect(false)
#2 C:\xampp\htdocs\cake_shop\system\Database\BaseConnection.php(575): CodeIgniter\Database\BaseConnection->initialize()
#3 C:\xampp\htdocs\cake_shop\system\Database\BaseBuilder.php(1615): CodeIgniter\Database\BaseConnection->query('SELECT *\nFROM `...', Array, false)
#4 C:\xampp\htdocs\cake_shop\system\Model.php(237): CodeIgniter\Database\BaseBuilder->get()
#5 C:\xampp\htdocs\cake_shop\system\BaseModel.php(624): CodeIgniter\Model->doFindAll(0, 0)
#6 C:\xampp\htdocs\cake_shop\app\Controllers\Home.php(13): CodeIgniter\BaseModel->findAll()
#7 C:\xampp\htdocs\cake_shop\system\CodeIgniter.php(942): App\Controllers\Home->home()
#8 C:\xampp\htdocs\cake_shop\system\CodeIgniter.php(502): CodeIgniter\CodeIgniter->runController(Object(App\Controllers\Home))
#9 C:\xampp\htdocs\cake_shop\system\CodeIgniter.php(361): CodeIgniter\CodeIgniter->handleRequest(NULL, Object(Config\Cache), false)
#10 C:\xampp\htdocs\cake_shop\index.php(79): CodeIgniter\CodeIgniter->run()
#11 {main}

Next CodeIgniter\Database\Exceptions\DatabaseException: No connection could be made because the target machine actively refused it in C:\xampp\htdocs\cake_shop\system\Database\MySQLi\Connection.php:229
Stack trace:
#0 C:\xampp\htdocs\cake_shop\system\Database\BaseConnection.php(392): CodeIgniter\Database\MySQLi\Connection->connect(false)
#1 C:\xampp\htdocs\cake_shop\system\Database\BaseConnection.php(575): CodeIgniter\Database\BaseConnection->initialize()
#2 C:\xampp\htdocs\cake_shop\system\Database\BaseBuilder.php(1615): CodeIgniter\Database\BaseConnection->query('SELECT *\nFROM `...', Array, false)
#3 C:\xampp\htdocs\cake_shop\system\Model.php(237): CodeIgniter\Database\BaseBuilder->get()
#4 C:\xampp\htdocs\cake_shop\system\BaseModel.php(624): CodeIgniter\Model->doFindAll(0, 0)
#5 C:\xampp\htdocs\cake_shop\app\Controllers\Home.php(13): CodeIgniter\BaseModel->findAll()
#6 C:\xampp\htdocs\cake_shop\system\CodeIgniter.php(942): App\Controllers\Home->home()
#7 C:\xampp\htdocs\cake_shop\system\CodeIgniter.php(502): CodeIgniter\CodeIgniter->runController(Object(App\Controllers\Home))
#8 C:\xampp\htdocs\cake_shop\system\CodeIgniter.php(361): CodeIgniter\CodeIgniter->handleRequest(NULL, Object(Config\Cache), false)
#9 C:\xampp\htdocs\cake_shop\index.php(79): CodeIgniter\CodeIgniter->run()
#10 {main}
CRITICAL - 2023-12-31 04:18:54 --> Unable to connect to the database.
Main connection [MySQLi]: No connection could be made because the target machine actively refused it
in SYSTEMPATH\Database\BaseConnection.php on line 428.
 1 SYSTEMPATH\Database\BaseConnection.php(575): CodeIgniter\Database\BaseConnection->initialize()
 2 SYSTEMPATH\Database\BaseBuilder.php(1615): CodeIgniter\Database\BaseConnection->query('SELECT *
FROM `products`', [], false)
 3 SYSTEMPATH\Model.php(237): CodeIgniter\Database\BaseBuilder->get()
 4 SYSTEMPATH\BaseModel.php(624): CodeIgniter\Model->doFindAll(0, 0)
 5 APPPATH\Controllers\Home.php(13): CodeIgniter\BaseModel->findAll()
 6 SYSTEMPATH\CodeIgniter.php(942): App\Controllers\Home->home()
 7 SYSTEMPATH\CodeIgniter.php(502): CodeIgniter\CodeIgniter->runController(Object(App\Controllers\Home))
 8 SYSTEMPATH\CodeIgniter.php(361): CodeIgniter\CodeIgniter->handleRequest(null, Object(Config\Cache), false)
 9 FCPATH\index.php(79): CodeIgniter\CodeIgniter->run()
CRITICAL - 2023-12-31 05:25:35 --> Undefined variable $sess_data
in APPPATH\Views\navbar.php on line 7.
 1 APPPATH\Views\navbar.php(7): CodeIgniter\Debug\Exceptions->errorHandler(2, 'Undefined variable $sess_data', 'C:\\xampp\\htdocs\\cake_shop\\app\\Views\\navbar.php', 7)
 2 SYSTEMPATH\View\View.php(228): include('C:\\xampp\\htdocs\\cake_shop\\app\\Views\\navbar.php')
 3 SYSTEMPATH\View\View.php(231): CodeIgniter\View\View->CodeIgniter\View\{closure}()
 4 SYSTEMPATH\View\View.php(469): CodeIgniter\View\View->render('navbar', null, true)
 5 APPPATH\Views\public_layout.php(13): CodeIgniter\View\View->include('navbar')
 6 SYSTEMPATH\View\View.php(228): include('C:\\xampp\\htdocs\\cake_shop\\app\\Views\\public_layout.php')
 7 SYSTEMPATH\View\View.php(231): CodeIgniter\View\View->CodeIgniter\View\{closure}()
 8 SYSTEMPATH\View\View.php(244): CodeIgniter\View\View->render('public_layout', [], true)
 9 SYSTEMPATH\Common.php(1190): CodeIgniter\View\View->render('home', [], true)
10 APPPATH\Controllers\Home.php(14): view('home', [...])
11 SYSTEMPATH\CodeIgniter.php(942): App\Controllers\Home->home()
12 SYSTEMPATH\CodeIgniter.php(502): CodeIgniter\CodeIgniter->runController(Object(App\Controllers\Home))
13 SYSTEMPATH\CodeIgniter.php(361): CodeIgniter\CodeIgniter->handleRequest(null, Object(Config\Cache), false)
14 FCPATH\index.php(79): CodeIgniter\CodeIgniter->run()
CRITICAL - 2023-12-31 05:26:05 --> Undefined variable $user_id
in APPPATH\Views\navbar.php on line 13.
 1 APPPATH\Views\navbar.php(13): CodeIgniter\Debug\Exceptions->errorHandler(2, 'Undefined variable $user_id', 'C:\\xampp\\htdocs\\cake_shop\\app\\Views\\navbar.php', 13)
 2 SYSTEMPATH\View\View.php(228): include('C:\\xampp\\htdocs\\cake_shop\\app\\Views\\navbar.php')
 3 SYSTEMPATH\View\View.php(231): CodeIgniter\View\View->CodeIgniter\View\{closure}()
 4 SYSTEMPATH\View\View.php(469): CodeIgniter\View\View->render('navbar', null, true)
 5 APPPATH\Views\public_layout.php(13): CodeIgniter\View\View->include('navbar')
 6 SYSTEMPATH\View\View.php(228): include('C:\\xampp\\htdocs\\cake_shop\\app\\Views\\public_layout.php')
 7 SYSTEMPATH\View\View.php(231): CodeIgniter\View\View->CodeIgniter\View\{closure}()
 8 SYSTEMPATH\View\View.php(244): CodeIgniter\View\View->render('public_layout', [], true)
 9 SYSTEMPATH\Common.php(1190): CodeIgniter\View\View->render('home', [], true)
10 APPPATH\Controllers\Home.php(14): view('home', [...])
11 SYSTEMPATH\CodeIgniter.php(942): App\Controllers\Home->home()
12 SYSTEMPATH\CodeIgniter.php(502): CodeIgniter\CodeIgniter->runController(Object(App\Controllers\Home))
13 SYSTEMPATH\CodeIgniter.php(361): CodeIgniter\CodeIgniter->handleRequest(null, Object(Config\Cache), false)
14 FCPATH\index.php(79): CodeIgniter\CodeIgniter->run()
CRITICAL - 2023-12-31 05:40:28 --> Undefined variable $userId
in APPPATH\Views\navbar.php on line 9.
 1 APPPATH\Views\navbar.php(9): CodeIgniter\Debug\Exceptions->errorHandler(2, 'Undefined variable $userId', 'C:\\xampp\\htdocs\\cake_shop\\app\\Views\\navbar.php', 9)
 2 SYSTEMPATH\View\View.php(228): include('C:\\xampp\\htdocs\\cake_shop\\app\\Views\\navbar.php')
 3 SYSTEMPATH\View\View.php(231): CodeIgniter\View\View->CodeIgniter\View\{closure}()
 4 SYSTEMPATH\View\View.php(469): CodeIgniter\View\View->render('navbar', null, true)
 5 APPPATH\Views\public_layout.php(13): CodeIgniter\View\View->include('navbar')
 6 SYSTEMPATH\View\View.php(228): include('C:\\xampp\\htdocs\\cake_shop\\app\\Views\\public_layout.php')
 7 SYSTEMPATH\View\View.php(231): CodeIgniter\View\View->CodeIgniter\View\{closure}()
 8 SYSTEMPATH\View\View.php(244): CodeIgniter\View\View->render('public_layout', [], true)
 9 SYSTEMPATH\Common.php(1190): CodeIgniter\View\View->render('home', [], true)
10 APPPATH\Controllers\Home.php(14): view('home', [...])
11 SYSTEMPATH\CodeIgniter.php(942): App\Controllers\Home->home()
12 SYSTEMPATH\CodeIgniter.php(502): CodeIgniter\CodeIgniter->runController(Object(App\Controllers\Home))
13 SYSTEMPATH\CodeIgniter.php(361): CodeIgniter\CodeIgniter->handleRequest(null, Object(Config\Cache), false)
14 FCPATH\index.php(79): CodeIgniter\CodeIgniter->run()
CRITICAL - 2023-12-31 05:45:13 --> Undefined variable $prod_id
in APPPATH\Views\navbar.php on line 12.
 1 APPPATH\Views\navbar.php(12): CodeIgniter\Debug\Exceptions->errorHandler(2, 'Undefined variable $prod_id', 'C:\\xampp\\htdocs\\cake_shop\\app\\Views\\navbar.php', 12)
 2 SYSTEMPATH\View\View.php(228): include('C:\\xampp\\htdocs\\cake_shop\\app\\Views\\navbar.php')
 3 SYSTEMPATH\View\View.php(231): CodeIgniter\View\View->CodeIgniter\View\{closure}()
 4 SYSTEMPATH\View\View.php(469): CodeIgniter\View\View->render('navbar', null, true)
 5 APPPATH\Views\public_layout.php(13): CodeIgniter\View\View->include('navbar')
 6 SYSTEMPATH\View\View.php(228): include('C:\\xampp\\htdocs\\cake_shop\\app\\Views\\public_layout.php')
 7 SYSTEMPATH\View\View.php(231): CodeIgniter\View\View->CodeIgniter\View\{closure}()
 8 SYSTEMPATH\View\View.php(244): CodeIgniter\View\View->render('public_layout', [], true)
 9 SYSTEMPATH\Common.php(1190): CodeIgniter\View\View->render('home', [], true)
10 APPPATH\Controllers\Home.php(14): view('home', [...])
11 SYSTEMPATH\CodeIgniter.php(942): App\Controllers\Home->home()
12 SYSTEMPATH\CodeIgniter.php(502): CodeIgniter\CodeIgniter->runController(Object(App\Controllers\Home))
13 SYSTEMPATH\CodeIgniter.php(361): CodeIgniter\CodeIgniter->handleRequest(null, Object(Config\Cache), false)
14 FCPATH\index.php(79): CodeIgniter\CodeIgniter->run()
CRITICAL - 2023-12-31 05:45:47 --> Undefined variable $prod_id
in APPPATH\Views\navbar.php on line 14.
 1 APPPATH\Views\navbar.php(14): CodeIgniter\Debug\Exceptions->errorHandler(2, 'Undefined variable $prod_id', 'C:\\xampp\\htdocs\\cake_shop\\app\\Views\\navbar.php', 14)
 2 SYSTEMPATH\View\View.php(228): include('C:\\xampp\\htdocs\\cake_shop\\app\\Views\\navbar.php')
 3 SYSTEMPATH\View\View.php(231): CodeIgniter\View\View->CodeIgniter\View\{closure}()
 4 SYSTEMPATH\View\View.php(469): CodeIgniter\View\View->render('navbar', null, true)
 5 APPPATH\Views\public_layout.php(13): CodeIgniter\View\View->include('navbar')
 6 SYSTEMPATH\View\View.php(228): include('C:\\xampp\\htdocs\\cake_shop\\app\\Views\\public_layout.php')
 7 SYSTEMPATH\View\View.php(231): CodeIgniter\View\View->CodeIgniter\View\{closure}()
 8 SYSTEMPATH\View\View.php(244): CodeIgniter\View\View->render('public_layout', [], true)
 9 SYSTEMPATH\Common.php(1190): CodeIgniter\View\View->render('home', [], true)
10 APPPATH\Controllers\Home.php(14): view('home', [...])
11 SYSTEMPATH\CodeIgniter.php(942): App\Controllers\Home->home()
12 SYSTEMPATH\CodeIgniter.php(502): CodeIgniter\CodeIgniter->runController(Object(App\Controllers\Home))
13 SYSTEMPATH\CodeIgniter.php(361): CodeIgniter\CodeIgniter->handleRequest(null, Object(Config\Cache), false)
14 FCPATH\index.php(79): CodeIgniter\CodeIgniter->run()
CRITICAL - 2023-12-31 05:46:58 --> Undefined variable $prod_id
in APPPATH\Views\navbar.php on line 14.
 1 APPPATH\Views\navbar.php(14): CodeIgniter\Debug\Exceptions->errorHandler(2, 'Undefined variable $prod_id', 'C:\\xampp\\htdocs\\cake_shop\\app\\Views\\navbar.php', 14)
 2 SYSTEMPATH\View\View.php(228): include('C:\\xampp\\htdocs\\cake_shop\\app\\Views\\navbar.php')
 3 SYSTEMPATH\View\View.php(231): CodeIgniter\View\View->CodeIgniter\View\{closure}()
 4 SYSTEMPATH\View\View.php(469): CodeIgniter\View\View->render('navbar', null, true)
 5 APPPATH\Views\public_layout.php(13): CodeIgniter\View\View->include('navbar')
 6 SYSTEMPATH\View\View.php(228): include('C:\\xampp\\htdocs\\cake_shop\\app\\Views\\public_layout.php')
 7 SYSTEMPATH\View\View.php(231): CodeIgniter\View\View->CodeIgniter\View\{closure}()
 8 SYSTEMPATH\View\View.php(244): CodeIgniter\View\View->render('public_layout', [], true)
 9 SYSTEMPATH\Common.php(1190): CodeIgniter\View\View->render('home', [], true)
10 APPPATH\Controllers\Home.php(14): view('home', [...])
11 SYSTEMPATH\CodeIgniter.php(942): App\Controllers\Home->home()
12 SYSTEMPATH\CodeIgniter.php(502): CodeIgniter\CodeIgniter->runController(Object(App\Controllers\Home))
13 SYSTEMPATH\CodeIgniter.php(361): CodeIgniter\CodeIgniter->handleRequest(null, Object(Config\Cache), false)
14 FCPATH\index.php(79): CodeIgniter\CodeIgniter->run()
CRITICAL - 2023-12-31 05:48:31 --> Undefined variable $prod_id
in APPPATH\Views\navbar.php on line 14.
 1 APPPATH\Views\navbar.php(14): CodeIgniter\Debug\Exceptions->errorHandler(2, 'Undefined variable $prod_id', 'C:\\xampp\\htdocs\\cake_shop\\app\\Views\\navbar.php', 14)
 2 SYSTEMPATH\View\View.php(228): include('C:\\xampp\\htdocs\\cake_shop\\app\\Views\\navbar.php')
 3 SYSTEMPATH\View\View.php(231): CodeIgniter\View\View->CodeIgniter\View\{closure}()
 4 SYSTEMPATH\View\View.php(469): CodeIgniter\View\View->render('navbar', null, true)
 5 APPPATH\Views\public_layout.php(13): CodeIgniter\View\View->include('navbar')
 6 SYSTEMPATH\View\View.php(228): include('C:\\xampp\\htdocs\\cake_shop\\app\\Views\\public_layout.php')
 7 SYSTEMPATH\View\View.php(231): CodeIgniter\View\View->CodeIgniter\View\{closure}()
 8 SYSTEMPATH\View\View.php(244): CodeIgniter\View\View->render('public_layout', [], true)
 9 SYSTEMPATH\Common.php(1190): CodeIgniter\View\View->render('home', [], true)
10 APPPATH\Controllers\Home.php(14): view('home', [...])
11 SYSTEMPATH\CodeIgniter.php(942): App\Controllers\Home->home()
12 SYSTEMPATH\CodeIgniter.php(502): CodeIgniter\CodeIgniter->runController(Object(App\Controllers\Home))
13 SYSTEMPATH\CodeIgniter.php(361): CodeIgniter\CodeIgniter->handleRequest(null, Object(Config\Cache), false)
14 FCPATH\index.php(79): CodeIgniter\CodeIgniter->run()
CRITICAL - 2023-12-31 06:03:38 --> Cannot use object of type App\Models\CartModel as array
in APPPATH\Views\navbar.php on line 18.
 1 SYSTEMPATH\View\View.php(228): include()
 2 SYSTEMPATH\View\View.php(231): CodeIgniter\View\View->CodeIgniter\View\{closure}()
 3 SYSTEMPATH\View\View.php(469): CodeIgniter\View\View->render('navbar', null, true)
 4 APPPATH\Views\public_layout.php(13): CodeIgniter\View\View->include('navbar')
 5 SYSTEMPATH\View\View.php(228): include('C:\\xampp\\htdocs\\cake_shop\\app\\Views\\public_layout.php')
 6 SYSTEMPATH\View\View.php(231): CodeIgniter\View\View->CodeIgniter\View\{closure}()
 7 SYSTEMPATH\View\View.php(244): CodeIgniter\View\View->render('public_layout', [], true)
 8 SYSTEMPATH\Common.php(1190): CodeIgniter\View\View->render('home', [], true)
 9 APPPATH\Controllers\Home.php(14): view('home', [...])
10 SYSTEMPATH\CodeIgniter.php(942): App\Controllers\Home->home()
11 SYSTEMPATH\CodeIgniter.php(502): CodeIgniter\CodeIgniter->runController(Object(App\Controllers\Home))
12 SYSTEMPATH\CodeIgniter.php(361): CodeIgniter\CodeIgniter->handleRequest(null, Object(Config\Cache), false)
13 FCPATH\index.php(79): CodeIgniter\CodeIgniter->run()
CRITICAL - 2023-12-31 06:13:59 --> Undefined variable $user
in APPPATH\Views\navbar.php on line 14.
 1 APPPATH\Views\navbar.php(14): CodeIgniter\Debug\Exceptions->errorHandler(2, 'Undefined variable $user', 'C:\\xampp\\htdocs\\cake_shop\\app\\Views\\navbar.php', 14)
 2 SYSTEMPATH\View\View.php(228): include('C:\\xampp\\htdocs\\cake_shop\\app\\Views\\navbar.php')
 3 SYSTEMPATH\View\View.php(231): CodeIgniter\View\View->CodeIgniter\View\{closure}()
 4 SYSTEMPATH\View\View.php(469): CodeIgniter\View\View->render('navbar', null, true)
 5 APPPATH\Views\public_layout.php(13): CodeIgniter\View\View->include('navbar')
 6 SYSTEMPATH\View\View.php(228): include('C:\\xampp\\htdocs\\cake_shop\\app\\Views\\public_layout.php')
 7 SYSTEMPATH\View\View.php(231): CodeIgniter\View\View->CodeIgniter\View\{closure}()
 8 SYSTEMPATH\View\View.php(244): CodeIgniter\View\View->render('public_layout', [], true)
 9 SYSTEMPATH\Common.php(1190): CodeIgniter\View\View->render('home', [], true)
10 APPPATH\Controllers\Home.php(14): view('home', [...])
11 SYSTEMPATH\CodeIgniter.php(942): App\Controllers\Home->home()
12 SYSTEMPATH\CodeIgniter.php(502): CodeIgniter\CodeIgniter->runController(Object(App\Controllers\Home))
13 SYSTEMPATH\CodeIgniter.php(361): CodeIgniter\CodeIgniter->handleRequest(null, Object(Config\Cache), false)
14 FCPATH\index.php(79): CodeIgniter\CodeIgniter->run()
ERROR - 2023-12-31 06:45:38 --> mysqli_sql_exception: Column 'email' cannot be null in C:\xampp\htdocs\cake_shop\system\Database\MySQLi\Connection.php:306
Stack trace:
#0 C:\xampp\htdocs\cake_shop\system\Database\MySQLi\Connection.php(306): mysqli->query('INSERT INTO `ca...', 0)
#1 C:\xampp\htdocs\cake_shop\system\Database\BaseConnection.php(693): CodeIgniter\Database\MySQLi\Connection->execute('INSERT INTO `ca...')
#2 C:\xampp\htdocs\cake_shop\system\Database\BaseConnection.php(607): CodeIgniter\Database\BaseConnection->simpleQuery('INSERT INTO `ca...')
#3 C:\xampp\htdocs\cake_shop\system\Database\BaseBuilder.php(2308): CodeIgniter\Database\BaseConnection->query('INSERT INTO `ca...', Array, false)
#4 C:\xampp\htdocs\cake_shop\system\Model.php(319): CodeIgniter\Database\BaseBuilder->insert()
#5 C:\xampp\htdocs\cake_shop\system\BaseModel.php(788): CodeIgniter\Model->doInsert(Array)
#6 C:\xampp\htdocs\cake_shop\system\Model.php(715): CodeIgniter\BaseModel->insert(Array, false)
#7 C:\xampp\htdocs\cake_shop\system\BaseModel.php(698): CodeIgniter\Model->insert(Array, false)
#8 C:\xampp\htdocs\cake_shop\app\Controllers\ProductController.php(142): CodeIgniter\BaseModel->save(Array)
#9 C:\xampp\htdocs\cake_shop\system\CodeIgniter.php(942): App\Controllers\ProductController->addToCart()
#10 C:\xampp\htdocs\cake_shop\system\CodeIgniter.php(502): CodeIgniter\CodeIgniter->runController(Object(App\Controllers\ProductController))
#11 C:\xampp\htdocs\cake_shop\system\CodeIgniter.php(361): CodeIgniter\CodeIgniter->handleRequest(NULL, Object(Config\Cache), false)
#12 C:\xampp\htdocs\cake_shop\index.php(79): CodeIgniter\CodeIgniter->run()
#13 {main}
CRITICAL - 2023-12-31 06:45:39 --> Column 'email' cannot be null
in SYSTEMPATH\Database\BaseConnection.php on line 647.
 1 SYSTEMPATH\Database\BaseBuilder.php(2308): CodeIgniter\Database\BaseConnection->query('INSERT INTO `cart` (`prod_id`, `qty`, `prod_price`, `user_id`, `email`) VALUES (:prod_id:, :qty:, :prod_price:, :user_id.1:, :email:)', [...], false)
 2 SYSTEMPATH\Model.php(319): CodeIgniter\Database\BaseBuilder->insert()
 3 SYSTEMPATH\BaseModel.php(788): CodeIgniter\Model->doInsert([...])
 4 SYSTEMPATH\Model.php(715): CodeIgniter\BaseModel->insert([...], false)
 5 SYSTEMPATH\BaseModel.php(698): CodeIgniter\Model->insert([...], false)
 6 APPPATH\Controllers\ProductController.php(142): CodeIgniter\BaseModel->save([...])
 7 SYSTEMPATH\CodeIgniter.php(942): App\Controllers\ProductController->addToCart()
 8 SYSTEMPATH\CodeIgniter.php(502): CodeIgniter\CodeIgniter->runController(Object(App\Controllers\ProductController))
 9 SYSTEMPATH\CodeIgniter.php(361): CodeIgniter\CodeIgniter->handleRequest(null, Object(Config\Cache), false)
10 FCPATH\index.php(79): CodeIgniter\CodeIgniter->run()
ERROR - 2023-12-31 06:45:39 --> mysqli_sql_exception: Column 'email' cannot be null in C:\xampp\htdocs\cake_shop\system\Database\MySQLi\Connection.php:306
Stack trace:
#0 C:\xampp\htdocs\cake_shop\system\Database\MySQLi\Connection.php(306): mysqli->query('INSERT INTO `ca...', 0)
#1 C:\xampp\htdocs\cake_shop\system\Database\BaseConnection.php(693): CodeIgniter\Database\MySQLi\Connection->execute('INSERT INTO `ca...')
#2 C:\xampp\htdocs\cake_shop\system\Database\BaseConnection.php(607): CodeIgniter\Database\BaseConnection->simpleQuery('INSERT INTO `ca...')
#3 C:\xampp\htdocs\cake_shop\system\Database\BaseBuilder.php(2308): CodeIgniter\Database\BaseConnection->query('INSERT INTO `ca...', Array, false)
#4 C:\xampp\htdocs\cake_shop\system\Model.php(319): CodeIgniter\Database\BaseBuilder->insert()
#5 C:\xampp\htdocs\cake_shop\system\BaseModel.php(788): CodeIgniter\Model->doInsert(Array)
#6 C:\xampp\htdocs\cake_shop\system\Model.php(715): CodeIgniter\BaseModel->insert(Array, false)
#7 C:\xampp\htdocs\cake_shop\system\BaseModel.php(698): CodeIgniter\Model->insert(Array, false)
#8 C:\xampp\htdocs\cake_shop\app\Controllers\ProductController.php(142): CodeIgniter\BaseModel->save(Array)
#9 C:\xampp\htdocs\cake_shop\system\CodeIgniter.php(942): App\Controllers\ProductController->addToCart()
#10 C:\xampp\htdocs\cake_shop\system\CodeIgniter.php(502): CodeIgniter\CodeIgniter->runController(Object(App\Controllers\ProductController))
#11 C:\xampp\htdocs\cake_shop\system\CodeIgniter.php(361): CodeIgniter\CodeIgniter->handleRequest(NULL, Object(Config\Cache), false)
#12 C:\xampp\htdocs\cake_shop\index.php(79): CodeIgniter\CodeIgniter->run()
#13 {main}
CRITICAL - 2023-12-31 06:45:39 --> Column 'email' cannot be null
in SYSTEMPATH\Database\BaseConnection.php on line 647.
 1 SYSTEMPATH\Database\BaseBuilder.php(2308): CodeIgniter\Database\BaseConnection->query('INSERT INTO `cart` (`prod_id`, `qty`, `prod_price`, `user_id`, `email`) VALUES (:prod_id:, :qty:, :prod_price:, :user_id.1:, :email:)', [...], false)
 2 SYSTEMPATH\Model.php(319): CodeIgniter\Database\BaseBuilder->insert()
 3 SYSTEMPATH\BaseModel.php(788): CodeIgniter\Model->doInsert([...])
 4 SYSTEMPATH\Model.php(715): CodeIgniter\BaseModel->insert([...], false)
 5 SYSTEMPATH\BaseModel.php(698): CodeIgniter\Model->insert([...], false)
 6 APPPATH\Controllers\ProductController.php(142): CodeIgniter\BaseModel->save([...])
 7 SYSTEMPATH\CodeIgniter.php(942): App\Controllers\ProductController->addToCart()
 8 SYSTEMPATH\CodeIgniter.php(502): CodeIgniter\CodeIgniter->runController(Object(App\Controllers\ProductController))
 9 SYSTEMPATH\CodeIgniter.php(361): CodeIgniter\CodeIgniter->handleRequest(null, Object(Config\Cache), false)
10 FCPATH\index.php(79): CodeIgniter\CodeIgniter->run()
ERROR - 2023-12-31 06:46:02 --> mysqli_sql_exception: Column 'email' cannot be null in C:\xampp\htdocs\cake_shop\system\Database\MySQLi\Connection.php:306
Stack trace:
#0 C:\xampp\htdocs\cake_shop\system\Database\MySQLi\Connection.php(306): mysqli->query('INSERT INTO `ca...', 0)
#1 C:\xampp\htdocs\cake_shop\system\Database\BaseConnection.php(693): CodeIgniter\Database\MySQLi\Connection->execute('INSERT INTO `ca...')
#2 C:\xampp\htdocs\cake_shop\system\Database\BaseConnection.php(607): CodeIgniter\Database\BaseConnection->simpleQuery('INSERT INTO `ca...')
#3 C:\xampp\htdocs\cake_shop\system\Database\BaseBuilder.php(2308): CodeIgniter\Database\BaseConnection->query('INSERT INTO `ca...', Array, false)
#4 C:\xampp\htdocs\cake_shop\system\Model.php(319): CodeIgniter\Database\BaseBuilder->insert()
#5 C:\xampp\htdocs\cake_shop\system\BaseModel.php(788): CodeIgniter\Model->doInsert(Array)
#6 C:\xampp\htdocs\cake_shop\system\Model.php(715): CodeIgniter\BaseModel->insert(Array, false)
#7 C:\xampp\htdocs\cake_shop\system\BaseModel.php(698): CodeIgniter\Model->insert(Array, false)
#8 C:\xampp\htdocs\cake_shop\app\Controllers\ProductController.php(142): CodeIgniter\BaseModel->save(Array)
#9 C:\xampp\htdocs\cake_shop\system\CodeIgniter.php(942): App\Controllers\ProductController->addToCart()
#10 C:\xampp\htdocs\cake_shop\system\CodeIgniter.php(502): CodeIgniter\CodeIgniter->runController(Object(App\Controllers\ProductController))
#11 C:\xampp\htdocs\cake_shop\system\CodeIgniter.php(361): CodeIgniter\CodeIgniter->handleRequest(NULL, Object(Config\Cache), false)
#12 C:\xampp\htdocs\cake_shop\index.php(79): CodeIgniter\CodeIgniter->run()
#13 {main}
CRITICAL - 2023-12-31 06:46:02 --> Column 'email' cannot be null
in SYSTEMPATH\Database\BaseConnection.php on line 647.
 1 SYSTEMPATH\Database\BaseBuilder.php(2308): CodeIgniter\Database\BaseConnection->query('INSERT INTO `cart` (`prod_id`, `qty`, `prod_price`, `user_id`, `email`) VALUES (:prod_id:, :qty:, :prod_price:, :user_id.1:, :email:)', [...], false)
 2 SYSTEMPATH\Model.php(319): CodeIgniter\Database\BaseBuilder->insert()
 3 SYSTEMPATH\BaseModel.php(788): CodeIgniter\Model->doInsert([...])
 4 SYSTEMPATH\Model.php(715): CodeIgniter\BaseModel->insert([...], false)
 5 SYSTEMPATH\BaseModel.php(698): CodeIgniter\Model->insert([...], false)
 6 APPPATH\Controllers\ProductController.php(142): CodeIgniter\BaseModel->save([...])
 7 SYSTEMPATH\CodeIgniter.php(942): App\Controllers\ProductController->addToCart()
 8 SYSTEMPATH\CodeIgniter.php(502): CodeIgniter\CodeIgniter->runController(Object(App\Controllers\ProductController))
 9 SYSTEMPATH\CodeIgniter.php(361): CodeIgniter\CodeIgniter->handleRequest(null, Object(Config\Cache), false)
10 FCPATH\index.php(79): CodeIgniter\CodeIgniter->run()
CRITICAL - 2023-12-31 06:58:14 --> Undefined variable $count
in APPPATH\Views\navbar.php on line 16.
 1 APPPATH\Views\navbar.php(16): CodeIgniter\Debug\Exceptions->errorHandler(2, 'Undefined variable $count', 'C:\\xampp\\htdocs\\cake_shop\\app\\Views\\navbar.php', 16)
 2 SYSTEMPATH\View\View.php(228): include('C:\\xampp\\htdocs\\cake_shop\\app\\Views\\navbar.php')
 3 SYSTEMPATH\View\View.php(231): CodeIgniter\View\View->CodeIgniter\View\{closure}()
 4 SYSTEMPATH\View\View.php(469): CodeIgniter\View\View->render('navbar', null, true)
 5 APPPATH\Views\public_layout.php(13): CodeIgniter\View\View->include('navbar')
 6 SYSTEMPATH\View\View.php(228): include('C:\\xampp\\htdocs\\cake_shop\\app\\Views\\public_layout.php')
 7 SYSTEMPATH\View\View.php(231): CodeIgniter\View\View->CodeIgniter\View\{closure}()
 8 SYSTEMPATH\View\View.php(244): CodeIgniter\View\View->render('public_layout', [], true)
 9 SYSTEMPATH\Common.php(1190): CodeIgniter\View\View->render('home', [], true)
10 APPPATH\Controllers\Home.php(14): view('home', [...])
11 SYSTEMPATH\CodeIgniter.php(942): App\Controllers\Home->home()
12 SYSTEMPATH\CodeIgniter.php(502): CodeIgniter\CodeIgniter->runController(Object(App\Controllers\Home))
13 SYSTEMPATH\CodeIgniter.php(361): CodeIgniter\CodeIgniter->handleRequest(null, Object(Config\Cache), false)
14 FCPATH\index.php(79): CodeIgniter\CodeIgniter->run()
CRITICAL - 2023-12-31 07:01:14 --> Undefined variable $user_id
in APPPATH\Views\navbar.php on line 12.
 1 APPPATH\Views\navbar.php(12): CodeIgniter\Debug\Exceptions->errorHandler(2, 'Undefined variable $user_id', 'C:\\xampp\\htdocs\\cake_shop\\app\\Views\\navbar.php', 12)
 2 SYSTEMPATH\View\View.php(228): include('C:\\xampp\\htdocs\\cake_shop\\app\\Views\\navbar.php')
 3 SYSTEMPATH\View\View.php(231): CodeIgniter\View\View->CodeIgniter\View\{closure}()
 4 SYSTEMPATH\View\View.php(469): CodeIgniter\View\View->render('navbar', null, true)
 5 APPPATH\Views\public_layout.php(13): CodeIgniter\View\View->include('navbar')
 6 SYSTEMPATH\View\View.php(228): include('C:\\xampp\\htdocs\\cake_shop\\app\\Views\\public_layout.php')
 7 SYSTEMPATH\View\View.php(231): CodeIgniter\View\View->CodeIgniter\View\{closure}()
 8 SYSTEMPATH\View\View.php(244): CodeIgniter\View\View->render('public_layout', [], true)
 9 SYSTEMPATH\Common.php(1190): CodeIgniter\View\View->render('home', [], true)
10 APPPATH\Controllers\Home.php(14): view('home', [...])
11 SYSTEMPATH\CodeIgniter.php(942): App\Controllers\Home->home()
12 SYSTEMPATH\CodeIgniter.php(502): CodeIgniter\CodeIgniter->runController(Object(App\Controllers\Home))
13 SYSTEMPATH\CodeIgniter.php(361): CodeIgniter\CodeIgniter->handleRequest(null, Object(Config\Cache), false)
14 FCPATH\index.php(79): CodeIgniter\CodeIgniter->run()
CRITICAL - 2023-12-31 07:01:49 --> Undefined variable $userId
in APPPATH\Views\navbar.php on line 14.
 1 APPPATH\Views\navbar.php(14): CodeIgniter\Debug\Exceptions->errorHandler(2, 'Undefined variable $userId', 'C:\\xampp\\htdocs\\cake_shop\\app\\Views\\navbar.php', 14)
 2 SYSTEMPATH\View\View.php(228): include('C:\\xampp\\htdocs\\cake_shop\\app\\Views\\navbar.php')
 3 SYSTEMPATH\View\View.php(231): CodeIgniter\View\View->CodeIgniter\View\{closure}()
 4 SYSTEMPATH\View\View.php(469): CodeIgniter\View\View->render('navbar', null, true)
 5 APPPATH\Views\public_layout.php(13): CodeIgniter\View\View->include('navbar')
 6 SYSTEMPATH\View\View.php(228): include('C:\\xampp\\htdocs\\cake_shop\\app\\Views\\public_layout.php')
 7 SYSTEMPATH\View\View.php(231): CodeIgniter\View\View->CodeIgniter\View\{closure}()
 8 SYSTEMPATH\View\View.php(244): CodeIgniter\View\View->render('public_layout', [], true)
 9 SYSTEMPATH\Common.php(1190): CodeIgniter\View\View->render('home', [], true)
10 APPPATH\Controllers\Home.php(14): view('home', [...])
11 SYSTEMPATH\CodeIgniter.php(942): App\Controllers\Home->home()
12 SYSTEMPATH\CodeIgniter.php(502): CodeIgniter\CodeIgniter->runController(Object(App\Controllers\Home))
13 SYSTEMPATH\CodeIgniter.php(361): CodeIgniter\CodeIgniter->handleRequest(null, Object(Config\Cache), false)
14 FCPATH\index.php(79): CodeIgniter\CodeIgniter->run()
CRITICAL - 2023-12-31 07:01:59 --> Undefined variable $userId
in APPPATH\Views\navbar.php on line 14.
 1 APPPATH\Views\navbar.php(14): CodeIgniter\Debug\Exceptions->errorHandler(2, 'Undefined variable $userId', 'C:\\xampp\\htdocs\\cake_shop\\app\\Views\\navbar.php', 14)
 2 SYSTEMPATH\View\View.php(228): include('C:\\xampp\\htdocs\\cake_shop\\app\\Views\\navbar.php')
 3 SYSTEMPATH\View\View.php(231): CodeIgniter\View\View->CodeIgniter\View\{closure}()
 4 SYSTEMPATH\View\View.php(469): CodeIgniter\View\View->render('navbar', null, true)
 5 APPPATH\Views\public_layout.php(13): CodeIgniter\View\View->include('navbar')
 6 SYSTEMPATH\View\View.php(228): include('C:\\xampp\\htdocs\\cake_shop\\app\\Views\\public_layout.php')
 7 SYSTEMPATH\View\View.php(231): CodeIgniter\View\View->CodeIgniter\View\{closure}()
 8 SYSTEMPATH\View\View.php(244): CodeIgniter\View\View->render('public_layout', [], true)
 9 SYSTEMPATH\Common.php(1190): CodeIgniter\View\View->render('home', [], true)
10 APPPATH\Controllers\Home.php(14): view('home', [...])
11 SYSTEMPATH\CodeIgniter.php(942): App\Controllers\Home->home()
12 SYSTEMPATH\CodeIgniter.php(502): CodeIgniter\CodeIgniter->runController(Object(App\Controllers\Home))
13 SYSTEMPATH\CodeIgniter.php(361): CodeIgniter\CodeIgniter->handleRequest(null, Object(Config\Cache), false)
14 FCPATH\index.php(79): CodeIgniter\CodeIgniter->run()
CRITICAL - 2023-12-31 07:02:26 --> Undefined variable $count
in APPPATH\Views\navbar.php on line 58.
 1 APPPATH\Views\navbar.php(58): CodeIgniter\Debug\Exceptions->errorHandler(2, 'Undefined variable $count', 'C:\\xampp\\htdocs\\cake_shop\\app\\Views\\navbar.php', 58)
 2 SYSTEMPATH\View\View.php(228): include('C:\\xampp\\htdocs\\cake_shop\\app\\Views\\navbar.php')
 3 SYSTEMPATH\View\View.php(231): CodeIgniter\View\View->CodeIgniter\View\{closure}()
 4 SYSTEMPATH\View\View.php(469): CodeIgniter\View\View->render('navbar', null, true)
 5 APPPATH\Views\public_layout.php(13): CodeIgniter\View\View->include('navbar')
 6 SYSTEMPATH\View\View.php(228): include('C:\\xampp\\htdocs\\cake_shop\\app\\Views\\public_layout.php')
 7 SYSTEMPATH\View\View.php(231): CodeIgniter\View\View->CodeIgniter\View\{closure}()
 8 SYSTEMPATH\View\View.php(244): CodeIgniter\View\View->render('public_layout', [], true)
 9 SYSTEMPATH\Common.php(1190): CodeIgniter\View\View->render('home', [], true)
10 APPPATH\Controllers\Home.php(14): view('home', [...])
11 SYSTEMPATH\CodeIgniter.php(942): App\Controllers\Home->home()
12 SYSTEMPATH\CodeIgniter.php(502): CodeIgniter\CodeIgniter->runController(Object(App\Controllers\Home))
13 SYSTEMPATH\CodeIgniter.php(361): CodeIgniter\CodeIgniter->handleRequest(null, Object(Config\Cache), false)
14 FCPATH\index.php(79): CodeIgniter\CodeIgniter->run()
CRITICAL - 2023-12-31 07:05:18 --> Call to undefined method App\Models\CartModel::count
in SYSTEMPATH\Model.php on line 873.
 1 APPPATH\Views\navbar.php(12): CodeIgniter\Model->__call('count', [])
 2 SYSTEMPATH\View\View.php(228): include('C:\\xampp\\htdocs\\cake_shop\\app\\Views\\navbar.php')
 3 SYSTEMPATH\View\View.php(231): CodeIgniter\View\View->CodeIgniter\View\{closure}()
 4 SYSTEMPATH\View\View.php(469): CodeIgniter\View\View->render('navbar', null, true)
 5 APPPATH\Views\public_layout.php(13): CodeIgniter\View\View->include('navbar')
 6 SYSTEMPATH\View\View.php(228): include('C:\\xampp\\htdocs\\cake_shop\\app\\Views\\public_layout.php')
 7 SYSTEMPATH\View\View.php(231): CodeIgniter\View\View->CodeIgniter\View\{closure}()
 8 SYSTEMPATH\View\View.php(244): CodeIgniter\View\View->render('public_layout', [], true)
 9 SYSTEMPATH\Common.php(1190): CodeIgniter\View\View->render('home', [], true)
10 APPPATH\Controllers\Home.php(14): view('home', [...])
11 SYSTEMPATH\CodeIgniter.php(942): App\Controllers\Home->home()
12 SYSTEMPATH\CodeIgniter.php(502): CodeIgniter\CodeIgniter->runController(Object(App\Controllers\Home))
13 SYSTEMPATH\CodeIgniter.php(361): CodeIgniter\CodeIgniter->handleRequest(null, Object(Config\Cache), false)
14 FCPATH\index.php(79): CodeIgniter\CodeIgniter->run()
CRITICAL - 2023-12-31 07:05:57 --> Array to string conversion
in APPPATH\Views\navbar.php on line 58.
 1 APPPATH\Views\navbar.php(58): CodeIgniter\Debug\Exceptions->errorHandler(2, 'Array to string conversion', 'C:\\xampp\\htdocs\\cake_shop\\app\\Views\\navbar.php', 58)
 2 SYSTEMPATH\View\View.php(228): include('C:\\xampp\\htdocs\\cake_shop\\app\\Views\\navbar.php')
 3 SYSTEMPATH\View\View.php(231): CodeIgniter\View\View->CodeIgniter\View\{closure}()
 4 SYSTEMPATH\View\View.php(469): CodeIgniter\View\View->render('navbar', null, true)
 5 APPPATH\Views\public_layout.php(13): CodeIgniter\View\View->include('navbar')
 6 SYSTEMPATH\View\View.php(228): include('C:\\xampp\\htdocs\\cake_shop\\app\\Views\\public_layout.php')
 7 SYSTEMPATH\View\View.php(231): CodeIgniter\View\View->CodeIgniter\View\{closure}()
 8 SYSTEMPATH\View\View.php(244): CodeIgniter\View\View->render('public_layout', [], true)
 9 SYSTEMPATH\Common.php(1190): CodeIgniter\View\View->render('home', [], true)
10 APPPATH\Controllers\Home.php(14): view('home', [...])
11 SYSTEMPATH\CodeIgniter.php(942): App\Controllers\Home->home()
12 SYSTEMPATH\CodeIgniter.php(502): CodeIgniter\CodeIgniter->runController(Object(App\Controllers\Home))
13 SYSTEMPATH\CodeIgniter.php(361): CodeIgniter\CodeIgniter->handleRequest(null, Object(Config\Cache), false)
14 FCPATH\index.php(79): CodeIgniter\CodeIgniter->run()
CRITICAL - 2023-12-31 07:09:02 --> Undefined variable $count
in APPPATH\Views\navbar.php on line 13.
 1 APPPATH\Views\navbar.php(13): CodeIgniter\Debug\Exceptions->errorHandler(2, 'Undefined variable $count', 'C:\\xampp\\htdocs\\cake_shop\\app\\Views\\navbar.php', 13)
 2 SYSTEMPATH\View\View.php(228): include('C:\\xampp\\htdocs\\cake_shop\\app\\Views\\navbar.php')
 3 SYSTEMPATH\View\View.php(231): CodeIgniter\View\View->CodeIgniter\View\{closure}()
 4 SYSTEMPATH\View\View.php(469): CodeIgniter\View\View->render('navbar', null, true)
 5 APPPATH\Views\public_layout.php(13): CodeIgniter\View\View->include('navbar')
 6 SYSTEMPATH\View\View.php(228): include('C:\\xampp\\htdocs\\cake_shop\\app\\Views\\public_layout.php')
 7 SYSTEMPATH\View\View.php(231): CodeIgniter\View\View->CodeIgniter\View\{closure}()
 8 SYSTEMPATH\View\View.php(244): CodeIgniter\View\View->render('public_layout', [], true)
 9 SYSTEMPATH\Common.php(1190): CodeIgniter\View\View->render('home', [], true)
10 APPPATH\Controllers\Home.php(14): view('home', [...])
11 SYSTEMPATH\CodeIgniter.php(942): App\Controllers\Home->home()
12 SYSTEMPATH\CodeIgniter.php(502): CodeIgniter\CodeIgniter->runController(Object(App\Controllers\Home))
13 SYSTEMPATH\CodeIgniter.php(361): CodeIgniter\CodeIgniter->handleRequest(null, Object(Config\Cache), false)
14 FCPATH\index.php(79): CodeIgniter\CodeIgniter->run()
CRITICAL - 2023-12-31 07:11:34 --> count(): Argument #1 ($value) must be of type Countable|array, string given
in APPPATH\Views\navbar.php on line 56.
 1 SYSTEMPATH\View\View.php(228): include()
 2 SYSTEMPATH\View\View.php(231): CodeIgniter\View\View->CodeIgniter\View\{closure}()
 3 SYSTEMPATH\View\View.php(469): CodeIgniter\View\View->render('navbar', null, true)
 4 APPPATH\Views\public_layout.php(13): CodeIgniter\View\View->include('navbar')
 5 SYSTEMPATH\View\View.php(228): include('C:\\xampp\\htdocs\\cake_shop\\app\\Views\\public_layout.php')
 6 SYSTEMPATH\View\View.php(231): CodeIgniter\View\View->CodeIgniter\View\{closure}()
 7 SYSTEMPATH\View\View.php(244): CodeIgniter\View\View->render('public_layout', [], true)
 8 SYSTEMPATH\Common.php(1190): CodeIgniter\View\View->render('home', [], true)
 9 APPPATH\Controllers\Home.php(14): view('home', [...])
10 SYSTEMPATH\CodeIgniter.php(942): App\Controllers\Home->home()
11 SYSTEMPATH\CodeIgniter.php(502): CodeIgniter\CodeIgniter->runController(Object(App\Controllers\Home))
12 SYSTEMPATH\CodeIgniter.php(361): CodeIgniter\CodeIgniter->handleRequest(null, Object(Config\Cache), false)
13 FCPATH\index.php(79): CodeIgniter\CodeIgniter->run()
CRITICAL - 2023-12-31 07:12:42 --> Undefined constant "count"
in APPPATH\Views\navbar.php on line 58.
 1 SYSTEMPATH\View\View.php(228): include()
 2 SYSTEMPATH\View\View.php(231): CodeIgniter\View\View->CodeIgniter\View\{closure}()
 3 SYSTEMPATH\View\View.php(469): CodeIgniter\View\View->render('navbar', null, true)
 4 APPPATH\Views\public_layout.php(13): CodeIgniter\View\View->include('navbar')
 5 SYSTEMPATH\View\View.php(228): include('C:\\xampp\\htdocs\\cake_shop\\app\\Views\\public_layout.php')
 6 SYSTEMPATH\View\View.php(231): CodeIgniter\View\View->CodeIgniter\View\{closure}()
 7 SYSTEMPATH\View\View.php(244): CodeIgniter\View\View->render('public_layout', [], true)
 8 SYSTEMPATH\Common.php(1190): CodeIgniter\View\View->render('home', [], true)
 9 APPPATH\Controllers\Home.php(14): view('home', [...])
10 SYSTEMPATH\CodeIgniter.php(942): App\Controllers\Home->home()
11 SYSTEMPATH\CodeIgniter.php(502): CodeIgniter\CodeIgniter->runController(Object(App\Controllers\Home))
12 SYSTEMPATH\CodeIgniter.php(361): CodeIgniter\CodeIgniter->handleRequest(null, Object(Config\Cache), false)
13 FCPATH\index.php(79): CodeIgniter\CodeIgniter->run()
CRITICAL - 2023-12-31 07:12:57 --> count(): Argument #1 ($value) must be of type Countable|array, string given
in APPPATH\Views\navbar.php on line 15.
 1 SYSTEMPATH\View\View.php(228): include()
 2 SYSTEMPATH\View\View.php(231): CodeIgniter\View\View->CodeIgniter\View\{closure}()
 3 SYSTEMPATH\View\View.php(469): CodeIgniter\View\View->render('navbar', null, true)
 4 APPPATH\Views\public_layout.php(13): CodeIgniter\View\View->include('navbar')
 5 SYSTEMPATH\View\View.php(228): include('C:\\xampp\\htdocs\\cake_shop\\app\\Views\\public_layout.php')
 6 SYSTEMPATH\View\View.php(231): CodeIgniter\View\View->CodeIgniter\View\{closure}()
 7 SYSTEMPATH\View\View.php(244): CodeIgniter\View\View->render('public_layout', [], true)
 8 SYSTEMPATH\Common.php(1190): CodeIgniter\View\View->render('home', [], true)
 9 APPPATH\Controllers\Home.php(14): view('home', [...])
10 SYSTEMPATH\CodeIgniter.php(942): App\Controllers\Home->home()
11 SYSTEMPATH\CodeIgniter.php(502): CodeIgniter\CodeIgniter->runController(Object(App\Controllers\Home))
12 SYSTEMPATH\CodeIgniter.php(361): CodeIgniter\CodeIgniter->handleRequest(null, Object(Config\Cache), false)
13 FCPATH\index.php(79): CodeIgniter\CodeIgniter->run()
CRITICAL - 2023-12-31 07:13:21 --> count(): Argument #1 ($value) must be of type Countable|array, string given
in APPPATH\Views\navbar.php on line 15.
 1 SYSTEMPATH\View\View.php(228): include()
 2 SYSTEMPATH\View\View.php(231): CodeIgniter\View\View->CodeIgniter\View\{closure}()
 3 SYSTEMPATH\View\View.php(469): CodeIgniter\View\View->render('navbar', null, true)
 4 APPPATH\Views\public_layout.php(13): CodeIgniter\View\View->include('navbar')
 5 SYSTEMPATH\View\View.php(228): include('C:\\xampp\\htdocs\\cake_shop\\app\\Views\\public_layout.php')
 6 SYSTEMPATH\View\View.php(231): CodeIgniter\View\View->CodeIgniter\View\{closure}()
 7 SYSTEMPATH\View\View.php(244): CodeIgniter\View\View->render('public_layout', [], true)
 8 SYSTEMPATH\Common.php(1190): CodeIgniter\View\View->render('home', [], true)
 9 APPPATH\Controllers\Home.php(14): view('home', [...])
10 SYSTEMPATH\CodeIgniter.php(942): App\Controllers\Home->home()
11 SYSTEMPATH\CodeIgniter.php(502): CodeIgniter\CodeIgniter->runController(Object(App\Controllers\Home))
12 SYSTEMPATH\CodeIgniter.php(361): CodeIgniter\CodeIgniter->handleRequest(null, Object(Config\Cache), false)
13 FCPATH\index.php(79): CodeIgniter\CodeIgniter->run()
CRITICAL - 2023-12-31 07:13:41 --> Uninitialized string offset 0
in APPPATH\Views\navbar.php on line 15.
 1 APPPATH\Views\navbar.php(15): CodeIgniter\Debug\Exceptions->errorHandler(2, 'Uninitialized string offset 0', 'C:\\xampp\\htdocs\\cake_shop\\app\\Views\\navbar.php', 15)
 2 SYSTEMPATH\View\View.php(228): include('C:\\xampp\\htdocs\\cake_shop\\app\\Views\\navbar.php')
 3 SYSTEMPATH\View\View.php(231): CodeIgniter\View\View->CodeIgniter\View\{closure}()
 4 SYSTEMPATH\View\View.php(469): CodeIgniter\View\View->render('navbar', null, true)
 5 APPPATH\Views\public_layout.php(13): CodeIgniter\View\View->include('navbar')
 6 SYSTEMPATH\View\View.php(228): include('C:\\xampp\\htdocs\\cake_shop\\app\\Views\\public_layout.php')
 7 SYSTEMPATH\View\View.php(231): CodeIgniter\View\View->CodeIgniter\View\{closure}()
 8 SYSTEMPATH\View\View.php(244): CodeIgniter\View\View->render('public_layout', [], true)
 9 SYSTEMPATH\Common.php(1190): CodeIgniter\View\View->render('home', [], true)
10 APPPATH\Controllers\Home.php(14): view('home', [...])
11 SYSTEMPATH\CodeIgniter.php(942): App\Controllers\Home->home()
12 SYSTEMPATH\CodeIgniter.php(502): CodeIgniter\CodeIgniter->runController(Object(App\Controllers\Home))
13 SYSTEMPATH\CodeIgniter.php(361): CodeIgniter\CodeIgniter->handleRequest(null, Object(Config\Cache), false)
14 FCPATH\index.php(79): CodeIgniter\CodeIgniter->run()
CRITICAL - 2023-12-31 07:14:20 --> Undefined constant "count"
in APPPATH\Views\navbar.php on line 58.
 1 SYSTEMPATH\View\View.php(228): include()
 2 SYSTEMPATH\View\View.php(231): CodeIgniter\View\View->CodeIgniter\View\{closure}()
 3 SYSTEMPATH\View\View.php(469): CodeIgniter\View\View->render('navbar', null, true)
 4 APPPATH\Views\public_layout.php(13): CodeIgniter\View\View->include('navbar')
 5 SYSTEMPATH\View\View.php(228): include('C:\\xampp\\htdocs\\cake_shop\\app\\Views\\public_layout.php')
 6 SYSTEMPATH\View\View.php(231): CodeIgniter\View\View->CodeIgniter\View\{closure}()
 7 SYSTEMPATH\View\View.php(244): CodeIgniter\View\View->render('public_layout', [], true)
 8 SYSTEMPATH\Common.php(1190): CodeIgniter\View\View->render('home', [], true)
 9 APPPATH\Controllers\Home.php(14): view('home', [...])
10 SYSTEMPATH\CodeIgniter.php(942): App\Controllers\Home->home()
11 SYSTEMPATH\CodeIgniter.php(502): CodeIgniter\CodeIgniter->runController(Object(App\Controllers\Home))
12 SYSTEMPATH\CodeIgniter.php(361): CodeIgniter\CodeIgniter->handleRequest(null, Object(Config\Cache), false)
13 FCPATH\index.php(79): CodeIgniter\CodeIgniter->run()
CRITICAL - 2023-12-31 07:14:22 --> Undefined constant "count"
in APPPATH\Views\navbar.php on line 58.
 1 SYSTEMPATH\View\View.php(228): include()
 2 SYSTEMPATH\View\View.php(231): CodeIgniter\View\View->CodeIgniter\View\{closure}()
 3 SYSTEMPATH\View\View.php(469): CodeIgniter\View\View->render('navbar', null, true)
 4 APPPATH\Views\public_layout.php(13): CodeIgniter\View\View->include('navbar')
 5 SYSTEMPATH\View\View.php(228): include('C:\\xampp\\htdocs\\cake_shop\\app\\Views\\public_layout.php')
 6 SYSTEMPATH\View\View.php(231): CodeIgniter\View\View->CodeIgniter\View\{closure}()
 7 SYSTEMPATH\View\View.php(244): CodeIgniter\View\View->render('public_layout', [], true)
 8 SYSTEMPATH\Common.php(1190): CodeIgniter\View\View->render('home', [], true)
 9 APPPATH\Controllers\Home.php(14): view('home', [...])
10 SYSTEMPATH\CodeIgniter.php(942): App\Controllers\Home->home()
11 SYSTEMPATH\CodeIgniter.php(502): CodeIgniter\CodeIgniter->runController(Object(App\Controllers\Home))
12 SYSTEMPATH\CodeIgniter.php(361): CodeIgniter\CodeIgniter->handleRequest(null, Object(Config\Cache), false)
13 FCPATH\index.php(79): CodeIgniter\CodeIgniter->run()
CRITICAL - 2023-12-31 07:14:23 --> Undefined constant "count"
in APPPATH\Views\navbar.php on line 58.
 1 SYSTEMPATH\View\View.php(228): include()
 2 SYSTEMPATH\View\View.php(231): CodeIgniter\View\View->CodeIgniter\View\{closure}()
 3 SYSTEMPATH\View\View.php(469): CodeIgniter\View\View->render('navbar', null, true)
 4 APPPATH\Views\public_layout.php(13): CodeIgniter\View\View->include('navbar')
 5 SYSTEMPATH\View\View.php(228): include('C:\\xampp\\htdocs\\cake_shop\\app\\Views\\public_layout.php')
 6 SYSTEMPATH\View\View.php(231): CodeIgniter\View\View->CodeIgniter\View\{closure}()
 7 SYSTEMPATH\View\View.php(244): CodeIgniter\View\View->render('public_layout', [], true)
 8 SYSTEMPATH\Common.php(1190): CodeIgniter\View\View->render('login', [], true)
 9 APPPATH\Controllers\Home.php(65): view('login')
10 SYSTEMPATH\CodeIgniter.php(942): App\Controllers\Home->login()
11 SYSTEMPATH\CodeIgniter.php(502): CodeIgniter\CodeIgniter->runController(Object(App\Controllers\Home))
12 SYSTEMPATH\CodeIgniter.php(361): CodeIgniter\CodeIgniter->handleRequest(null, Object(Config\Cache), false)
13 FCPATH\index.php(79): CodeIgniter\CodeIgniter->run()
CRITICAL - 2023-12-31 07:14:24 --> Undefined constant "count"
in APPPATH\Views\navbar.php on line 58.
 1 SYSTEMPATH\View\View.php(228): include()
 2 SYSTEMPATH\View\View.php(231): CodeIgniter\View\View->CodeIgniter\View\{closure}()
 3 SYSTEMPATH\View\View.php(469): CodeIgniter\View\View->render('navbar', null, true)
 4 APPPATH\Views\public_layout.php(13): CodeIgniter\View\View->include('navbar')
 5 SYSTEMPATH\View\View.php(228): include('C:\\xampp\\htdocs\\cake_shop\\app\\Views\\public_layout.php')
 6 SYSTEMPATH\View\View.php(231): CodeIgniter\View\View->CodeIgniter\View\{closure}()
 7 SYSTEMPATH\View\View.php(244): CodeIgniter\View\View->render('public_layout', [], true)
 8 SYSTEMPATH\Common.php(1190): CodeIgniter\View\View->render('home', [], true)
 9 APPPATH\Controllers\Home.php(14): view('home', [...])
10 SYSTEMPATH\CodeIgniter.php(942): App\Controllers\Home->home()
11 SYSTEMPATH\CodeIgniter.php(502): CodeIgniter\CodeIgniter->runController(Object(App\Controllers\Home))
12 SYSTEMPATH\CodeIgniter.php(361): CodeIgniter\CodeIgniter->handleRequest(null, Object(Config\Cache), false)
13 FCPATH\index.php(79): CodeIgniter\CodeIgniter->run()
CRITICAL - 2023-12-31 07:14:26 --> Undefined constant "count"
in APPPATH\Views\navbar.php on line 58.
 1 SYSTEMPATH\View\View.php(228): include()
 2 SYSTEMPATH\View\View.php(231): CodeIgniter\View\View->CodeIgniter\View\{closure}()
 3 SYSTEMPATH\View\View.php(469): CodeIgniter\View\View->render('navbar', null, true)
 4 APPPATH\Views\public_layout.php(13): CodeIgniter\View\View->include('navbar')
 5 SYSTEMPATH\View\View.php(228): include('C:\\xampp\\htdocs\\cake_shop\\app\\Views\\public_layout.php')
 6 SYSTEMPATH\View\View.php(231): CodeIgniter\View\View->CodeIgniter\View\{closure}()
 7 SYSTEMPATH\View\View.php(244): CodeIgniter\View\View->render('public_layout', [], true)
 8 SYSTEMPATH\Common.php(1190): CodeIgniter\View\View->render('home', [], true)
 9 APPPATH\Controllers\Home.php(14): view('home', [...])
10 SYSTEMPATH\CodeIgniter.php(942): App\Controllers\Home->home()
11 SYSTEMPATH\CodeIgniter.php(502): CodeIgniter\CodeIgniter->runController(Object(App\Controllers\Home))
12 SYSTEMPATH\CodeIgniter.php(361): CodeIgniter\CodeIgniter->handleRequest(null, Object(Config\Cache), false)
13 FCPATH\index.php(79): CodeIgniter\CodeIgniter->run()
CRITICAL - 2023-12-31 07:18:30 --> count(): Argument #1 ($value) must be of type Countable|array, string given
in APPPATH\Views\navbar.php on line 15.
 1 SYSTEMPATH\View\View.php(228): include()
 2 SYSTEMPATH\View\View.php(231): CodeIgniter\View\View->CodeIgniter\View\{closure}()
 3 SYSTEMPATH\View\View.php(469): CodeIgniter\View\View->render('navbar', null, true)
 4 APPPATH\Views\public_layout.php(13): CodeIgniter\View\View->include('navbar')
 5 SYSTEMPATH\View\View.php(228): include('C:\\xampp\\htdocs\\cake_shop\\app\\Views\\public_layout.php')
 6 SYSTEMPATH\View\View.php(231): CodeIgniter\View\View->CodeIgniter\View\{closure}()
 7 SYSTEMPATH\View\View.php(244): CodeIgniter\View\View->render('public_layout', [], true)
 8 SYSTEMPATH\Common.php(1190): CodeIgniter\View\View->render('home', [], true)
 9 APPPATH\Controllers\Home.php(14): view('home', [...])
10 SYSTEMPATH\CodeIgniter.php(942): App\Controllers\Home->home()
11 SYSTEMPATH\CodeIgniter.php(502): CodeIgniter\CodeIgniter->runController(Object(App\Controllers\Home))
12 SYSTEMPATH\CodeIgniter.php(361): CodeIgniter\CodeIgniter->handleRequest(null, Object(Config\Cache), false)
13 FCPATH\index.php(79): CodeIgniter\CodeIgniter->run()
CRITICAL - 2023-12-31 07:18:32 --> count(): Argument #1 ($value) must be of type Countable|array, string given
in APPPATH\Views\navbar.php on line 15.
 1 SYSTEMPATH\View\View.php(228): include()
 2 SYSTEMPATH\View\View.php(231): CodeIgniter\View\View->CodeIgniter\View\{closure}()
 3 SYSTEMPATH\View\View.php(469): CodeIgniter\View\View->render('navbar', null, true)
 4 APPPATH\Views\public_layout.php(13): CodeIgniter\View\View->include('navbar')
 5 SYSTEMPATH\View\View.php(228): include('C:\\xampp\\htdocs\\cake_shop\\app\\Views\\public_layout.php')
 6 SYSTEMPATH\View\View.php(231): CodeIgniter\View\View->CodeIgniter\View\{closure}()
 7 SYSTEMPATH\View\View.php(244): CodeIgniter\View\View->render('public_layout', [], true)
 8 SYSTEMPATH\Common.php(1190): CodeIgniter\View\View->render('home', [], true)
 9 APPPATH\Controllers\Home.php(14): view('home', [...])
10 SYSTEMPATH\CodeIgniter.php(942): App\Controllers\Home->home()
11 SYSTEMPATH\CodeIgniter.php(502): CodeIgniter\CodeIgniter->runController(Object(App\Controllers\Home))
12 SYSTEMPATH\CodeIgniter.php(361): CodeIgniter\CodeIgniter->handleRequest(null, Object(Config\Cache), false)
13 FCPATH\index.php(79): CodeIgniter\CodeIgniter->run()
CRITICAL - 2023-12-31 07:18:33 --> count(): Argument #1 ($value) must be of type Countable|array, string given
in APPPATH\Views\navbar.php on line 15.
 1 SYSTEMPATH\View\View.php(228): include()
 2 SYSTEMPATH\View\View.php(231): CodeIgniter\View\View->CodeIgniter\View\{closure}()
 3 SYSTEMPATH\View\View.php(469): CodeIgniter\View\View->render('navbar', null, true)
 4 APPPATH\Views\public_layout.php(13): CodeIgniter\View\View->include('navbar')
 5 SYSTEMPATH\View\View.php(228): include('C:\\xampp\\htdocs\\cake_shop\\app\\Views\\public_layout.php')
 6 SYSTEMPATH\View\View.php(231): CodeIgniter\View\View->CodeIgniter\View\{closure}()
 7 SYSTEMPATH\View\View.php(244): CodeIgniter\View\View->render('public_layout', [], true)
 8 SYSTEMPATH\Common.php(1190): CodeIgniter\View\View->render('home', [], true)
 9 APPPATH\Controllers\Home.php(14): view('home', [...])
10 SYSTEMPATH\CodeIgniter.php(942): App\Controllers\Home->home()
11 SYSTEMPATH\CodeIgniter.php(502): CodeIgniter\CodeIgniter->runController(Object(App\Controllers\Home))
12 SYSTEMPATH\CodeIgniter.php(361): CodeIgniter\CodeIgniter->handleRequest(null, Object(Config\Cache), false)
13 FCPATH\index.php(79): CodeIgniter\CodeIgniter->run()
CRITICAL - 2023-12-31 07:18:34 --> count(): Argument #1 ($value) must be of type Countable|array, string given
in APPPATH\Views\navbar.php on line 15.
 1 SYSTEMPATH\View\View.php(228): include()
 2 SYSTEMPATH\View\View.php(231): CodeIgniter\View\View->CodeIgniter\View\{closure}()
 3 SYSTEMPATH\View\View.php(469): CodeIgniter\View\View->render('navbar', null, true)
 4 APPPATH\Views\public_layout.php(13): CodeIgniter\View\View->include('navbar')
 5 SYSTEMPATH\View\View.php(228): include('C:\\xampp\\htdocs\\cake_shop\\app\\Views\\public_layout.php')
 6 SYSTEMPATH\View\View.php(231): CodeIgniter\View\View->CodeIgniter\View\{closure}()
 7 SYSTEMPATH\View\View.php(244): CodeIgniter\View\View->render('public_layout', [], true)
 8 SYSTEMPATH\Common.php(1190): CodeIgniter\View\View->render('login', [], true)
 9 APPPATH\Controllers\Home.php(65): view('login')
10 SYSTEMPATH\CodeIgniter.php(942): App\Controllers\Home->login()
11 SYSTEMPATH\CodeIgniter.php(502): CodeIgniter\CodeIgniter->runController(Object(App\Controllers\Home))
12 SYSTEMPATH\CodeIgniter.php(361): CodeIgniter\CodeIgniter->handleRequest(null, Object(Config\Cache), false)
13 FCPATH\index.php(79): CodeIgniter\CodeIgniter->run()
CRITICAL - 2023-12-31 07:18:36 --> count(): Argument #1 ($value) must be of type Countable|array, string given
in APPPATH\Views\navbar.php on line 15.
 1 SYSTEMPATH\View\View.php(228): include()
 2 SYSTEMPATH\View\View.php(231): CodeIgniter\View\View->CodeIgniter\View\{closure}()
 3 SYSTEMPATH\View\View.php(469): CodeIgniter\View\View->render('navbar', null, true)
 4 APPPATH\Views\public_layout.php(13): CodeIgniter\View\View->include('navbar')
 5 SYSTEMPATH\View\View.php(228): include('C:\\xampp\\htdocs\\cake_shop\\app\\Views\\public_layout.php')
 6 SYSTEMPATH\View\View.php(231): CodeIgniter\View\View->CodeIgniter\View\{closure}()
 7 SYSTEMPATH\View\View.php(244): CodeIgniter\View\View->render('public_layout', [], true)
 8 SYSTEMPATH\Common.php(1190): CodeIgniter\View\View->render('home', [], true)
 9 APPPATH\Controllers\Home.php(14): view('home', [...])
10 SYSTEMPATH\CodeIgniter.php(942): App\Controllers\Home->home()
11 SYSTEMPATH\CodeIgniter.php(502): CodeIgniter\CodeIgniter->runController(Object(App\Controllers\Home))
12 SYSTEMPATH\CodeIgniter.php(361): CodeIgniter\CodeIgniter->handleRequest(null, Object(Config\Cache), false)
13 FCPATH\index.php(79): CodeIgniter\CodeIgniter->run()
CRITICAL - 2023-12-31 07:20:24 --> count(): Argument #1 ($value) must be of type Countable|array, string given
in APPPATH\Views\navbar.php on line 15.
 1 SYSTEMPATH\View\View.php(228): include()
 2 SYSTEMPATH\View\View.php(231): CodeIgniter\View\View->CodeIgniter\View\{closure}()
 3 SYSTEMPATH\View\View.php(469): CodeIgniter\View\View->render('navbar', null, true)
 4 APPPATH\Views\public_layout.php(13): CodeIgniter\View\View->include('navbar')
 5 SYSTEMPATH\View\View.php(228): include('C:\\xampp\\htdocs\\cake_shop\\app\\Views\\public_layout.php')
 6 SYSTEMPATH\View\View.php(231): CodeIgniter\View\View->CodeIgniter\View\{closure}()
 7 SYSTEMPATH\View\View.php(244): CodeIgniter\View\View->render('public_layout', [], true)
 8 SYSTEMPATH\Common.php(1190): CodeIgniter\View\View->render('home', [], true)
 9 APPPATH\Controllers\Home.php(14): view('home', [...])
10 SYSTEMPATH\CodeIgniter.php(942): App\Controllers\Home->home()
11 SYSTEMPATH\CodeIgniter.php(502): CodeIgniter\CodeIgniter->runController(Object(App\Controllers\Home))
12 SYSTEMPATH\CodeIgniter.php(361): CodeIgniter\CodeIgniter->handleRequest(null, Object(Config\Cache), false)
13 FCPATH\index.php(79): CodeIgniter\CodeIgniter->run()
CRITICAL - 2023-12-31 07:20:52 --> count(): Argument #1 ($value) must be of type Countable|array, string given
in APPPATH\Views\navbar.php on line 16.
 1 SYSTEMPATH\View\View.php(228): include()
 2 SYSTEMPATH\View\View.php(231): CodeIgniter\View\View->CodeIgniter\View\{closure}()
 3 SYSTEMPATH\View\View.php(469): CodeIgniter\View\View->render('navbar', null, true)
 4 APPPATH\Views\public_layout.php(13): CodeIgniter\View\View->include('navbar')
 5 SYSTEMPATH\View\View.php(228): include('C:\\xampp\\htdocs\\cake_shop\\app\\Views\\public_layout.php')
 6 SYSTEMPATH\View\View.php(231): CodeIgniter\View\View->CodeIgniter\View\{closure}()
 7 SYSTEMPATH\View\View.php(244): CodeIgniter\View\View->render('public_layout', [], true)
 8 SYSTEMPATH\Common.php(1190): CodeIgniter\View\View->render('home', [], true)
 9 APPPATH\Controllers\Home.php(14): view('home', [...])
10 SYSTEMPATH\CodeIgniter.php(942): App\Controllers\Home->home()
11 SYSTEMPATH\CodeIgniter.php(502): CodeIgniter\CodeIgniter->runController(Object(App\Controllers\Home))
12 SYSTEMPATH\CodeIgniter.php(361): CodeIgniter\CodeIgniter->handleRequest(null, Object(Config\Cache), false)
13 FCPATH\index.php(79): CodeIgniter\CodeIgniter->run()
CRITICAL - 2023-12-31 07:21:19 --> Array to string conversion
in APPPATH\Views\navbar.php on line 58.
 1 APPPATH\Views\navbar.php(58): CodeIgniter\Debug\Exceptions->errorHandler(2, 'Array to string conversion', 'C:\\xampp\\htdocs\\cake_shop\\app\\Views\\navbar.php', 58)
 2 SYSTEMPATH\View\View.php(228): include('C:\\xampp\\htdocs\\cake_shop\\app\\Views\\navbar.php')
 3 SYSTEMPATH\View\View.php(231): CodeIgniter\View\View->CodeIgniter\View\{closure}()
 4 SYSTEMPATH\View\View.php(469): CodeIgniter\View\View->render('navbar', null, true)
 5 APPPATH\Views\public_layout.php(13): CodeIgniter\View\View->include('navbar')
 6 SYSTEMPATH\View\View.php(228): include('C:\\xampp\\htdocs\\cake_shop\\app\\Views\\public_layout.php')
 7 SYSTEMPATH\View\View.php(231): CodeIgniter\View\View->CodeIgniter\View\{closure}()
 8 SYSTEMPATH\View\View.php(244): CodeIgniter\View\View->render('public_layout', [], true)
 9 SYSTEMPATH\Common.php(1190): CodeIgniter\View\View->render('home', [], true)
10 APPPATH\Controllers\Home.php(14): view('home', [...])
11 SYSTEMPATH\CodeIgniter.php(942): App\Controllers\Home->home()
12 SYSTEMPATH\CodeIgniter.php(502): CodeIgniter\CodeIgniter->runController(Object(App\Controllers\Home))
13 SYSTEMPATH\CodeIgniter.php(361): CodeIgniter\CodeIgniter->handleRequest(null, Object(Config\Cache), false)
14 FCPATH\index.php(79): CodeIgniter\CodeIgniter->run()
CRITICAL - 2023-12-31 07:31:38 --> Undefined variable $session
in APPPATH\Views\navbar.php on line 4.
 1 APPPATH\Views\navbar.php(4): CodeIgniter\Debug\Exceptions->errorHandler(2, 'Undefined variable $session', 'C:\\xampp\\htdocs\\cake_shop\\app\\Views\\navbar.php', 4)
 2 SYSTEMPATH\View\View.php(228): include('C:\\xampp\\htdocs\\cake_shop\\app\\Views\\navbar.php')
 3 SYSTEMPATH\View\View.php(231): CodeIgniter\View\View->CodeIgniter\View\{closure}()
 4 SYSTEMPATH\View\View.php(469): CodeIgniter\View\View->render('navbar', null, true)
 5 APPPATH\Views\public_layout.php(13): CodeIgniter\View\View->include('navbar')
 6 SYSTEMPATH\View\View.php(228): include('C:\\xampp\\htdocs\\cake_shop\\app\\Views\\public_layout.php')
 7 SYSTEMPATH\View\View.php(231): CodeIgniter\View\View->CodeIgniter\View\{closure}()
 8 SYSTEMPATH\View\View.php(244): CodeIgniter\View\View->render('public_layout', [], true)
 9 SYSTEMPATH\Common.php(1190): CodeIgniter\View\View->render('home', [], true)
10 APPPATH\Controllers\Home.php(14): view('home', [...])
11 SYSTEMPATH\CodeIgniter.php(942): App\Controllers\Home->home()
12 SYSTEMPATH\CodeIgniter.php(502): CodeIgniter\CodeIgniter->runController(Object(App\Controllers\Home))
13 SYSTEMPATH\CodeIgniter.php(361): CodeIgniter\CodeIgniter->handleRequest(null, Object(Config\Cache), false)
14 FCPATH\index.php(79): CodeIgniter\CodeIgniter->run()
CRITICAL - 2023-12-31 07:32:13 --> Undefined variable $session
in APPPATH\Views\navbar.php on line 5.
 1 APPPATH\Views\navbar.php(5): CodeIgniter\Debug\Exceptions->errorHandler(2, 'Undefined variable $session', 'C:\\xampp\\htdocs\\cake_shop\\app\\Views\\navbar.php', 5)
 2 SYSTEMPATH\View\View.php(228): include('C:\\xampp\\htdocs\\cake_shop\\app\\Views\\navbar.php')
 3 SYSTEMPATH\View\View.php(231): CodeIgniter\View\View->CodeIgniter\View\{closure}()
 4 SYSTEMPATH\View\View.php(469): CodeIgniter\View\View->render('navbar', null, true)
 5 APPPATH\Views\public_layout.php(13): CodeIgniter\View\View->include('navbar')
 6 SYSTEMPATH\View\View.php(228): include('C:\\xampp\\htdocs\\cake_shop\\app\\Views\\public_layout.php')
 7 SYSTEMPATH\View\View.php(231): CodeIgniter\View\View->CodeIgniter\View\{closure}()
 8 SYSTEMPATH\View\View.php(244): CodeIgniter\View\View->render('public_layout', [], true)
 9 SYSTEMPATH\Common.php(1190): CodeIgniter\View\View->render('home', [], true)
10 APPPATH\Controllers\Home.php(14): view('home', [...])
11 SYSTEMPATH\CodeIgniter.php(942): App\Controllers\Home->home()
12 SYSTEMPATH\CodeIgniter.php(502): CodeIgniter\CodeIgniter->runController(Object(App\Controllers\Home))
13 SYSTEMPATH\CodeIgniter.php(361): CodeIgniter\CodeIgniter->handleRequest(null, Object(Config\Cache), false)
14 FCPATH\index.php(79): CodeIgniter\CodeIgniter->run()
CRITICAL - 2023-12-31 07:33:02 --> Object of class App\Models\CartModel could not be converted to string
in APPPATH\Views\navbar.php on line 58.
 1 SYSTEMPATH\View\View.php(228): include()
 2 SYSTEMPATH\View\View.php(231): CodeIgniter\View\View->CodeIgniter\View\{closure}()
 3 SYSTEMPATH\View\View.php(469): CodeIgniter\View\View->render('navbar', null, true)
 4 APPPATH\Views\public_layout.php(13): CodeIgniter\View\View->include('navbar')
 5 SYSTEMPATH\View\View.php(228): include('C:\\xampp\\htdocs\\cake_shop\\app\\Views\\public_layout.php')
 6 SYSTEMPATH\View\View.php(231): CodeIgniter\View\View->CodeIgniter\View\{closure}()
 7 SYSTEMPATH\View\View.php(244): CodeIgniter\View\View->render('public_layout', [], true)
 8 SYSTEMPATH\Common.php(1190): CodeIgniter\View\View->render('home', [], true)
 9 APPPATH\Controllers\Home.php(14): view('home', [...])
10 SYSTEMPATH\CodeIgniter.php(942): App\Controllers\Home->home()
11 SYSTEMPATH\CodeIgniter.php(502): CodeIgniter\CodeIgniter->runController(Object(App\Controllers\Home))
12 SYSTEMPATH\CodeIgniter.php(361): CodeIgniter\CodeIgniter->handleRequest(null, Object(Config\Cache), false)
13 FCPATH\index.php(79): CodeIgniter\CodeIgniter->run()
CRITICAL - 2023-12-31 07:34:27 --> Call to undefined method App\Models\CartModel::count
in SYSTEMPATH\Model.php on line 873.
 1 APPPATH\Views\navbar.php(12): CodeIgniter\Model->__call('count', [])
 2 SYSTEMPATH\View\View.php(228): include('C:\\xampp\\htdocs\\cake_shop\\app\\Views\\navbar.php')
 3 SYSTEMPATH\View\View.php(231): CodeIgniter\View\View->CodeIgniter\View\{closure}()
 4 SYSTEMPATH\View\View.php(469): CodeIgniter\View\View->render('navbar', null, true)
 5 APPPATH\Views\public_layout.php(13): CodeIgniter\View\View->include('navbar')
 6 SYSTEMPATH\View\View.php(228): include('C:\\xampp\\htdocs\\cake_shop\\app\\Views\\public_layout.php')
 7 SYSTEMPATH\View\View.php(231): CodeIgniter\View\View->CodeIgniter\View\{closure}()
 8 SYSTEMPATH\View\View.php(244): CodeIgniter\View\View->render('public_layout', [], true)
 9 SYSTEMPATH\Common.php(1190): CodeIgniter\View\View->render('home', [], true)
10 APPPATH\Controllers\Home.php(14): view('home', [...])
11 SYSTEMPATH\CodeIgniter.php(942): App\Controllers\Home->home()
12 SYSTEMPATH\CodeIgniter.php(502): CodeIgniter\CodeIgniter->runController(Object(App\Controllers\Home))
13 SYSTEMPATH\CodeIgniter.php(361): CodeIgniter\CodeIgniter->handleRequest(null, Object(Config\Cache), false)
14 FCPATH\index.php(79): CodeIgniter\CodeIgniter->run()
ERROR - 2023-12-31 13:11:48 --> Error connecting to the database: mysqli_sql_exception: No connection could be made because the target machine actively refused it in C:\xampp\htdocs\cake_shop\system\Database\MySQLi\Connection.php:184
Stack trace:
#0 C:\xampp\htdocs\cake_shop\system\Database\MySQLi\Connection.php(184): mysqli->real_connect('localhost', 'root', Object(SensitiveParameterValue), 'shop', 3306, '', 0)
#1 C:\xampp\htdocs\cake_shop\system\Database\BaseConnection.php(392): CodeIgniter\Database\MySQLi\Connection->connect(false)
#2 C:\xampp\htdocs\cake_shop\system\Database\BaseConnection.php(575): CodeIgniter\Database\BaseConnection->initialize()
#3 C:\xampp\htdocs\cake_shop\system\Database\BaseBuilder.php(1615): CodeIgniter\Database\BaseConnection->query('SELECT *\nFROM `...', Array, false)
#4 C:\xampp\htdocs\cake_shop\system\Model.php(237): CodeIgniter\Database\BaseBuilder->get()
#5 C:\xampp\htdocs\cake_shop\system\BaseModel.php(624): CodeIgniter\Model->doFindAll(0, 0)
#6 C:\xampp\htdocs\cake_shop\app\Controllers\Home.php(13): CodeIgniter\BaseModel->findAll()
#7 C:\xampp\htdocs\cake_shop\system\CodeIgniter.php(942): App\Controllers\Home->home()
#8 C:\xampp\htdocs\cake_shop\system\CodeIgniter.php(502): CodeIgniter\CodeIgniter->runController(Object(App\Controllers\Home))
#9 C:\xampp\htdocs\cake_shop\system\CodeIgniter.php(361): CodeIgniter\CodeIgniter->handleRequest(NULL, Object(Config\Cache), false)
#10 C:\xampp\htdocs\cake_shop\index.php(79): CodeIgniter\CodeIgniter->run()
#11 {main}

Next CodeIgniter\Database\Exceptions\DatabaseException: No connection could be made because the target machine actively refused it in C:\xampp\htdocs\cake_shop\system\Database\MySQLi\Connection.php:229
Stack trace:
#0 C:\xampp\htdocs\cake_shop\system\Database\BaseConnection.php(392): CodeIgniter\Database\MySQLi\Connection->connect(false)
#1 C:\xampp\htdocs\cake_shop\system\Database\BaseConnection.php(575): CodeIgniter\Database\BaseConnection->initialize()
#2 C:\xampp\htdocs\cake_shop\system\Database\BaseBuilder.php(1615): CodeIgniter\Database\BaseConnection->query('SELECT *\nFROM `...', Array, false)
#3 C:\xampp\htdocs\cake_shop\system\Model.php(237): CodeIgniter\Database\BaseBuilder->get()
#4 C:\xampp\htdocs\cake_shop\system\BaseModel.php(624): CodeIgniter\Model->doFindAll(0, 0)
#5 C:\xampp\htdocs\cake_shop\app\Controllers\Home.php(13): CodeIgniter\BaseModel->findAll()
#6 C:\xampp\htdocs\cake_shop\system\CodeIgniter.php(942): App\Controllers\Home->home()
#7 C:\xampp\htdocs\cake_shop\system\CodeIgniter.php(502): CodeIgniter\CodeIgniter->runController(Object(App\Controllers\Home))
#8 C:\xampp\htdocs\cake_shop\system\CodeIgniter.php(361): CodeIgniter\CodeIgniter->handleRequest(NULL, Object(Config\Cache), false)
#9 C:\xampp\htdocs\cake_shop\index.php(79): CodeIgniter\CodeIgniter->run()
#10 {main}
CRITICAL - 2023-12-31 13:11:48 --> Unable to connect to the database.
Main connection [MySQLi]: No connection could be made because the target machine actively refused it
in SYSTEMPATH\Database\BaseConnection.php on line 428.
 1 SYSTEMPATH\Database\BaseConnection.php(575): CodeIgniter\Database\BaseConnection->initialize()
 2 SYSTEMPATH\Database\BaseBuilder.php(1615): CodeIgniter\Database\BaseConnection->query('SELECT *
FROM `products`', [], false)
 3 SYSTEMPATH\Model.php(237): CodeIgniter\Database\BaseBuilder->get()
 4 SYSTEMPATH\BaseModel.php(624): CodeIgniter\Model->doFindAll(0, 0)
 5 APPPATH\Controllers\Home.php(13): CodeIgniter\BaseModel->findAll()
 6 SYSTEMPATH\CodeIgniter.php(942): App\Controllers\Home->home()
 7 SYSTEMPATH\CodeIgniter.php(502): CodeIgniter\CodeIgniter->runController(Object(App\Controllers\Home))
 8 SYSTEMPATH\CodeIgniter.php(361): CodeIgniter\CodeIgniter->handleRequest(null, Object(Config\Cache), false)
 9 FCPATH\index.php(79): CodeIgniter\CodeIgniter->run()
