CRITICAL - 2023-12-24 10:39:00 --> View themes, no current section.
in SYSTEMPATH\View\View.php on line 425.
 1 APPPATH\Views\register.php(4): CodeIgniter\View\View->endSection()
 2 SYSTEMPATH\View\View.php(228): include('C:\\xampp\\htdocs\\cake_shop\\app\\Views\\register.php')
 3 SYSTEMPATH\View\View.php(231): CodeIgniter\View\View->CodeIgniter\View\{closure}()
 4 SYSTEMPATH\Common.php(1190): CodeIgniter\View\View->render('register', [], true)
 5 APPPATH\Controllers\Home.php(13): view('register')
 6 SYSTEMPATH\CodeIgniter.php(942): App\Controllers\Home->register()
 7 SYSTEMPATH\CodeIgniter.php(502): CodeIgniter\CodeIgniter->runController(Object(App\Controllers\Home))
 8 SYSTEMPATH\CodeIgniter.php(361): CodeIgniter\CodeIgniter->handleRequest(null, Object(Config\Cache), false)
 9 FCPATH\index.php(79): CodeIgniter\CodeIgniter->run()
CRITICAL - 2023-12-24 10:40:21 --> View themes, no current section.
in SYSTEMPATH\View\View.php on line 425.
 1 APPPATH\Views\register.php(4): CodeIgniter\View\View->endSection()
 2 SYSTEMPATH\View\View.php(228): include('C:\\xampp\\htdocs\\cake_shop\\app\\Views\\register.php')
 3 SYSTEMPATH\View\View.php(231): CodeIgniter\View\View->CodeIgniter\View\{closure}()
 4 SYSTEMPATH\Common.php(1190): CodeIgniter\View\View->render('register', [], true)
 5 APPPATH\Controllers\Home.php(13): view('register')
 6 SYSTEMPATH\CodeIgniter.php(942): App\Controllers\Home->register()
 7 SYSTEMPATH\CodeIgniter.php(502): CodeIgniter\CodeIgniter->runController(Object(App\Controllers\Home))
 8 SYSTEMPATH\CodeIgniter.php(361): CodeIgniter\CodeIgniter->handleRequest(null, Object(Config\Cache), false)
 9 FCPATH\index.php(79): CodeIgniter\CodeIgniter->run()
CRITICAL - 2023-12-24 10:45:02 --> Invalid file: "public-layout.php"
in SYSTEMPATH\Exceptions\FrameworkException.php on line 39.
 1 SYSTEMPATH\View\View.php(216): CodeIgniter\Exceptions\FrameworkException::forInvalidFile('public-layout.php')
 2 SYSTEMPATH\View\View.php(244): CodeIgniter\View\View->render('public-layout', [], true)
 3 SYSTEMPATH\Common.php(1190): CodeIgniter\View\View->render('register', [], true)
 4 APPPATH\Controllers\Home.php(13): view('register')
 5 SYSTEMPATH\CodeIgniter.php(942): App\Controllers\Home->register()
 6 SYSTEMPATH\CodeIgniter.php(502): CodeIgniter\CodeIgniter->runController(Object(App\Controllers\Home))
 7 SYSTEMPATH\CodeIgniter.php(361): CodeIgniter\CodeIgniter->handleRequest(null, Object(Config\Cache), false)
 8 FCPATH\index.php(79): CodeIgniter\CodeIgniter->run()
