CRITICAL - 2023-12-27 05:36:08 --> Call to undefined function display_form_errors()
in APPPATH\Views\register.php on line 20.
 1 SYSTEMPATH\View\View.php(228): include()
 2 SYSTEMPATH\View\View.php(231): CodeIgniter\View\View->CodeIgniter\View\{closure}()
 3 SYSTEMPATH\Common.php(1190): CodeIgniter\View\View->render('register', [], true)
 4 APPPATH\Controllers\Home.php(48): view('register', [...])
 5 SYSTEMPATH\CodeIgniter.php(942): App\Controllers\Home->register()
 6 SYSTEMPATH\CodeIgniter.php(502): CodeIgniter\CodeIgniter->runController(Object(App\Controllers\Home))
 7 SYSTEMPATH\CodeIgniter.php(361): CodeIgniter\CodeIgniter->handleRequest(null, Object(Config\Cache), false)
 8 FCPATH\index.php(79): CodeIgniter\CodeIgniter->run()
CRITICAL - 2023-12-27 05:36:09 --> Call to undefined function display_form_errors()
in APPPATH\Views\register.php on line 20.
 1 SYSTEMPATH\View\View.php(228): include()
 2 SYSTEMPATH\View\View.php(231): CodeIgniter\View\View->CodeIgniter\View\{closure}()
 3 SYSTEMPATH\Common.php(1190): CodeIgniter\View\View->render('register', [], true)
 4 APPPATH\Controllers\Home.php(48): view('register', [...])
 5 SYSTEMPATH\CodeIgniter.php(942): App\Controllers\Home->register()
 6 SYSTEMPATH\CodeIgniter.php(502): CodeIgniter\CodeIgniter->runController(Object(App\Controllers\Home))
 7 SYSTEMPATH\CodeIgniter.php(361): CodeIgniter\CodeIgniter->handleRequest(null, Object(Config\Cache), false)
 8 FCPATH\index.php(79): CodeIgniter\CodeIgniter->run()
CRITICAL - 2023-12-27 05:50:04 --> Call to undefined function display_form_errors()
in APPPATH\Views\register.php on line 20.
 1 SYSTEMPATH\View\View.php(228): include()
 2 SYSTEMPATH\View\View.php(231): CodeIgniter\View\View->CodeIgniter\View\{closure}()
 3 SYSTEMPATH\Common.php(1190): CodeIgniter\View\View->render('register', [], true)
 4 APPPATH\Controllers\Home.php(48): view('register', [...])
 5 SYSTEMPATH\CodeIgniter.php(942): App\Controllers\Home->register()
 6 SYSTEMPATH\CodeIgniter.php(502): CodeIgniter\CodeIgniter->runController(Object(App\Controllers\Home))
 7 SYSTEMPATH\CodeIgniter.php(361): CodeIgniter\CodeIgniter->handleRequest(null, Object(Config\Cache), false)
 8 FCPATH\index.php(79): CodeIgniter\CodeIgniter->run()
ERROR - 2023-12-27 06:08:30 --> mysqli_sql_exception: No database selected in C:\xampp\htdocs\cake_shop\system\Database\MySQLi\Connection.php:306
Stack trace:
#0 C:\xampp\htdocs\cake_shop\system\Database\MySQLi\Connection.php(306): mysqli->query('INSERT INTO `us...', 0)
#1 C:\xampp\htdocs\cake_shop\system\Database\BaseConnection.php(693): CodeIgniter\Database\MySQLi\Connection->execute('INSERT INTO `us...')
#2 C:\xampp\htdocs\cake_shop\system\Database\BaseConnection.php(607): CodeIgniter\Database\BaseConnection->simpleQuery('INSERT INTO `us...')
#3 C:\xampp\htdocs\cake_shop\system\Database\BaseBuilder.php(2308): CodeIgniter\Database\BaseConnection->query('INSERT INTO `us...', Array, false)
#4 C:\xampp\htdocs\cake_shop\system\Model.php(319): CodeIgniter\Database\BaseBuilder->insert()
#5 C:\xampp\htdocs\cake_shop\system\BaseModel.php(788): CodeIgniter\Model->doInsert(Array)
#6 C:\xampp\htdocs\cake_shop\system\Model.php(715): CodeIgniter\BaseModel->insert(Array, true)
#7 C:\xampp\htdocs\cake_shop\app\Controllers\Home.php(42): CodeIgniter\Model->insert(Array)
#8 C:\xampp\htdocs\cake_shop\system\CodeIgniter.php(942): App\Controllers\Home->register()
#9 C:\xampp\htdocs\cake_shop\system\CodeIgniter.php(502): CodeIgniter\CodeIgniter->runController(Object(App\Controllers\Home))
#10 C:\xampp\htdocs\cake_shop\system\CodeIgniter.php(361): CodeIgniter\CodeIgniter->handleRequest(NULL, Object(Config\Cache), false)
#11 C:\xampp\htdocs\cake_shop\index.php(79): CodeIgniter\CodeIgniter->run()
#12 {main}
CRITICAL - 2023-12-27 06:08:30 --> No database selected
in SYSTEMPATH\Database\BaseConnection.php on line 647.
 1 SYSTEMPATH\Database\BaseBuilder.php(2308): CodeIgniter\Database\BaseConnection->query('INSERT INTO `users` (`email`, `password`) VALUES (:email:, :password:)', [...], false)
 2 SYSTEMPATH\Model.php(319): CodeIgniter\Database\BaseBuilder->insert()
 3 SYSTEMPATH\BaseModel.php(788): CodeIgniter\Model->doInsert([...])
 4 SYSTEMPATH\Model.php(715): CodeIgniter\BaseModel->insert([...], true)
 5 APPPATH\Controllers\Home.php(42): CodeIgniter\Model->insert([...])
 6 SYSTEMPATH\CodeIgniter.php(942): App\Controllers\Home->register()
 7 SYSTEMPATH\CodeIgniter.php(502): CodeIgniter\CodeIgniter->runController(Object(App\Controllers\Home))
 8 SYSTEMPATH\CodeIgniter.php(361): CodeIgniter\CodeIgniter->handleRequest(null, Object(Config\Cache), false)
 9 FCPATH\index.php(79): CodeIgniter\CodeIgniter->run()
CRITICAL - 2023-12-27 07:17:50 --> Invalid file: "dashboard/user_dashboard.php"
in SYSTEMPATH\Exceptions\FrameworkException.php on line 39.
 1 SYSTEMPATH\View\View.php(216): CodeIgniter\Exceptions\FrameworkException::forInvalidFile('dashboard/user_dashboard.php')
 2 SYSTEMPATH\Common.php(1190): CodeIgniter\View\View->render('dashboard/user_dashboard', [], true)
 3 APPPATH\Controllers\DashboardController.php(10): view('dashboard/user_dashboard')
 4 SYSTEMPATH\CodeIgniter.php(942): App\Controllers\DashboardController->user_dashboard()
 5 SYSTEMPATH\CodeIgniter.php(502): CodeIgniter\CodeIgniter->runController(Object(App\Controllers\DashboardController))
 6 SYSTEMPATH\CodeIgniter.php(361): CodeIgniter\CodeIgniter->handleRequest(null, Object(Config\Cache), false)
 7 FCPATH\index.php(79): CodeIgniter\CodeIgniter->run()
CRITICAL - 2023-12-27 07:18:17 --> Invalid file: "user_dashboard.php"
in SYSTEMPATH\Exceptions\FrameworkException.php on line 39.
 1 SYSTEMPATH\View\View.php(216): CodeIgniter\Exceptions\FrameworkException::forInvalidFile('user_dashboard.php')
 2 SYSTEMPATH\Common.php(1190): CodeIgniter\View\View->render('user_dashboard', [], true)
 3 APPPATH\Controllers\DashboardController.php(10): view('user_dashboard')
 4 SYSTEMPATH\CodeIgniter.php(942): App\Controllers\DashboardController->user_dashboard()
 5 SYSTEMPATH\CodeIgniter.php(502): CodeIgniter\CodeIgniter->runController(Object(App\Controllers\DashboardController))
 6 SYSTEMPATH\CodeIgniter.php(361): CodeIgniter\CodeIgniter->handleRequest(null, Object(Config\Cache), false)
 7 FCPATH\index.php(79): CodeIgniter\CodeIgniter->run()
CRITICAL - 2023-12-27 07:19:02 --> Invalid file: "user_dashboard.php"
in SYSTEMPATH\Exceptions\FrameworkException.php on line 39.
 1 SYSTEMPATH\View\View.php(216): CodeIgniter\Exceptions\FrameworkException::forInvalidFile('user_dashboard.php')
 2 SYSTEMPATH\Common.php(1190): CodeIgniter\View\View->render('user_dashboard', [], true)
 3 APPPATH\Controllers\DashboardController.php(10): view('user_dashboard')
 4 SYSTEMPATH\CodeIgniter.php(942): App\Controllers\DashboardController->user_dashboard()
 5 SYSTEMPATH\CodeIgniter.php(502): CodeIgniter\CodeIgniter->runController(Object(App\Controllers\DashboardController))
 6 SYSTEMPATH\CodeIgniter.php(361): CodeIgniter\CodeIgniter->handleRequest(null, Object(Config\Cache), false)
 7 FCPATH\index.php(79): CodeIgniter\CodeIgniter->run()
CRITICAL - 2023-12-27 07:19:04 --> Invalid file: "user_dashboard.php"
in SYSTEMPATH\Exceptions\FrameworkException.php on line 39.
 1 SYSTEMPATH\View\View.php(216): CodeIgniter\Exceptions\FrameworkException::forInvalidFile('user_dashboard.php')
 2 SYSTEMPATH\Common.php(1190): CodeIgniter\View\View->render('user_dashboard', [], true)
 3 APPPATH\Controllers\DashboardController.php(10): view('user_dashboard')
 4 SYSTEMPATH\CodeIgniter.php(942): App\Controllers\DashboardController->user_dashboard()
 5 SYSTEMPATH\CodeIgniter.php(502): CodeIgniter\CodeIgniter->runController(Object(App\Controllers\DashboardController))
 6 SYSTEMPATH\CodeIgniter.php(361): CodeIgniter\CodeIgniter->handleRequest(null, Object(Config\Cache), false)
 7 FCPATH\index.php(79): CodeIgniter\CodeIgniter->run()
CRITICAL - 2023-12-27 07:59:22 --> Undefined variable $session
in APPPATH\Views\login.php on line 11.
 1 APPPATH\Views\login.php(11): CodeIgniter\Debug\Exceptions->errorHandler(2, 'Undefined variable $session', 'C:\\xampp\\htdocs\\cake_shop\\app\\Views\\login.php', 11)
 2 SYSTEMPATH\View\View.php(228): include('C:\\xampp\\htdocs\\cake_shop\\app\\Views\\login.php')
 3 SYSTEMPATH\View\View.php(231): CodeIgniter\View\View->CodeIgniter\View\{closure}()
 4 SYSTEMPATH\Common.php(1190): CodeIgniter\View\View->render('login', [], true)
 5 APPPATH\Controllers\Home.php(57): view('login')
 6 SYSTEMPATH\CodeIgniter.php(942): App\Controllers\Home->login()
 7 SYSTEMPATH\CodeIgniter.php(502): CodeIgniter\CodeIgniter->runController(Object(App\Controllers\Home))
 8 SYSTEMPATH\CodeIgniter.php(361): CodeIgniter\CodeIgniter->handleRequest(null, Object(Config\Cache), false)
 9 FCPATH\index.php(79): CodeIgniter\CodeIgniter->run()
CRITICAL - 2023-12-27 07:59:24 --> Undefined variable $session
in APPPATH\Views\login.php on line 11.
 1 APPPATH\Views\login.php(11): CodeIgniter\Debug\Exceptions->errorHandler(2, 'Undefined variable $session', 'C:\\xampp\\htdocs\\cake_shop\\app\\Views\\login.php', 11)
 2 SYSTEMPATH\View\View.php(228): include('C:\\xampp\\htdocs\\cake_shop\\app\\Views\\login.php')
 3 SYSTEMPATH\View\View.php(231): CodeIgniter\View\View->CodeIgniter\View\{closure}()
 4 SYSTEMPATH\Common.php(1190): CodeIgniter\View\View->render('login', [], true)
 5 APPPATH\Controllers\Home.php(57): view('login')
 6 SYSTEMPATH\CodeIgniter.php(942): App\Controllers\Home->login()
 7 SYSTEMPATH\CodeIgniter.php(502): CodeIgniter\CodeIgniter->runController(Object(App\Controllers\Home))
 8 SYSTEMPATH\CodeIgniter.php(361): CodeIgniter\CodeIgniter->handleRequest(null, Object(Config\Cache), false)
 9 FCPATH\index.php(79): CodeIgniter\CodeIgniter->run()
CRITICAL - 2023-12-27 07:59:27 --> Undefined variable $session
in APPPATH\Views\login.php on line 11.
 1 APPPATH\Views\login.php(11): CodeIgniter\Debug\Exceptions->errorHandler(2, 'Undefined variable $session', 'C:\\xampp\\htdocs\\cake_shop\\app\\Views\\login.php', 11)
 2 SYSTEMPATH\View\View.php(228): include('C:\\xampp\\htdocs\\cake_shop\\app\\Views\\login.php')
 3 SYSTEMPATH\View\View.php(231): CodeIgniter\View\View->CodeIgniter\View\{closure}()
 4 SYSTEMPATH\Common.php(1190): CodeIgniter\View\View->render('login', [], true)
 5 APPPATH\Controllers\Home.php(57): view('login')
 6 SYSTEMPATH\CodeIgniter.php(942): App\Controllers\Home->login()
 7 SYSTEMPATH\CodeIgniter.php(502): CodeIgniter\CodeIgniter->runController(Object(App\Controllers\Home))
 8 SYSTEMPATH\CodeIgniter.php(361): CodeIgniter\CodeIgniter->handleRequest(null, Object(Config\Cache), false)
 9 FCPATH\index.php(79): CodeIgniter\CodeIgniter->run()
CRITICAL - 2023-12-27 08:03:39 --> Invalid file: "<?= base_url() ?>login.php"
in SYSTEMPATH\Exceptions\FrameworkException.php on line 39.
 1 SYSTEMPATH\View\View.php(216): CodeIgniter\Exceptions\FrameworkException::forInvalidFile('<?= base_url() ?>login.php')
 2 SYSTEMPATH\Common.php(1190): CodeIgniter\View\View->render('<?= base_url() ?>login', [], true)
 3 APPPATH\Controllers\Home.php(57): view('<?= base_url() ?>login')
 4 SYSTEMPATH\CodeIgniter.php(942): App\Controllers\Home->login()
 5 SYSTEMPATH\CodeIgniter.php(502): CodeIgniter\CodeIgniter->runController(Object(App\Controllers\Home))
 6 SYSTEMPATH\CodeIgniter.php(361): CodeIgniter\CodeIgniter->handleRequest(null, Object(Config\Cache), false)
 7 FCPATH\index.php(79): CodeIgniter\CodeIgniter->run()
