CRITICAL - 2024-01-15 10:37:18 --> Cannot use object of type CodeIgniter\Router\RouteCollection as array
in APPPATH\Config\Routes.php on line 17.
 1 SYSTEMPATH\Router\RouteCollection.php(344): require()
 2 SYSTEMPATH\CodeIgniter.php(810): CodeIgniter\Router\RouteCollection->loadRoutes()
 3 SYSTEMPATH\CodeIgniter.php(450): CodeIgniter\CodeIgniter->tryToRouteIt(null)
 4 SYSTEMPATH\CodeIgniter.php(361): CodeIgniter\CodeIgniter->handleRequest(null, Object(Config\Cache), false)
 5 FCPATH\index.php(81): CodeIgniter\CodeIgniter->run()
CRITICAL - 2024-01-15 10:50:00 --> require_once(C:\xampp\htdocs\cake_shop\app\vendor/autoload.php): Failed to open stream: No such file or directory
in APPPATH\Controllers\Home.php on line 109.
 1 APPPATH\Controllers\Home.php(109): CodeIgniter\Debug\Exceptions->errorHandler(2, 'require_once(C:\\xampp\\htdocs\\cake_shop\\app\\vendor/autoload.php): Failed to open stream: No such file or directory', 'C:\\xampp\\htdocs\\cake_shop\\app\\Controllers\\Home.php', 109)
 2 APPPATH\Controllers\Home.php(109): require_once()
 3 SYSTEMPATH\CodeIgniter.php(914): App\Controllers\Home->__construct()
 4 SYSTEMPATH\CodeIgniter.php(493): CodeIgniter\CodeIgniter->createController()
 5 SYSTEMPATH\CodeIgniter.php(361): CodeIgniter\CodeIgniter->handleRequest(null, Object(Config\Cache), false)
 6 FCPATH\index.php(81): CodeIgniter\CodeIgniter->run()
CRITICAL - 2024-01-15 10:50:06 --> require_once(C:\xampp\htdocs\cake_shop\app\vendor/autoload.php): Failed to open stream: No such file or directory
in APPPATH\Controllers\Home.php on line 109.
 1 APPPATH\Controllers\Home.php(109): CodeIgniter\Debug\Exceptions->errorHandler(2, 'require_once(C:\\xampp\\htdocs\\cake_shop\\app\\vendor/autoload.php): Failed to open stream: No such file or directory', 'C:\\xampp\\htdocs\\cake_shop\\app\\Controllers\\Home.php', 109)
 2 APPPATH\Controllers\Home.php(109): require_once()
 3 SYSTEMPATH\CodeIgniter.php(914): App\Controllers\Home->__construct()
 4 SYSTEMPATH\CodeIgniter.php(493): CodeIgniter\CodeIgniter->createController()
 5 SYSTEMPATH\CodeIgniter.php(361): CodeIgniter\CodeIgniter->handleRequest(null, Object(Config\Cache), false)
 6 FCPATH\index.php(81): CodeIgniter\CodeIgniter->run()
CRITICAL - 2024-01-15 14:12:03 --> Undefined variable $final_price
in APPPATH\Views\dashboard\cart.php on line 88.
 1 APPPATH\Views\dashboard\cart.php(88): CodeIgniter\Debug\Exceptions->errorHandler(2, 'Undefined variable $final_price', 'C:\\xampp\\htdocs\\cake_shop\\app\\Views\\dashboard\\cart.php', 88)
 2 SYSTEMPATH\View\View.php(228): include('C:\\xampp\\htdocs\\cake_shop\\app\\Views\\dashboard\\cart.php')
 3 SYSTEMPATH\View\View.php(231): CodeIgniter\View\View->CodeIgniter\View\{closure}()
 4 SYSTEMPATH\Common.php(1190): CodeIgniter\View\View->render('dashboard/cart', [], true)
 5 APPPATH\Controllers\ProductController.php(196): view('dashboard/cart', [...])
 6 SYSTEMPATH\CodeIgniter.php(942): App\Controllers\ProductController->cart()
 7 SYSTEMPATH\CodeIgniter.php(502): CodeIgniter\CodeIgniter->runController(Object(App\Controllers\ProductController))
 8 SYSTEMPATH\CodeIgniter.php(361): CodeIgniter\CodeIgniter->handleRequest(null, Object(Config\Cache), false)
 9 FCPATH\index.php(81): CodeIgniter\CodeIgniter->run()
CRITICAL - 2024-01-15 14:14:47 --> Undefined variable $final_price
in APPPATH\Views\dashboard\cart.php on line 88.
 1 APPPATH\Views\dashboard\cart.php(88): CodeIgniter\Debug\Exceptions->errorHandler(2, 'Undefined variable $final_price', 'C:\\xampp\\htdocs\\cake_shop\\app\\Views\\dashboard\\cart.php', 88)
 2 SYSTEMPATH\View\View.php(228): include('C:\\xampp\\htdocs\\cake_shop\\app\\Views\\dashboard\\cart.php')
 3 SYSTEMPATH\View\View.php(231): CodeIgniter\View\View->CodeIgniter\View\{closure}()
 4 SYSTEMPATH\Common.php(1190): CodeIgniter\View\View->render('dashboard/cart', [], true)
 5 APPPATH\Controllers\ProductController.php(196): view('dashboard/cart', [...])
 6 SYSTEMPATH\CodeIgniter.php(942): App\Controllers\ProductController->cart()
 7 SYSTEMPATH\CodeIgniter.php(502): CodeIgniter\CodeIgniter->runController(Object(App\Controllers\ProductController))
 8 SYSTEMPATH\CodeIgniter.php(361): CodeIgniter\CodeIgniter->handleRequest(null, Object(Config\Cache), false)
 9 FCPATH\index.php(81): CodeIgniter\CodeIgniter->run()
CRITICAL - 2024-01-15 14:15:45 --> Undefined variable $final_price
in APPPATH\Views\dashboard\cart.php on line 88.
 1 APPPATH\Views\dashboard\cart.php(88): CodeIgniter\Debug\Exceptions->errorHandler(2, 'Undefined variable $final_price', 'C:\\xampp\\htdocs\\cake_shop\\app\\Views\\dashboard\\cart.php', 88)
 2 SYSTEMPATH\View\View.php(228): include('C:\\xampp\\htdocs\\cake_shop\\app\\Views\\dashboard\\cart.php')
 3 SYSTEMPATH\View\View.php(231): CodeIgniter\View\View->CodeIgniter\View\{closure}()
 4 SYSTEMPATH\Common.php(1190): CodeIgniter\View\View->render('dashboard/cart', [], true)
 5 APPPATH\Controllers\ProductController.php(196): view('dashboard/cart', [...])
 6 SYSTEMPATH\CodeIgniter.php(942): App\Controllers\ProductController->cart()
 7 SYSTEMPATH\CodeIgniter.php(502): CodeIgniter\CodeIgniter->runController(Object(App\Controllers\ProductController))
 8 SYSTEMPATH\CodeIgniter.php(361): CodeIgniter\CodeIgniter->handleRequest(null, Object(Config\Cache), false)
 9 FCPATH\index.php(81): CodeIgniter\CodeIgniter->run()
ERROR - 2024-01-15 15:10:23 --> mysqli_sql_exception: Unknown column 'username' in 'field list' in C:\xampp\htdocs\cake_shop\system\Database\MySQLi\Connection.php:306
Stack trace:
#0 C:\xampp\htdocs\cake_shop\system\Database\MySQLi\Connection.php(306): mysqli->query('INSERT INTO `sh...', 0)
#1 C:\xampp\htdocs\cake_shop\system\Database\BaseConnection.php(693): CodeIgniter\Database\MySQLi\Connection->execute('INSERT INTO `sh...')
#2 C:\xampp\htdocs\cake_shop\system\Database\BaseConnection.php(607): CodeIgniter\Database\BaseConnection->simpleQuery('INSERT INTO `sh...')
#3 C:\xampp\htdocs\cake_shop\system\Database\BaseBuilder.php(2308): CodeIgniter\Database\BaseConnection->query('INSERT INTO `sh...', Array, false)
#4 C:\xampp\htdocs\cake_shop\system\Model.php(319): CodeIgniter\Database\BaseBuilder->insert()
#5 C:\xampp\htdocs\cake_shop\system\BaseModel.php(788): CodeIgniter\Model->doInsert(Array)
#6 C:\xampp\htdocs\cake_shop\system\Model.php(715): CodeIgniter\BaseModel->insert(Array, false)
#7 C:\xampp\htdocs\cake_shop\system\BaseModel.php(698): CodeIgniter\Model->insert(Array, false)
#8 C:\xampp\htdocs\cake_shop\app\Controllers\ProductController.php(317): CodeIgniter\BaseModel->save(Array)
#9 C:\xampp\htdocs\cake_shop\system\CodeIgniter.php(942): App\Controllers\ProductController->addAddress()
#10 C:\xampp\htdocs\cake_shop\system\CodeIgniter.php(502): CodeIgniter\CodeIgniter->runController(Object(App\Controllers\ProductController))
#11 C:\xampp\htdocs\cake_shop\system\CodeIgniter.php(361): CodeIgniter\CodeIgniter->handleRequest(NULL, Object(Config\Cache), false)
#12 C:\xampp\htdocs\cake_shop\index.php(81): CodeIgniter\CodeIgniter->run()
#13 {main}
CRITICAL - 2024-01-15 15:10:23 --> Unknown column 'username' in 'field list'
in SYSTEMPATH\Database\BaseConnection.php on line 647.
 1 SYSTEMPATH\Database\BaseBuilder.php(2308): CodeIgniter\Database\BaseConnection->query('INSERT INTO `shipping` (`username`, `phone`, `email`, `user_id`) VALUES (:username:, :phone:, :email:, :user_id:)', [...], false)
 2 SYSTEMPATH\Model.php(319): CodeIgniter\Database\BaseBuilder->insert()
 3 SYSTEMPATH\BaseModel.php(788): CodeIgniter\Model->doInsert([...])
 4 SYSTEMPATH\Model.php(715): CodeIgniter\BaseModel->insert([...], false)
 5 SYSTEMPATH\BaseModel.php(698): CodeIgniter\Model->insert([...], false)
 6 APPPATH\Controllers\ProductController.php(317): CodeIgniter\BaseModel->save([...])
 7 SYSTEMPATH\CodeIgniter.php(942): App\Controllers\ProductController->addAddress()
 8 SYSTEMPATH\CodeIgniter.php(502): CodeIgniter\CodeIgniter->runController(Object(App\Controllers\ProductController))
 9 SYSTEMPATH\CodeIgniter.php(361): CodeIgniter\CodeIgniter->handleRequest(null, Object(Config\Cache), false)
10 FCPATH\index.php(81): CodeIgniter\CodeIgniter->run()
ERROR - 2024-01-15 15:13:08 --> mysqli_sql_exception: Unknown column 'username' in 'field list' in C:\xampp\htdocs\cake_shop\system\Database\MySQLi\Connection.php:306
Stack trace:
#0 C:\xampp\htdocs\cake_shop\system\Database\MySQLi\Connection.php(306): mysqli->query('INSERT INTO `sh...', 0)
#1 C:\xampp\htdocs\cake_shop\system\Database\BaseConnection.php(693): CodeIgniter\Database\MySQLi\Connection->execute('INSERT INTO `sh...')
#2 C:\xampp\htdocs\cake_shop\system\Database\BaseConnection.php(607): CodeIgniter\Database\BaseConnection->simpleQuery('INSERT INTO `sh...')
#3 C:\xampp\htdocs\cake_shop\system\Database\BaseBuilder.php(2308): CodeIgniter\Database\BaseConnection->query('INSERT INTO `sh...', Array, false)
#4 C:\xampp\htdocs\cake_shop\system\Model.php(319): CodeIgniter\Database\BaseBuilder->insert()
#5 C:\xampp\htdocs\cake_shop\system\BaseModel.php(788): CodeIgniter\Model->doInsert(Array)
#6 C:\xampp\htdocs\cake_shop\system\Model.php(715): CodeIgniter\BaseModel->insert(Array, false)
#7 C:\xampp\htdocs\cake_shop\system\BaseModel.php(698): CodeIgniter\Model->insert(Array, false)
#8 C:\xampp\htdocs\cake_shop\app\Controllers\ProductController.php(317): CodeIgniter\BaseModel->save(Array)
#9 C:\xampp\htdocs\cake_shop\system\CodeIgniter.php(942): App\Controllers\ProductController->addAddress()
#10 C:\xampp\htdocs\cake_shop\system\CodeIgniter.php(502): CodeIgniter\CodeIgniter->runController(Object(App\Controllers\ProductController))
#11 C:\xampp\htdocs\cake_shop\system\CodeIgniter.php(361): CodeIgniter\CodeIgniter->handleRequest(NULL, Object(Config\Cache), false)
#12 C:\xampp\htdocs\cake_shop\index.php(81): CodeIgniter\CodeIgniter->run()
#13 {main}
CRITICAL - 2024-01-15 15:13:08 --> Unknown column 'username' in 'field list'
in SYSTEMPATH\Database\BaseConnection.php on line 647.
 1 SYSTEMPATH\Database\BaseBuilder.php(2308): CodeIgniter\Database\BaseConnection->query('INSERT INTO `shipping` (`username`, `phone`, `email`, `user_id`) VALUES (:username:, :phone:, :email:, :user_id:)', [...], false)
 2 SYSTEMPATH\Model.php(319): CodeIgniter\Database\BaseBuilder->insert()
 3 SYSTEMPATH\BaseModel.php(788): CodeIgniter\Model->doInsert([...])
 4 SYSTEMPATH\Model.php(715): CodeIgniter\BaseModel->insert([...], false)
 5 SYSTEMPATH\BaseModel.php(698): CodeIgniter\Model->insert([...], false)
 6 APPPATH\Controllers\ProductController.php(317): CodeIgniter\BaseModel->save([...])
 7 SYSTEMPATH\CodeIgniter.php(942): App\Controllers\ProductController->addAddress()
 8 SYSTEMPATH\CodeIgniter.php(502): CodeIgniter\CodeIgniter->runController(Object(App\Controllers\ProductController))
 9 SYSTEMPATH\CodeIgniter.php(361): CodeIgniter\CodeIgniter->handleRequest(null, Object(Config\Cache), false)
10 FCPATH\index.php(81): CodeIgniter\CodeIgniter->run()
ERROR - 2024-01-15 15:15:08 --> mysqli_sql_exception: Unknown column 'username' in 'field list' in C:\xampp\htdocs\cake_shop\system\Database\MySQLi\Connection.php:306
Stack trace:
#0 C:\xampp\htdocs\cake_shop\system\Database\MySQLi\Connection.php(306): mysqli->query('INSERT INTO `sh...', 0)
#1 C:\xampp\htdocs\cake_shop\system\Database\BaseConnection.php(693): CodeIgniter\Database\MySQLi\Connection->execute('INSERT INTO `sh...')
#2 C:\xampp\htdocs\cake_shop\system\Database\BaseConnection.php(607): CodeIgniter\Database\BaseConnection->simpleQuery('INSERT INTO `sh...')
#3 C:\xampp\htdocs\cake_shop\system\Database\BaseBuilder.php(2308): CodeIgniter\Database\BaseConnection->query('INSERT INTO `sh...', Array, false)
#4 C:\xampp\htdocs\cake_shop\system\Model.php(319): CodeIgniter\Database\BaseBuilder->insert()
#5 C:\xampp\htdocs\cake_shop\system\BaseModel.php(788): CodeIgniter\Model->doInsert(Array)
#6 C:\xampp\htdocs\cake_shop\system\Model.php(715): CodeIgniter\BaseModel->insert(Array, false)
#7 C:\xampp\htdocs\cake_shop\system\BaseModel.php(698): CodeIgniter\Model->insert(Array, false)
#8 C:\xampp\htdocs\cake_shop\app\Controllers\ProductController.php(317): CodeIgniter\BaseModel->save(Array)
#9 C:\xampp\htdocs\cake_shop\system\CodeIgniter.php(942): App\Controllers\ProductController->addAddress()
#10 C:\xampp\htdocs\cake_shop\system\CodeIgniter.php(502): CodeIgniter\CodeIgniter->runController(Object(App\Controllers\ProductController))
#11 C:\xampp\htdocs\cake_shop\system\CodeIgniter.php(361): CodeIgniter\CodeIgniter->handleRequest(NULL, Object(Config\Cache), false)
#12 C:\xampp\htdocs\cake_shop\index.php(81): CodeIgniter\CodeIgniter->run()
#13 {main}
CRITICAL - 2024-01-15 15:15:08 --> Unknown column 'username' in 'field list'
in SYSTEMPATH\Database\BaseConnection.php on line 647.
 1 SYSTEMPATH\Database\BaseBuilder.php(2308): CodeIgniter\Database\BaseConnection->query('INSERT INTO `shipping` (`username`, `phone`, `email`, `user_id`) VALUES (:username:, :phone:, :email:, :user_id:)', [...], false)
 2 SYSTEMPATH\Model.php(319): CodeIgniter\Database\BaseBuilder->insert()
 3 SYSTEMPATH\BaseModel.php(788): CodeIgniter\Model->doInsert([...])
 4 SYSTEMPATH\Model.php(715): CodeIgniter\BaseModel->insert([...], false)
 5 SYSTEMPATH\BaseModel.php(698): CodeIgniter\Model->insert([...], false)
 6 APPPATH\Controllers\ProductController.php(317): CodeIgniter\BaseModel->save([...])
 7 SYSTEMPATH\CodeIgniter.php(942): App\Controllers\ProductController->addAddress()
 8 SYSTEMPATH\CodeIgniter.php(502): CodeIgniter\CodeIgniter->runController(Object(App\Controllers\ProductController))
 9 SYSTEMPATH\CodeIgniter.php(361): CodeIgniter\CodeIgniter->handleRequest(null, Object(Config\Cache), false)
10 FCPATH\index.php(81): CodeIgniter\CodeIgniter->run()
ERROR - 2024-01-15 15:15:56 --> mysqli_sql_exception: Unknown column 'username' in 'field list' in C:\xampp\htdocs\cake_shop\system\Database\MySQLi\Connection.php:306
Stack trace:
#0 C:\xampp\htdocs\cake_shop\system\Database\MySQLi\Connection.php(306): mysqli->query('INSERT INTO `sh...', 0)
#1 C:\xampp\htdocs\cake_shop\system\Database\BaseConnection.php(693): CodeIgniter\Database\MySQLi\Connection->execute('INSERT INTO `sh...')
#2 C:\xampp\htdocs\cake_shop\system\Database\BaseConnection.php(607): CodeIgniter\Database\BaseConnection->simpleQuery('INSERT INTO `sh...')
#3 C:\xampp\htdocs\cake_shop\system\Database\BaseBuilder.php(2308): CodeIgniter\Database\BaseConnection->query('INSERT INTO `sh...', Array, false)
#4 C:\xampp\htdocs\cake_shop\system\Model.php(319): CodeIgniter\Database\BaseBuilder->insert()
#5 C:\xampp\htdocs\cake_shop\system\BaseModel.php(788): CodeIgniter\Model->doInsert(Array)
#6 C:\xampp\htdocs\cake_shop\system\Model.php(715): CodeIgniter\BaseModel->insert(Array, false)
#7 C:\xampp\htdocs\cake_shop\system\BaseModel.php(698): CodeIgniter\Model->insert(Array, false)
#8 C:\xampp\htdocs\cake_shop\app\Controllers\ProductController.php(317): CodeIgniter\BaseModel->save(Array)
#9 C:\xampp\htdocs\cake_shop\system\CodeIgniter.php(942): App\Controllers\ProductController->addAddress()
#10 C:\xampp\htdocs\cake_shop\system\CodeIgniter.php(502): CodeIgniter\CodeIgniter->runController(Object(App\Controllers\ProductController))
#11 C:\xampp\htdocs\cake_shop\system\CodeIgniter.php(361): CodeIgniter\CodeIgniter->handleRequest(NULL, Object(Config\Cache), false)
#12 C:\xampp\htdocs\cake_shop\index.php(81): CodeIgniter\CodeIgniter->run()
#13 {main}
CRITICAL - 2024-01-15 15:15:56 --> Unknown column 'username' in 'field list'
in SYSTEMPATH\Database\BaseConnection.php on line 647.
 1 SYSTEMPATH\Database\BaseBuilder.php(2308): CodeIgniter\Database\BaseConnection->query('INSERT INTO `shipping` (`username`, `phone`, `email`, `user_id`) VALUES (:username:, :phone:, :email:, :user_id:)', [...], false)
 2 SYSTEMPATH\Model.php(319): CodeIgniter\Database\BaseBuilder->insert()
 3 SYSTEMPATH\BaseModel.php(788): CodeIgniter\Model->doInsert([...])
 4 SYSTEMPATH\Model.php(715): CodeIgniter\BaseModel->insert([...], false)
 5 SYSTEMPATH\BaseModel.php(698): CodeIgniter\Model->insert([...], false)
 6 APPPATH\Controllers\ProductController.php(317): CodeIgniter\BaseModel->save([...])
 7 SYSTEMPATH\CodeIgniter.php(942): App\Controllers\ProductController->addAddress()
 8 SYSTEMPATH\CodeIgniter.php(502): CodeIgniter\CodeIgniter->runController(Object(App\Controllers\ProductController))
 9 SYSTEMPATH\CodeIgniter.php(361): CodeIgniter\CodeIgniter->handleRequest(null, Object(Config\Cache), false)
10 FCPATH\index.php(81): CodeIgniter\CodeIgniter->run()
ERROR - 2024-01-15 15:19:05 --> mysqli_sql_exception: Unknown column 'username' in 'field list' in C:\xampp\htdocs\cake_shop\system\Database\MySQLi\Connection.php:306
Stack trace:
#0 C:\xampp\htdocs\cake_shop\system\Database\MySQLi\Connection.php(306): mysqli->query('INSERT INTO `sh...', 0)
#1 C:\xampp\htdocs\cake_shop\system\Database\BaseConnection.php(693): CodeIgniter\Database\MySQLi\Connection->execute('INSERT INTO `sh...')
#2 C:\xampp\htdocs\cake_shop\system\Database\BaseConnection.php(607): CodeIgniter\Database\BaseConnection->simpleQuery('INSERT INTO `sh...')
#3 C:\xampp\htdocs\cake_shop\system\Database\BaseBuilder.php(2308): CodeIgniter\Database\BaseConnection->query('INSERT INTO `sh...', Array, false)
#4 C:\xampp\htdocs\cake_shop\system\Model.php(319): CodeIgniter\Database\BaseBuilder->insert()
#5 C:\xampp\htdocs\cake_shop\system\BaseModel.php(788): CodeIgniter\Model->doInsert(Array)
#6 C:\xampp\htdocs\cake_shop\system\Model.php(715): CodeIgniter\BaseModel->insert(Array, false)
#7 C:\xampp\htdocs\cake_shop\system\BaseModel.php(698): CodeIgniter\Model->insert(Array, false)
#8 C:\xampp\htdocs\cake_shop\app\Controllers\ProductController.php(317): CodeIgniter\BaseModel->save(Array)
#9 C:\xampp\htdocs\cake_shop\system\CodeIgniter.php(942): App\Controllers\ProductController->addAddress()
#10 C:\xampp\htdocs\cake_shop\system\CodeIgniter.php(502): CodeIgniter\CodeIgniter->runController(Object(App\Controllers\ProductController))
#11 C:\xampp\htdocs\cake_shop\system\CodeIgniter.php(361): CodeIgniter\CodeIgniter->handleRequest(NULL, Object(Config\Cache), false)
#12 C:\xampp\htdocs\cake_shop\index.php(81): CodeIgniter\CodeIgniter->run()
#13 {main}
CRITICAL - 2024-01-15 15:19:05 --> Unknown column 'username' in 'field list'
in SYSTEMPATH\Database\BaseConnection.php on line 647.
 1 SYSTEMPATH\Database\BaseBuilder.php(2308): CodeIgniter\Database\BaseConnection->query('INSERT INTO `shipping` (`username`, `phone`, `email`, `user_id`) VALUES (:username:, :phone:, :email:, :user_id:)', [...], false)
 2 SYSTEMPATH\Model.php(319): CodeIgniter\Database\BaseBuilder->insert()
 3 SYSTEMPATH\BaseModel.php(788): CodeIgniter\Model->doInsert([...])
 4 SYSTEMPATH\Model.php(715): CodeIgniter\BaseModel->insert([...], false)
 5 SYSTEMPATH\BaseModel.php(698): CodeIgniter\Model->insert([...], false)
 6 APPPATH\Controllers\ProductController.php(317): CodeIgniter\BaseModel->save([...])
 7 SYSTEMPATH\CodeIgniter.php(942): App\Controllers\ProductController->addAddress()
 8 SYSTEMPATH\CodeIgniter.php(502): CodeIgniter\CodeIgniter->runController(Object(App\Controllers\ProductController))
 9 SYSTEMPATH\CodeIgniter.php(361): CodeIgniter\CodeIgniter->handleRequest(null, Object(Config\Cache), false)
10 FCPATH\index.php(81): CodeIgniter\CodeIgniter->run()
ERROR - 2024-01-15 15:19:08 --> mysqli_sql_exception: Unknown column 'username' in 'field list' in C:\xampp\htdocs\cake_shop\system\Database\MySQLi\Connection.php:306
Stack trace:
#0 C:\xampp\htdocs\cake_shop\system\Database\MySQLi\Connection.php(306): mysqli->query('INSERT INTO `sh...', 0)
#1 C:\xampp\htdocs\cake_shop\system\Database\BaseConnection.php(693): CodeIgniter\Database\MySQLi\Connection->execute('INSERT INTO `sh...')
#2 C:\xampp\htdocs\cake_shop\system\Database\BaseConnection.php(607): CodeIgniter\Database\BaseConnection->simpleQuery('INSERT INTO `sh...')
#3 C:\xampp\htdocs\cake_shop\system\Database\BaseBuilder.php(2308): CodeIgniter\Database\BaseConnection->query('INSERT INTO `sh...', Array, false)
#4 C:\xampp\htdocs\cake_shop\system\Model.php(319): CodeIgniter\Database\BaseBuilder->insert()
#5 C:\xampp\htdocs\cake_shop\system\BaseModel.php(788): CodeIgniter\Model->doInsert(Array)
#6 C:\xampp\htdocs\cake_shop\system\Model.php(715): CodeIgniter\BaseModel->insert(Array, false)
#7 C:\xampp\htdocs\cake_shop\system\BaseModel.php(698): CodeIgniter\Model->insert(Array, false)
#8 C:\xampp\htdocs\cake_shop\app\Controllers\ProductController.php(317): CodeIgniter\BaseModel->save(Array)
#9 C:\xampp\htdocs\cake_shop\system\CodeIgniter.php(942): App\Controllers\ProductController->addAddress()
#10 C:\xampp\htdocs\cake_shop\system\CodeIgniter.php(502): CodeIgniter\CodeIgniter->runController(Object(App\Controllers\ProductController))
#11 C:\xampp\htdocs\cake_shop\system\CodeIgniter.php(361): CodeIgniter\CodeIgniter->handleRequest(NULL, Object(Config\Cache), false)
#12 C:\xampp\htdocs\cake_shop\index.php(81): CodeIgniter\CodeIgniter->run()
#13 {main}
CRITICAL - 2024-01-15 15:19:08 --> Unknown column 'username' in 'field list'
in SYSTEMPATH\Database\BaseConnection.php on line 647.
 1 SYSTEMPATH\Database\BaseBuilder.php(2308): CodeIgniter\Database\BaseConnection->query('INSERT INTO `shipping` (`username`, `phone`, `email`, `user_id`) VALUES (:username:, :phone:, :email:, :user_id:)', [...], false)
 2 SYSTEMPATH\Model.php(319): CodeIgniter\Database\BaseBuilder->insert()
 3 SYSTEMPATH\BaseModel.php(788): CodeIgniter\Model->doInsert([...])
 4 SYSTEMPATH\Model.php(715): CodeIgniter\BaseModel->insert([...], false)
 5 SYSTEMPATH\BaseModel.php(698): CodeIgniter\Model->insert([...], false)
 6 APPPATH\Controllers\ProductController.php(317): CodeIgniter\BaseModel->save([...])
 7 SYSTEMPATH\CodeIgniter.php(942): App\Controllers\ProductController->addAddress()
 8 SYSTEMPATH\CodeIgniter.php(502): CodeIgniter\CodeIgniter->runController(Object(App\Controllers\ProductController))
 9 SYSTEMPATH\CodeIgniter.php(361): CodeIgniter\CodeIgniter->handleRequest(null, Object(Config\Cache), false)
10 FCPATH\index.php(81): CodeIgniter\CodeIgniter->run()
ERROR - 2024-01-15 15:19:30 --> mysqli_sql_exception: Unknown column 'username' in 'field list' in C:\xampp\htdocs\cake_shop\system\Database\MySQLi\Connection.php:306
Stack trace:
#0 C:\xampp\htdocs\cake_shop\system\Database\MySQLi\Connection.php(306): mysqli->query('INSERT INTO `sh...', 0)
#1 C:\xampp\htdocs\cake_shop\system\Database\BaseConnection.php(693): CodeIgniter\Database\MySQLi\Connection->execute('INSERT INTO `sh...')
#2 C:\xampp\htdocs\cake_shop\system\Database\BaseConnection.php(607): CodeIgniter\Database\BaseConnection->simpleQuery('INSERT INTO `sh...')
#3 C:\xampp\htdocs\cake_shop\system\Database\BaseBuilder.php(2308): CodeIgniter\Database\BaseConnection->query('INSERT INTO `sh...', Array, false)
#4 C:\xampp\htdocs\cake_shop\system\Model.php(319): CodeIgniter\Database\BaseBuilder->insert()
#5 C:\xampp\htdocs\cake_shop\system\BaseModel.php(788): CodeIgniter\Model->doInsert(Array)
#6 C:\xampp\htdocs\cake_shop\system\Model.php(715): CodeIgniter\BaseModel->insert(Array, false)
#7 C:\xampp\htdocs\cake_shop\system\BaseModel.php(698): CodeIgniter\Model->insert(Array, false)
#8 C:\xampp\htdocs\cake_shop\app\Controllers\ProductController.php(317): CodeIgniter\BaseModel->save(Array)
#9 C:\xampp\htdocs\cake_shop\system\CodeIgniter.php(942): App\Controllers\ProductController->addAddress()
#10 C:\xampp\htdocs\cake_shop\system\CodeIgniter.php(502): CodeIgniter\CodeIgniter->runController(Object(App\Controllers\ProductController))
#11 C:\xampp\htdocs\cake_shop\system\CodeIgniter.php(361): CodeIgniter\CodeIgniter->handleRequest(NULL, Object(Config\Cache), false)
#12 C:\xampp\htdocs\cake_shop\index.php(81): CodeIgniter\CodeIgniter->run()
#13 {main}
CRITICAL - 2024-01-15 15:19:30 --> Unknown column 'username' in 'field list'
in SYSTEMPATH\Database\BaseConnection.php on line 647.
 1 SYSTEMPATH\Database\BaseBuilder.php(2308): CodeIgniter\Database\BaseConnection->query('INSERT INTO `shipping` (`username`, `phone`, `email`, `user_id`) VALUES (:username:, :phone:, :email:, :user_id:)', [...], false)
 2 SYSTEMPATH\Model.php(319): CodeIgniter\Database\BaseBuilder->insert()
 3 SYSTEMPATH\BaseModel.php(788): CodeIgniter\Model->doInsert([...])
 4 SYSTEMPATH\Model.php(715): CodeIgniter\BaseModel->insert([...], false)
 5 SYSTEMPATH\BaseModel.php(698): CodeIgniter\Model->insert([...], false)
 6 APPPATH\Controllers\ProductController.php(317): CodeIgniter\BaseModel->save([...])
 7 SYSTEMPATH\CodeIgniter.php(942): App\Controllers\ProductController->addAddress()
 8 SYSTEMPATH\CodeIgniter.php(502): CodeIgniter\CodeIgniter->runController(Object(App\Controllers\ProductController))
 9 SYSTEMPATH\CodeIgniter.php(361): CodeIgniter\CodeIgniter->handleRequest(null, Object(Config\Cache), false)
10 FCPATH\index.php(81): CodeIgniter\CodeIgniter->run()
ERROR - 2024-01-15 15:19:32 --> mysqli_sql_exception: Unknown column 'username' in 'field list' in C:\xampp\htdocs\cake_shop\system\Database\MySQLi\Connection.php:306
Stack trace:
#0 C:\xampp\htdocs\cake_shop\system\Database\MySQLi\Connection.php(306): mysqli->query('INSERT INTO `sh...', 0)
#1 C:\xampp\htdocs\cake_shop\system\Database\BaseConnection.php(693): CodeIgniter\Database\MySQLi\Connection->execute('INSERT INTO `sh...')
#2 C:\xampp\htdocs\cake_shop\system\Database\BaseConnection.php(607): CodeIgniter\Database\BaseConnection->simpleQuery('INSERT INTO `sh...')
#3 C:\xampp\htdocs\cake_shop\system\Database\BaseBuilder.php(2308): CodeIgniter\Database\BaseConnection->query('INSERT INTO `sh...', Array, false)
#4 C:\xampp\htdocs\cake_shop\system\Model.php(319): CodeIgniter\Database\BaseBuilder->insert()
#5 C:\xampp\htdocs\cake_shop\system\BaseModel.php(788): CodeIgniter\Model->doInsert(Array)
#6 C:\xampp\htdocs\cake_shop\system\Model.php(715): CodeIgniter\BaseModel->insert(Array, false)
#7 C:\xampp\htdocs\cake_shop\system\BaseModel.php(698): CodeIgniter\Model->insert(Array, false)
#8 C:\xampp\htdocs\cake_shop\app\Controllers\ProductController.php(317): CodeIgniter\BaseModel->save(Array)
#9 C:\xampp\htdocs\cake_shop\system\CodeIgniter.php(942): App\Controllers\ProductController->addAddress()
#10 C:\xampp\htdocs\cake_shop\system\CodeIgniter.php(502): CodeIgniter\CodeIgniter->runController(Object(App\Controllers\ProductController))
#11 C:\xampp\htdocs\cake_shop\system\CodeIgniter.php(361): CodeIgniter\CodeIgniter->handleRequest(NULL, Object(Config\Cache), false)
#12 C:\xampp\htdocs\cake_shop\index.php(81): CodeIgniter\CodeIgniter->run()
#13 {main}
CRITICAL - 2024-01-15 15:19:32 --> Unknown column 'username' in 'field list'
in SYSTEMPATH\Database\BaseConnection.php on line 647.
 1 SYSTEMPATH\Database\BaseBuilder.php(2308): CodeIgniter\Database\BaseConnection->query('INSERT INTO `shipping` (`username`, `phone`, `email`, `user_id`) VALUES (:username:, :phone:, :email:, :user_id:)', [...], false)
 2 SYSTEMPATH\Model.php(319): CodeIgniter\Database\BaseBuilder->insert()
 3 SYSTEMPATH\BaseModel.php(788): CodeIgniter\Model->doInsert([...])
 4 SYSTEMPATH\Model.php(715): CodeIgniter\BaseModel->insert([...], false)
 5 SYSTEMPATH\BaseModel.php(698): CodeIgniter\Model->insert([...], false)
 6 APPPATH\Controllers\ProductController.php(317): CodeIgniter\BaseModel->save([...])
 7 SYSTEMPATH\CodeIgniter.php(942): App\Controllers\ProductController->addAddress()
 8 SYSTEMPATH\CodeIgniter.php(502): CodeIgniter\CodeIgniter->runController(Object(App\Controllers\ProductController))
 9 SYSTEMPATH\CodeIgniter.php(361): CodeIgniter\CodeIgniter->handleRequest(null, Object(Config\Cache), false)
10 FCPATH\index.php(81): CodeIgniter\CodeIgniter->run()
ERROR - 2024-01-15 15:19:34 --> mysqli_sql_exception: Unknown column 'username' in 'field list' in C:\xampp\htdocs\cake_shop\system\Database\MySQLi\Connection.php:306
Stack trace:
#0 C:\xampp\htdocs\cake_shop\system\Database\MySQLi\Connection.php(306): mysqli->query('INSERT INTO `sh...', 0)
#1 C:\xampp\htdocs\cake_shop\system\Database\BaseConnection.php(693): CodeIgniter\Database\MySQLi\Connection->execute('INSERT INTO `sh...')
#2 C:\xampp\htdocs\cake_shop\system\Database\BaseConnection.php(607): CodeIgniter\Database\BaseConnection->simpleQuery('INSERT INTO `sh...')
#3 C:\xampp\htdocs\cake_shop\system\Database\BaseBuilder.php(2308): CodeIgniter\Database\BaseConnection->query('INSERT INTO `sh...', Array, false)
#4 C:\xampp\htdocs\cake_shop\system\Model.php(319): CodeIgniter\Database\BaseBuilder->insert()
#5 C:\xampp\htdocs\cake_shop\system\BaseModel.php(788): CodeIgniter\Model->doInsert(Array)
#6 C:\xampp\htdocs\cake_shop\system\Model.php(715): CodeIgniter\BaseModel->insert(Array, false)
#7 C:\xampp\htdocs\cake_shop\system\BaseModel.php(698): CodeIgniter\Model->insert(Array, false)
#8 C:\xampp\htdocs\cake_shop\app\Controllers\ProductController.php(317): CodeIgniter\BaseModel->save(Array)
#9 C:\xampp\htdocs\cake_shop\system\CodeIgniter.php(942): App\Controllers\ProductController->addAddress()
#10 C:\xampp\htdocs\cake_shop\system\CodeIgniter.php(502): CodeIgniter\CodeIgniter->runController(Object(App\Controllers\ProductController))
#11 C:\xampp\htdocs\cake_shop\system\CodeIgniter.php(361): CodeIgniter\CodeIgniter->handleRequest(NULL, Object(Config\Cache), false)
#12 C:\xampp\htdocs\cake_shop\index.php(81): CodeIgniter\CodeIgniter->run()
#13 {main}
CRITICAL - 2024-01-15 15:19:34 --> Unknown column 'username' in 'field list'
in SYSTEMPATH\Database\BaseConnection.php on line 647.
 1 SYSTEMPATH\Database\BaseBuilder.php(2308): CodeIgniter\Database\BaseConnection->query('INSERT INTO `shipping` (`username`, `phone`, `email`, `user_id`) VALUES (:username:, :phone:, :email:, :user_id:)', [...], false)
 2 SYSTEMPATH\Model.php(319): CodeIgniter\Database\BaseBuilder->insert()
 3 SYSTEMPATH\BaseModel.php(788): CodeIgniter\Model->doInsert([...])
 4 SYSTEMPATH\Model.php(715): CodeIgniter\BaseModel->insert([...], false)
 5 SYSTEMPATH\BaseModel.php(698): CodeIgniter\Model->insert([...], false)
 6 APPPATH\Controllers\ProductController.php(317): CodeIgniter\BaseModel->save([...])
 7 SYSTEMPATH\CodeIgniter.php(942): App\Controllers\ProductController->addAddress()
 8 SYSTEMPATH\CodeIgniter.php(502): CodeIgniter\CodeIgniter->runController(Object(App\Controllers\ProductController))
 9 SYSTEMPATH\CodeIgniter.php(361): CodeIgniter\CodeIgniter->handleRequest(null, Object(Config\Cache), false)
10 FCPATH\index.php(81): CodeIgniter\CodeIgniter->run()
ERROR - 2024-01-15 15:19:48 --> mysqli_sql_exception: Unknown column 'username' in 'field list' in C:\xampp\htdocs\cake_shop\system\Database\MySQLi\Connection.php:306
Stack trace:
#0 C:\xampp\htdocs\cake_shop\system\Database\MySQLi\Connection.php(306): mysqli->query('INSERT INTO `sh...', 0)
#1 C:\xampp\htdocs\cake_shop\system\Database\BaseConnection.php(693): CodeIgniter\Database\MySQLi\Connection->execute('INSERT INTO `sh...')
#2 C:\xampp\htdocs\cake_shop\system\Database\BaseConnection.php(607): CodeIgniter\Database\BaseConnection->simpleQuery('INSERT INTO `sh...')
#3 C:\xampp\htdocs\cake_shop\system\Database\BaseBuilder.php(2308): CodeIgniter\Database\BaseConnection->query('INSERT INTO `sh...', Array, false)
#4 C:\xampp\htdocs\cake_shop\system\Model.php(319): CodeIgniter\Database\BaseBuilder->insert()
#5 C:\xampp\htdocs\cake_shop\system\BaseModel.php(788): CodeIgniter\Model->doInsert(Array)
#6 C:\xampp\htdocs\cake_shop\system\Model.php(715): CodeIgniter\BaseModel->insert(Array, false)
#7 C:\xampp\htdocs\cake_shop\system\BaseModel.php(698): CodeIgniter\Model->insert(Array, false)
#8 C:\xampp\htdocs\cake_shop\app\Controllers\ProductController.php(317): CodeIgniter\BaseModel->save(Array)
#9 C:\xampp\htdocs\cake_shop\system\CodeIgniter.php(942): App\Controllers\ProductController->addAddress()
#10 C:\xampp\htdocs\cake_shop\system\CodeIgniter.php(502): CodeIgniter\CodeIgniter->runController(Object(App\Controllers\ProductController))
#11 C:\xampp\htdocs\cake_shop\system\CodeIgniter.php(361): CodeIgniter\CodeIgniter->handleRequest(NULL, Object(Config\Cache), false)
#12 C:\xampp\htdocs\cake_shop\index.php(81): CodeIgniter\CodeIgniter->run()
#13 {main}
CRITICAL - 2024-01-15 15:19:48 --> Unknown column 'username' in 'field list'
in SYSTEMPATH\Database\BaseConnection.php on line 647.
 1 SYSTEMPATH\Database\BaseBuilder.php(2308): CodeIgniter\Database\BaseConnection->query('INSERT INTO `shipping` (`username`, `phone`, `email`, `user_id`) VALUES (:username:, :phone:, :email:, :user_id:)', [...], false)
 2 SYSTEMPATH\Model.php(319): CodeIgniter\Database\BaseBuilder->insert()
 3 SYSTEMPATH\BaseModel.php(788): CodeIgniter\Model->doInsert([...])
 4 SYSTEMPATH\Model.php(715): CodeIgniter\BaseModel->insert([...], false)
 5 SYSTEMPATH\BaseModel.php(698): CodeIgniter\Model->insert([...], false)
 6 APPPATH\Controllers\ProductController.php(317): CodeIgniter\BaseModel->save([...])
 7 SYSTEMPATH\CodeIgniter.php(942): App\Controllers\ProductController->addAddress()
 8 SYSTEMPATH\CodeIgniter.php(502): CodeIgniter\CodeIgniter->runController(Object(App\Controllers\ProductController))
 9 SYSTEMPATH\CodeIgniter.php(361): CodeIgniter\CodeIgniter->handleRequest(null, Object(Config\Cache), false)
10 FCPATH\index.php(81): CodeIgniter\CodeIgniter->run()
ERROR - 2024-01-15 15:24:23 --> mysqli_sql_exception: Unknown column 'username' in 'field list' in C:\xampp\htdocs\cake_shop\system\Database\MySQLi\Connection.php:306
Stack trace:
#0 C:\xampp\htdocs\cake_shop\system\Database\MySQLi\Connection.php(306): mysqli->query('INSERT INTO `sh...', 0)
#1 C:\xampp\htdocs\cake_shop\system\Database\BaseConnection.php(693): CodeIgniter\Database\MySQLi\Connection->execute('INSERT INTO `sh...')
#2 C:\xampp\htdocs\cake_shop\system\Database\BaseConnection.php(607): CodeIgniter\Database\BaseConnection->simpleQuery('INSERT INTO `sh...')
#3 C:\xampp\htdocs\cake_shop\system\Database\BaseBuilder.php(2308): CodeIgniter\Database\BaseConnection->query('INSERT INTO `sh...', Array, false)
#4 C:\xampp\htdocs\cake_shop\system\Model.php(319): CodeIgniter\Database\BaseBuilder->insert()
#5 C:\xampp\htdocs\cake_shop\system\BaseModel.php(788): CodeIgniter\Model->doInsert(Array)
#6 C:\xampp\htdocs\cake_shop\system\Model.php(715): CodeIgniter\BaseModel->insert(Array, false)
#7 C:\xampp\htdocs\cake_shop\system\BaseModel.php(698): CodeIgniter\Model->insert(Array, false)
#8 C:\xampp\htdocs\cake_shop\app\Controllers\ProductController.php(317): CodeIgniter\BaseModel->save(Array)
#9 C:\xampp\htdocs\cake_shop\system\CodeIgniter.php(942): App\Controllers\ProductController->addAddress()
#10 C:\xampp\htdocs\cake_shop\system\CodeIgniter.php(502): CodeIgniter\CodeIgniter->runController(Object(App\Controllers\ProductController))
#11 C:\xampp\htdocs\cake_shop\system\CodeIgniter.php(361): CodeIgniter\CodeIgniter->handleRequest(NULL, Object(Config\Cache), false)
#12 C:\xampp\htdocs\cake_shop\index.php(81): CodeIgniter\CodeIgniter->run()
#13 {main}
CRITICAL - 2024-01-15 15:24:23 --> Unknown column 'username' in 'field list'
in SYSTEMPATH\Database\BaseConnection.php on line 647.
 1 SYSTEMPATH\Database\BaseBuilder.php(2308): CodeIgniter\Database\BaseConnection->query('INSERT INTO `shipping` (`username`, `phone`, `email`, `user_id`) VALUES (:username:, :phone:, :email:, :user_id:)', [...], false)
 2 SYSTEMPATH\Model.php(319): CodeIgniter\Database\BaseBuilder->insert()
 3 SYSTEMPATH\BaseModel.php(788): CodeIgniter\Model->doInsert([...])
 4 SYSTEMPATH\Model.php(715): CodeIgniter\BaseModel->insert([...], false)
 5 SYSTEMPATH\BaseModel.php(698): CodeIgniter\Model->insert([...], false)
 6 APPPATH\Controllers\ProductController.php(317): CodeIgniter\BaseModel->save([...])
 7 SYSTEMPATH\CodeIgniter.php(942): App\Controllers\ProductController->addAddress()
 8 SYSTEMPATH\CodeIgniter.php(502): CodeIgniter\CodeIgniter->runController(Object(App\Controllers\ProductController))
 9 SYSTEMPATH\CodeIgniter.php(361): CodeIgniter\CodeIgniter->handleRequest(null, Object(Config\Cache), false)
10 FCPATH\index.php(81): CodeIgniter\CodeIgniter->run()
ERROR - 2024-01-15 15:32:27 --> mysqli_sql_exception: Unknown column 'username' in 'field list' in C:\xampp\htdocs\cake_shop\system\Database\MySQLi\Connection.php:306
Stack trace:
#0 C:\xampp\htdocs\cake_shop\system\Database\MySQLi\Connection.php(306): mysqli->query('INSERT INTO `sh...', 0)
#1 C:\xampp\htdocs\cake_shop\system\Database\BaseConnection.php(693): CodeIgniter\Database\MySQLi\Connection->execute('INSERT INTO `sh...')
#2 C:\xampp\htdocs\cake_shop\system\Database\BaseConnection.php(607): CodeIgniter\Database\BaseConnection->simpleQuery('INSERT INTO `sh...')
#3 C:\xampp\htdocs\cake_shop\system\Database\BaseBuilder.php(2308): CodeIgniter\Database\BaseConnection->query('INSERT INTO `sh...', Array, false)
#4 C:\xampp\htdocs\cake_shop\system\Model.php(319): CodeIgniter\Database\BaseBuilder->insert()
#5 C:\xampp\htdocs\cake_shop\system\BaseModel.php(788): CodeIgniter\Model->doInsert(Array)
#6 C:\xampp\htdocs\cake_shop\system\Model.php(715): CodeIgniter\BaseModel->insert(Array, false)
#7 C:\xampp\htdocs\cake_shop\system\BaseModel.php(698): CodeIgniter\Model->insert(Array, false)
#8 C:\xampp\htdocs\cake_shop\app\Controllers\ProductController.php(317): CodeIgniter\BaseModel->save(Array)
#9 C:\xampp\htdocs\cake_shop\system\CodeIgniter.php(942): App\Controllers\ProductController->addAddress()
#10 C:\xampp\htdocs\cake_shop\system\CodeIgniter.php(502): CodeIgniter\CodeIgniter->runController(Object(App\Controllers\ProductController))
#11 C:\xampp\htdocs\cake_shop\system\CodeIgniter.php(361): CodeIgniter\CodeIgniter->handleRequest(NULL, Object(Config\Cache), false)
#12 C:\xampp\htdocs\cake_shop\index.php(81): CodeIgniter\CodeIgniter->run()
#13 {main}
CRITICAL - 2024-01-15 15:32:27 --> Unknown column 'username' in 'field list'
in SYSTEMPATH\Database\BaseConnection.php on line 647.
 1 SYSTEMPATH\Database\BaseBuilder.php(2308): CodeIgniter\Database\BaseConnection->query('INSERT INTO `shippingAddress` (`username`, `phone`, `email`, `user_id`) VALUES (:username:, :phone:, :email:, :user_id:)', [...], false)
 2 SYSTEMPATH\Model.php(319): CodeIgniter\Database\BaseBuilder->insert()
 3 SYSTEMPATH\BaseModel.php(788): CodeIgniter\Model->doInsert([...])
 4 SYSTEMPATH\Model.php(715): CodeIgniter\BaseModel->insert([...], false)
 5 SYSTEMPATH\BaseModel.php(698): CodeIgniter\Model->insert([...], false)
 6 APPPATH\Controllers\ProductController.php(317): CodeIgniter\BaseModel->save([...])
 7 SYSTEMPATH\CodeIgniter.php(942): App\Controllers\ProductController->addAddress()
 8 SYSTEMPATH\CodeIgniter.php(502): CodeIgniter\CodeIgniter->runController(Object(App\Controllers\ProductController))
 9 SYSTEMPATH\CodeIgniter.php(361): CodeIgniter\CodeIgniter->handleRequest(null, Object(Config\Cache), false)
10 FCPATH\index.php(81): CodeIgniter\CodeIgniter->run()
CRITICAL - 2024-01-15 15:41:03 --> Unclosed '{' on line 11
in APPPATH\Controllers\ProductController.php on line 325.
 1 SYSTEMPATH\Autoloader\Autoloader.php(291): CodeIgniter\Autoloader\Autoloader->includeFile('C:\\xampp\\htdocs\\cake_shop\\app\\Controllers\\ProductController.php')
 2 SYSTEMPATH\Autoloader\Autoloader.php(269): CodeIgniter\Autoloader\Autoloader->loadInNamespace('App\\Controllers\\ProductController')
 3 [internal function]: CodeIgniter\Autoloader\Autoloader->loadClass('App\\Controllers\\ProductController')
 4 SYSTEMPATH\CodeIgniter.php(900): class_exists('\\App\\Controllers\\ProductController', true)
 5 SYSTEMPATH\CodeIgniter.php(489): CodeIgniter\CodeIgniter->startController()
 6 SYSTEMPATH\CodeIgniter.php(361): CodeIgniter\CodeIgniter->handleRequest(null, Object(Config\Cache), false)
 7 FCPATH\index.php(81): CodeIgniter\CodeIgniter->run()
