CRITICAL - 2024-01-14 08:33:42 --> Too few arguments to function App\Controllers\ProductController::checkout(), 0 passed in C:\xampp\htdocs\cake_shop\system\CodeIgniter.php on line 942 and exactly 2 expected
in APPPATH\Controllers\ProductController.php on line 269.
 1 SYSTEMPATH\CodeIgniter.php(942): App\Controllers\ProductController->checkout()
 2 SYSTEMPATH\CodeIgniter.php(502): CodeIgniter\CodeIgniter->runController(Object(App\Controllers\ProductController))
 3 SYSTEMPATH\CodeIgniter.php(361): CodeIgniter\CodeIgniter->handleRequest(null, Object(Config\Cache), false)
 4 FCPATH\index.php(79): CodeIgniter\CodeIgniter->run()
CRITICAL - 2024-01-14 08:33:42 --> Too few arguments to function App\Controllers\ProductController::checkout(), 0 passed in C:\xampp\htdocs\cake_shop\system\CodeIgniter.php on line 942 and exactly 2 expected
in APPPATH\Controllers\ProductController.php on line 269.
 1 SYSTEMPATH\CodeIgniter.php(942): App\Controllers\ProductController->checkout()
 2 SYSTEMPATH\CodeIgniter.php(502): CodeIgniter\CodeIgniter->runController(Object(App\Controllers\ProductController))
 3 SYSTEMPATH\CodeIgniter.php(361): CodeIgniter\CodeIgniter->handleRequest(null, Object(Config\Cache), false)
 4 FCPATH\index.php(79): CodeIgniter\CodeIgniter->run()
CRITICAL - 2024-01-14 09:17:07 --> Undefined variable $users
in APPPATH\Views\dashboard\cart.php on line 90.
 1 APPPATH\Views\dashboard\cart.php(90): CodeIgniter\Debug\Exceptions->errorHandler(2, 'Undefined variable $users', 'C:\\xampp\\htdocs\\cake_shop\\app\\Views\\dashboard\\cart.php', 90)
 2 SYSTEMPATH\View\View.php(228): include('C:\\xampp\\htdocs\\cake_shop\\app\\Views\\dashboard\\cart.php')
 3 SYSTEMPATH\View\View.php(231): CodeIgniter\View\View->CodeIgniter\View\{closure}()
 4 SYSTEMPATH\Common.php(1190): CodeIgniter\View\View->render('dashboard/cart', [], true)
 5 APPPATH\Controllers\ProductController.php(195): view('dashboard/cart', [...])
 6 SYSTEMPATH\CodeIgniter.php(942): App\Controllers\ProductController->cart()
 7 SYSTEMPATH\CodeIgniter.php(502): CodeIgniter\CodeIgniter->runController(Object(App\Controllers\ProductController))
 8 SYSTEMPATH\CodeIgniter.php(361): CodeIgniter\CodeIgniter->handleRequest(null, Object(Config\Cache), false)
 9 FCPATH\index.php(79): CodeIgniter\CodeIgniter->run()
CRITICAL - 2024-01-14 09:18:45 --> Undefined variable $users
in APPPATH\Views\dashboard\cart.php on line 90.
 1 APPPATH\Views\dashboard\cart.php(90): CodeIgniter\Debug\Exceptions->errorHandler(2, 'Undefined variable $users', 'C:\\xampp\\htdocs\\cake_shop\\app\\Views\\dashboard\\cart.php', 90)
 2 SYSTEMPATH\View\View.php(228): include('C:\\xampp\\htdocs\\cake_shop\\app\\Views\\dashboard\\cart.php')
 3 SYSTEMPATH\View\View.php(231): CodeIgniter\View\View->CodeIgniter\View\{closure}()
 4 SYSTEMPATH\Common.php(1190): CodeIgniter\View\View->render('dashboard/cart', [...], true)
 5 APPPATH\Controllers\ProductController.php(197): view('dashboard/cart', [...], [...])
 6 SYSTEMPATH\CodeIgniter.php(942): App\Controllers\ProductController->cart()
 7 SYSTEMPATH\CodeIgniter.php(502): CodeIgniter\CodeIgniter->runController(Object(App\Controllers\ProductController))
 8 SYSTEMPATH\CodeIgniter.php(361): CodeIgniter\CodeIgniter->handleRequest(null, Object(Config\Cache), false)
 9 FCPATH\index.php(79): CodeIgniter\CodeIgniter->run()
CRITICAL - 2024-01-14 09:20:51 --> Undefined variable $users
in APPPATH\Views\dashboard\cart.php on line 90.
 1 APPPATH\Views\dashboard\cart.php(90): CodeIgniter\Debug\Exceptions->errorHandler(2, 'Undefined variable $users', 'C:\\xampp\\htdocs\\cake_shop\\app\\Views\\dashboard\\cart.php', 90)
 2 SYSTEMPATH\View\View.php(228): include('C:\\xampp\\htdocs\\cake_shop\\app\\Views\\dashboard\\cart.php')
 3 SYSTEMPATH\View\View.php(231): CodeIgniter\View\View->CodeIgniter\View\{closure}()
 4 SYSTEMPATH\Common.php(1190): CodeIgniter\View\View->render('dashboard/cart', [...], true)
 5 APPPATH\Controllers\ProductController.php(197): view('dashboard/cart', [...], [...])
 6 SYSTEMPATH\CodeIgniter.php(942): App\Controllers\ProductController->cart()
 7 SYSTEMPATH\CodeIgniter.php(502): CodeIgniter\CodeIgniter->runController(Object(App\Controllers\ProductController))
 8 SYSTEMPATH\CodeIgniter.php(361): CodeIgniter\CodeIgniter->handleRequest(null, Object(Config\Cache), false)
 9 FCPATH\index.php(79): CodeIgniter\CodeIgniter->run()
CRITICAL - 2024-01-14 09:20:54 --> Undefined variable $users
in APPPATH\Views\dashboard\cart.php on line 90.
 1 APPPATH\Views\dashboard\cart.php(90): CodeIgniter\Debug\Exceptions->errorHandler(2, 'Undefined variable $users', 'C:\\xampp\\htdocs\\cake_shop\\app\\Views\\dashboard\\cart.php', 90)
 2 SYSTEMPATH\View\View.php(228): include('C:\\xampp\\htdocs\\cake_shop\\app\\Views\\dashboard\\cart.php')
 3 SYSTEMPATH\View\View.php(231): CodeIgniter\View\View->CodeIgniter\View\{closure}()
 4 SYSTEMPATH\Common.php(1190): CodeIgniter\View\View->render('dashboard/cart', [...], true)
 5 APPPATH\Controllers\ProductController.php(197): view('dashboard/cart', [...], [...])
 6 SYSTEMPATH\CodeIgniter.php(942): App\Controllers\ProductController->cart()
 7 SYSTEMPATH\CodeIgniter.php(502): CodeIgniter\CodeIgniter->runController(Object(App\Controllers\ProductController))
 8 SYSTEMPATH\CodeIgniter.php(361): CodeIgniter\CodeIgniter->handleRequest(null, Object(Config\Cache), false)
 9 FCPATH\index.php(79): CodeIgniter\CodeIgniter->run()
CRITICAL - 2024-01-14 09:21:20 --> Undefined variable $cartItems
in APPPATH\Views\dashboard\cart.php on line 9.
 1 APPPATH\Views\dashboard\cart.php(9): CodeIgniter\Debug\Exceptions->errorHandler(2, 'Undefined variable $cartItems', 'C:\\xampp\\htdocs\\cake_shop\\app\\Views\\dashboard\\cart.php', 9)
 2 SYSTEMPATH\View\View.php(228): include('C:\\xampp\\htdocs\\cake_shop\\app\\Views\\dashboard\\cart.php')
 3 SYSTEMPATH\View\View.php(231): CodeIgniter\View\View->CodeIgniter\View\{closure}()
 4 SYSTEMPATH\Common.php(1190): CodeIgniter\View\View->render('dashboard/cart', [], true)
 5 APPPATH\Controllers\ProductController.php(197): view('dashboard/cart', [...])
 6 SYSTEMPATH\CodeIgniter.php(942): App\Controllers\ProductController->cart()
 7 SYSTEMPATH\CodeIgniter.php(502): CodeIgniter\CodeIgniter->runController(Object(App\Controllers\ProductController))
 8 SYSTEMPATH\CodeIgniter.php(361): CodeIgniter\CodeIgniter->handleRequest(null, Object(Config\Cache), false)
 9 FCPATH\index.php(79): CodeIgniter\CodeIgniter->run()
CRITICAL - 2024-01-14 09:21:49 --> Undefined variable $cartItems
in APPPATH\Views\dashboard\cart.php on line 9.
 1 APPPATH\Views\dashboard\cart.php(9): CodeIgniter\Debug\Exceptions->errorHandler(2, 'Undefined variable $cartItems', 'C:\\xampp\\htdocs\\cake_shop\\app\\Views\\dashboard\\cart.php', 9)
 2 SYSTEMPATH\View\View.php(228): include('C:\\xampp\\htdocs\\cake_shop\\app\\Views\\dashboard\\cart.php')
 3 SYSTEMPATH\View\View.php(231): CodeIgniter\View\View->CodeIgniter\View\{closure}()
 4 SYSTEMPATH\Common.php(1190): CodeIgniter\View\View->render('dashboard/cart', [], true)
 5 APPPATH\Controllers\ProductController.php(197): view('dashboard/cart', [...])
 6 SYSTEMPATH\CodeIgniter.php(942): App\Controllers\ProductController->cart()
 7 SYSTEMPATH\CodeIgniter.php(502): CodeIgniter\CodeIgniter->runController(Object(App\Controllers\ProductController))
 8 SYSTEMPATH\CodeIgniter.php(361): CodeIgniter\CodeIgniter->handleRequest(null, Object(Config\Cache), false)
 9 FCPATH\index.php(79): CodeIgniter\CodeIgniter->run()
CRITICAL - 2024-01-14 09:24:23 --> Undefined variable $session
in APPPATH\Views\dashboard\cart.php on line 93.
 1 APPPATH\Views\dashboard\cart.php(93): CodeIgniter\Debug\Exceptions->errorHandler(2, 'Undefined variable $session', 'C:\\xampp\\htdocs\\cake_shop\\app\\Views\\dashboard\\cart.php', 93)
 2 SYSTEMPATH\View\View.php(228): include('C:\\xampp\\htdocs\\cake_shop\\app\\Views\\dashboard\\cart.php')
 3 SYSTEMPATH\View\View.php(231): CodeIgniter\View\View->CodeIgniter\View\{closure}()
 4 SYSTEMPATH\Common.php(1190): CodeIgniter\View\View->render('dashboard/cart', [...], true)
 5 APPPATH\Controllers\ProductController.php(197): view('dashboard/cart', [...], [...])
 6 SYSTEMPATH\CodeIgniter.php(942): App\Controllers\ProductController->cart()
 7 SYSTEMPATH\CodeIgniter.php(502): CodeIgniter\CodeIgniter->runController(Object(App\Controllers\ProductController))
 8 SYSTEMPATH\CodeIgniter.php(361): CodeIgniter\CodeIgniter->handleRequest(null, Object(Config\Cache), false)
 9 FCPATH\index.php(79): CodeIgniter\CodeIgniter->run()
CRITICAL - 2024-01-14 09:24:41 --> Undefined variable $session
in APPPATH\Views\dashboard\cart.php on line 93.
 1 APPPATH\Views\dashboard\cart.php(93): CodeIgniter\Debug\Exceptions->errorHandler(2, 'Undefined variable $session', 'C:\\xampp\\htdocs\\cake_shop\\app\\Views\\dashboard\\cart.php', 93)
 2 SYSTEMPATH\View\View.php(228): include('C:\\xampp\\htdocs\\cake_shop\\app\\Views\\dashboard\\cart.php')
 3 SYSTEMPATH\View\View.php(231): CodeIgniter\View\View->CodeIgniter\View\{closure}()
 4 SYSTEMPATH\Common.php(1190): CodeIgniter\View\View->render('dashboard/cart', [], true)
 5 APPPATH\Controllers\ProductController.php(196): view('dashboard/cart', [...])
 6 SYSTEMPATH\CodeIgniter.php(942): App\Controllers\ProductController->cart()
 7 SYSTEMPATH\CodeIgniter.php(502): CodeIgniter\CodeIgniter->runController(Object(App\Controllers\ProductController))
 8 SYSTEMPATH\CodeIgniter.php(361): CodeIgniter\CodeIgniter->handleRequest(null, Object(Config\Cache), false)
 9 FCPATH\index.php(79): CodeIgniter\CodeIgniter->run()
CRITICAL - 2024-01-14 09:25:20 --> Undefined variable $session
in APPPATH\Views\dashboard\cart.php on line 93.
 1 APPPATH\Views\dashboard\cart.php(93): CodeIgniter\Debug\Exceptions->errorHandler(2, 'Undefined variable $session', 'C:\\xampp\\htdocs\\cake_shop\\app\\Views\\dashboard\\cart.php', 93)
 2 SYSTEMPATH\View\View.php(228): include('C:\\xampp\\htdocs\\cake_shop\\app\\Views\\dashboard\\cart.php')
 3 SYSTEMPATH\View\View.php(231): CodeIgniter\View\View->CodeIgniter\View\{closure}()
 4 SYSTEMPATH\Common.php(1190): CodeIgniter\View\View->render('dashboard/cart', [], true)
 5 APPPATH\Controllers\ProductController.php(196): view('dashboard/cart', [...])
 6 SYSTEMPATH\CodeIgniter.php(942): App\Controllers\ProductController->cart()
 7 SYSTEMPATH\CodeIgniter.php(502): CodeIgniter\CodeIgniter->runController(Object(App\Controllers\ProductController))
 8 SYSTEMPATH\CodeIgniter.php(361): CodeIgniter\CodeIgniter->handleRequest(null, Object(Config\Cache), false)
 9 FCPATH\index.php(79): CodeIgniter\CodeIgniter->run()
CRITICAL - 2024-01-14 10:08:28 --> Too few arguments to function App\Controllers\ProductController::checkout(), 0 passed in C:\xampp\htdocs\cake_shop\system\CodeIgniter.php on line 942 and exactly 1 expected
in APPPATH\Controllers\ProductController.php on line 269.
 1 SYSTEMPATH\CodeIgniter.php(942): App\Controllers\ProductController->checkout()
 2 SYSTEMPATH\CodeIgniter.php(502): CodeIgniter\CodeIgniter->runController(Object(App\Controllers\ProductController))
 3 SYSTEMPATH\CodeIgniter.php(361): CodeIgniter\CodeIgniter->handleRequest(null, Object(Config\Cache), false)
 4 FCPATH\index.php(79): CodeIgniter\CodeIgniter->run()
CRITICAL - 2024-01-14 10:08:57 --> Undefined variable $totalItemPrice
in APPPATH\Controllers\ProductController.php on line 277.
 1 APPPATH\Controllers\ProductController.php(277): CodeIgniter\Debug\Exceptions->errorHandler(2, 'Undefined variable $totalItemPrice', 'C:\\xampp\\htdocs\\cake_shop\\app\\Controllers\\ProductController.php', 277)
 2 SYSTEMPATH\CodeIgniter.php(942): App\Controllers\ProductController->checkout()
 3 SYSTEMPATH\CodeIgniter.php(502): CodeIgniter\CodeIgniter->runController(Object(App\Controllers\ProductController))
 4 SYSTEMPATH\CodeIgniter.php(361): CodeIgniter\CodeIgniter->handleRequest(null, Object(Config\Cache), false)
 5 FCPATH\index.php(79): CodeIgniter\CodeIgniter->run()
CRITICAL - 2024-01-14 10:09:17 --> Undefined variable $totalItemPrice
in APPPATH\Controllers\ProductController.php on line 280.
 1 APPPATH\Controllers\ProductController.php(280): CodeIgniter\Debug\Exceptions->errorHandler(2, 'Undefined variable $totalItemPrice', 'C:\\xampp\\htdocs\\cake_shop\\app\\Controllers\\ProductController.php', 280)
 2 SYSTEMPATH\CodeIgniter.php(942): App\Controllers\ProductController->checkout()
 3 SYSTEMPATH\CodeIgniter.php(502): CodeIgniter\CodeIgniter->runController(Object(App\Controllers\ProductController))
 4 SYSTEMPATH\CodeIgniter.php(361): CodeIgniter\CodeIgniter->handleRequest(null, Object(Config\Cache), false)
 5 FCPATH\index.php(79): CodeIgniter\CodeIgniter->run()
CRITICAL - 2024-01-14 10:10:20 --> Undefined variable $totalItemPrice
in APPPATH\Views\dashboard\checkout.php on line 55.
 1 APPPATH\Views\dashboard\checkout.php(55): CodeIgniter\Debug\Exceptions->errorHandler(2, 'Undefined variable $totalItemPrice', 'C:\\xampp\\htdocs\\cake_shop\\app\\Views\\dashboard\\checkout.php', 55)
 2 SYSTEMPATH\View\View.php(228): include('C:\\xampp\\htdocs\\cake_shop\\app\\Views\\dashboard\\checkout.php')
 3 SYSTEMPATH\View\View.php(231): CodeIgniter\View\View->CodeIgniter\View\{closure}()
 4 SYSTEMPATH\Common.php(1190): CodeIgniter\View\View->render('dashboard/checkout', [], true)
 5 APPPATH\Controllers\ProductController.php(280): view('dashboard/checkout', [...])
 6 SYSTEMPATH\CodeIgniter.php(942): App\Controllers\ProductController->checkout()
 7 SYSTEMPATH\CodeIgniter.php(502): CodeIgniter\CodeIgniter->runController(Object(App\Controllers\ProductController))
 8 SYSTEMPATH\CodeIgniter.php(361): CodeIgniter\CodeIgniter->handleRequest(null, Object(Config\Cache), false)
 9 FCPATH\index.php(79): CodeIgniter\CodeIgniter->run()
