CRITICAL - 2024-01-20 04:46:37 --> Undefined array key "id"
in APPPATH\Controllers\ProductController.php on line 137.
 1 APPPATH\Controllers\ProductController.php(137): CodeIgniter\Debug\Exceptions->errorHandler(2, 'Undefined array key "id"', 'C:\\xampp\\htdocs\\cake_shop\\app\\Controllers\\ProductController.php', 137)
 2 SYSTEMPATH\CodeIgniter.php(942): App\Controllers\ProductController->addToCart()
 3 SYSTEMPATH\CodeIgniter.php(502): CodeIgniter\CodeIgniter->runController(Object(App\Controllers\ProductController))
 4 SYSTEMPATH\CodeIgniter.php(361): CodeIgniter\CodeIgniter->handleRequest(null, Object(Config\Cache), false)
 5 FCPATH\index.php(81): CodeIgniter\CodeIgniter->run()
CRITICAL - 2024-01-20 04:46:39 --> Undefined array key "id"
in APPPATH\Controllers\ProductController.php on line 137.
 1 APPPATH\Controllers\ProductController.php(137): CodeIgniter\Debug\Exceptions->errorHandler(2, 'Undefined array key "id"', 'C:\\xampp\\htdocs\\cake_shop\\app\\Controllers\\ProductController.php', 137)
 2 SYSTEMPATH\CodeIgniter.php(942): App\Controllers\ProductController->addToCart()
 3 SYSTEMPATH\CodeIgniter.php(502): CodeIgniter\CodeIgniter->runController(Object(App\Controllers\ProductController))
 4 SYSTEMPATH\CodeIgniter.php(361): CodeIgniter\CodeIgniter->handleRequest(null, Object(Config\Cache), false)
 5 FCPATH\index.php(81): CodeIgniter\CodeIgniter->run()
CRITICAL - 2024-01-20 04:46:39 --> Undefined array key "id"
in APPPATH\Controllers\ProductController.php on line 137.
 1 APPPATH\Controllers\ProductController.php(137): CodeIgniter\Debug\Exceptions->errorHandler(2, 'Undefined array key "id"', 'C:\\xampp\\htdocs\\cake_shop\\app\\Controllers\\ProductController.php', 137)
 2 SYSTEMPATH\CodeIgniter.php(942): App\Controllers\ProductController->addToCart()
 3 SYSTEMPATH\CodeIgniter.php(502): CodeIgniter\CodeIgniter->runController(Object(App\Controllers\ProductController))
 4 SYSTEMPATH\CodeIgniter.php(361): CodeIgniter\CodeIgniter->handleRequest(null, Object(Config\Cache), false)
 5 FCPATH\index.php(81): CodeIgniter\CodeIgniter->run()
CRITICAL - 2024-01-20 04:46:39 --> Undefined array key "id"
in APPPATH\Controllers\ProductController.php on line 137.
 1 APPPATH\Controllers\ProductController.php(137): CodeIgniter\Debug\Exceptions->errorHandler(2, 'Undefined array key "id"', 'C:\\xampp\\htdocs\\cake_shop\\app\\Controllers\\ProductController.php', 137)
 2 SYSTEMPATH\CodeIgniter.php(942): App\Controllers\ProductController->addToCart()
 3 SYSTEMPATH\CodeIgniter.php(502): CodeIgniter\CodeIgniter->runController(Object(App\Controllers\ProductController))
 4 SYSTEMPATH\CodeIgniter.php(361): CodeIgniter\CodeIgniter->handleRequest(null, Object(Config\Cache), false)
 5 FCPATH\index.php(81): CodeIgniter\CodeIgniter->run()
CRITICAL - 2024-01-20 04:46:39 --> Undefined array key "id"
in APPPATH\Controllers\ProductController.php on line 137.
 1 APPPATH\Controllers\ProductController.php(137): CodeIgniter\Debug\Exceptions->errorHandler(2, 'Undefined array key "id"', 'C:\\xampp\\htdocs\\cake_shop\\app\\Controllers\\ProductController.php', 137)
 2 SYSTEMPATH\CodeIgniter.php(942): App\Controllers\ProductController->addToCart()
 3 SYSTEMPATH\CodeIgniter.php(502): CodeIgniter\CodeIgniter->runController(Object(App\Controllers\ProductController))
 4 SYSTEMPATH\CodeIgniter.php(361): CodeIgniter\CodeIgniter->handleRequest(null, Object(Config\Cache), false)
 5 FCPATH\index.php(81): CodeIgniter\CodeIgniter->run()
CRITICAL - 2024-01-20 04:46:40 --> Undefined array key "id"
in APPPATH\Controllers\ProductController.php on line 137.
 1 APPPATH\Controllers\ProductController.php(137): CodeIgniter\Debug\Exceptions->errorHandler(2, 'Undefined array key "id"', 'C:\\xampp\\htdocs\\cake_shop\\app\\Controllers\\ProductController.php', 137)
 2 SYSTEMPATH\CodeIgniter.php(942): App\Controllers\ProductController->addToCart()
 3 SYSTEMPATH\CodeIgniter.php(502): CodeIgniter\CodeIgniter->runController(Object(App\Controllers\ProductController))
 4 SYSTEMPATH\CodeIgniter.php(361): CodeIgniter\CodeIgniter->handleRequest(null, Object(Config\Cache), false)
 5 FCPATH\index.php(81): CodeIgniter\CodeIgniter->run()
CRITICAL - 2024-01-20 04:46:40 --> Undefined array key "id"
in APPPATH\Controllers\ProductController.php on line 137.
 1 APPPATH\Controllers\ProductController.php(137): CodeIgniter\Debug\Exceptions->errorHandler(2, 'Undefined array key "id"', 'C:\\xampp\\htdocs\\cake_shop\\app\\Controllers\\ProductController.php', 137)
 2 SYSTEMPATH\CodeIgniter.php(942): App\Controllers\ProductController->addToCart()
 3 SYSTEMPATH\CodeIgniter.php(502): CodeIgniter\CodeIgniter->runController(Object(App\Controllers\ProductController))
 4 SYSTEMPATH\CodeIgniter.php(361): CodeIgniter\CodeIgniter->handleRequest(null, Object(Config\Cache), false)
 5 FCPATH\index.php(81): CodeIgniter\CodeIgniter->run()
CRITICAL - 2024-01-20 04:46:41 --> Undefined array key "id"
in APPPATH\Controllers\ProductController.php on line 137.
 1 APPPATH\Controllers\ProductController.php(137): CodeIgniter\Debug\Exceptions->errorHandler(2, 'Undefined array key "id"', 'C:\\xampp\\htdocs\\cake_shop\\app\\Controllers\\ProductController.php', 137)
 2 SYSTEMPATH\CodeIgniter.php(942): App\Controllers\ProductController->addToCart()
 3 SYSTEMPATH\CodeIgniter.php(502): CodeIgniter\CodeIgniter->runController(Object(App\Controllers\ProductController))
 4 SYSTEMPATH\CodeIgniter.php(361): CodeIgniter\CodeIgniter->handleRequest(null, Object(Config\Cache), false)
 5 FCPATH\index.php(81): CodeIgniter\CodeIgniter->run()
CRITICAL - 2024-01-20 04:46:41 --> Undefined array key "id"
in APPPATH\Controllers\ProductController.php on line 137.
 1 APPPATH\Controllers\ProductController.php(137): CodeIgniter\Debug\Exceptions->errorHandler(2, 'Undefined array key "id"', 'C:\\xampp\\htdocs\\cake_shop\\app\\Controllers\\ProductController.php', 137)
 2 SYSTEMPATH\CodeIgniter.php(942): App\Controllers\ProductController->addToCart()
 3 SYSTEMPATH\CodeIgniter.php(502): CodeIgniter\CodeIgniter->runController(Object(App\Controllers\ProductController))
 4 SYSTEMPATH\CodeIgniter.php(361): CodeIgniter\CodeIgniter->handleRequest(null, Object(Config\Cache), false)
 5 FCPATH\index.php(81): CodeIgniter\CodeIgniter->run()
CRITICAL - 2024-01-20 04:46:41 --> Undefined array key "id"
in APPPATH\Controllers\ProductController.php on line 137.
 1 APPPATH\Controllers\ProductController.php(137): CodeIgniter\Debug\Exceptions->errorHandler(2, 'Undefined array key "id"', 'C:\\xampp\\htdocs\\cake_shop\\app\\Controllers\\ProductController.php', 137)
 2 SYSTEMPATH\CodeIgniter.php(942): App\Controllers\ProductController->addToCart()
 3 SYSTEMPATH\CodeIgniter.php(502): CodeIgniter\CodeIgniter->runController(Object(App\Controllers\ProductController))
 4 SYSTEMPATH\CodeIgniter.php(361): CodeIgniter\CodeIgniter->handleRequest(null, Object(Config\Cache), false)
 5 FCPATH\index.php(81): CodeIgniter\CodeIgniter->run()
CRITICAL - 2024-01-20 04:46:41 --> Undefined array key "id"
in APPPATH\Controllers\ProductController.php on line 137.
 1 APPPATH\Controllers\ProductController.php(137): CodeIgniter\Debug\Exceptions->errorHandler(2, 'Undefined array key "id"', 'C:\\xampp\\htdocs\\cake_shop\\app\\Controllers\\ProductController.php', 137)
 2 SYSTEMPATH\CodeIgniter.php(942): App\Controllers\ProductController->addToCart()
 3 SYSTEMPATH\CodeIgniter.php(502): CodeIgniter\CodeIgniter->runController(Object(App\Controllers\ProductController))
 4 SYSTEMPATH\CodeIgniter.php(361): CodeIgniter\CodeIgniter->handleRequest(null, Object(Config\Cache), false)
 5 FCPATH\index.php(81): CodeIgniter\CodeIgniter->run()
CRITICAL - 2024-01-20 04:46:42 --> Undefined array key "id"
in APPPATH\Controllers\ProductController.php on line 137.
 1 APPPATH\Controllers\ProductController.php(137): CodeIgniter\Debug\Exceptions->errorHandler(2, 'Undefined array key "id"', 'C:\\xampp\\htdocs\\cake_shop\\app\\Controllers\\ProductController.php', 137)
 2 SYSTEMPATH\CodeIgniter.php(942): App\Controllers\ProductController->addToCart()
 3 SYSTEMPATH\CodeIgniter.php(502): CodeIgniter\CodeIgniter->runController(Object(App\Controllers\ProductController))
 4 SYSTEMPATH\CodeIgniter.php(361): CodeIgniter\CodeIgniter->handleRequest(null, Object(Config\Cache), false)
 5 FCPATH\index.php(81): CodeIgniter\CodeIgniter->run()
CRITICAL - 2024-01-20 04:46:42 --> Undefined array key "id"
in APPPATH\Controllers\ProductController.php on line 137.
 1 APPPATH\Controllers\ProductController.php(137): CodeIgniter\Debug\Exceptions->errorHandler(2, 'Undefined array key "id"', 'C:\\xampp\\htdocs\\cake_shop\\app\\Controllers\\ProductController.php', 137)
 2 SYSTEMPATH\CodeIgniter.php(942): App\Controllers\ProductController->addToCart()
 3 SYSTEMPATH\CodeIgniter.php(502): CodeIgniter\CodeIgniter->runController(Object(App\Controllers\ProductController))
 4 SYSTEMPATH\CodeIgniter.php(361): CodeIgniter\CodeIgniter->handleRequest(null, Object(Config\Cache), false)
 5 FCPATH\index.php(81): CodeIgniter\CodeIgniter->run()
CRITICAL - 2024-01-20 04:46:43 --> Undefined array key "id"
in APPPATH\Controllers\ProductController.php on line 137.
 1 APPPATH\Controllers\ProductController.php(137): CodeIgniter\Debug\Exceptions->errorHandler(2, 'Undefined array key "id"', 'C:\\xampp\\htdocs\\cake_shop\\app\\Controllers\\ProductController.php', 137)
 2 SYSTEMPATH\CodeIgniter.php(942): App\Controllers\ProductController->addToCart()
 3 SYSTEMPATH\CodeIgniter.php(502): CodeIgniter\CodeIgniter->runController(Object(App\Controllers\ProductController))
 4 SYSTEMPATH\CodeIgniter.php(361): CodeIgniter\CodeIgniter->handleRequest(null, Object(Config\Cache), false)
 5 FCPATH\index.php(81): CodeIgniter\CodeIgniter->run()
CRITICAL - 2024-01-20 04:46:43 --> Undefined array key "id"
in APPPATH\Controllers\ProductController.php on line 137.
 1 APPPATH\Controllers\ProductController.php(137): CodeIgniter\Debug\Exceptions->errorHandler(2, 'Undefined array key "id"', 'C:\\xampp\\htdocs\\cake_shop\\app\\Controllers\\ProductController.php', 137)
 2 SYSTEMPATH\CodeIgniter.php(942): App\Controllers\ProductController->addToCart()
 3 SYSTEMPATH\CodeIgniter.php(502): CodeIgniter\CodeIgniter->runController(Object(App\Controllers\ProductController))
 4 SYSTEMPATH\CodeIgniter.php(361): CodeIgniter\CodeIgniter->handleRequest(null, Object(Config\Cache), false)
 5 FCPATH\index.php(81): CodeIgniter\CodeIgniter->run()
CRITICAL - 2024-01-20 04:46:43 --> Undefined array key "id"
in APPPATH\Controllers\ProductController.php on line 137.
 1 APPPATH\Controllers\ProductController.php(137): CodeIgniter\Debug\Exceptions->errorHandler(2, 'Undefined array key "id"', 'C:\\xampp\\htdocs\\cake_shop\\app\\Controllers\\ProductController.php', 137)
 2 SYSTEMPATH\CodeIgniter.php(942): App\Controllers\ProductController->addToCart()
 3 SYSTEMPATH\CodeIgniter.php(502): CodeIgniter\CodeIgniter->runController(Object(App\Controllers\ProductController))
 4 SYSTEMPATH\CodeIgniter.php(361): CodeIgniter\CodeIgniter->handleRequest(null, Object(Config\Cache), false)
 5 FCPATH\index.php(81): CodeIgniter\CodeIgniter->run()
CRITICAL - 2024-01-20 04:46:43 --> Undefined array key "id"
in APPPATH\Controllers\ProductController.php on line 137.
 1 APPPATH\Controllers\ProductController.php(137): CodeIgniter\Debug\Exceptions->errorHandler(2, 'Undefined array key "id"', 'C:\\xampp\\htdocs\\cake_shop\\app\\Controllers\\ProductController.php', 137)
 2 SYSTEMPATH\CodeIgniter.php(942): App\Controllers\ProductController->addToCart()
 3 SYSTEMPATH\CodeIgniter.php(502): CodeIgniter\CodeIgniter->runController(Object(App\Controllers\ProductController))
 4 SYSTEMPATH\CodeIgniter.php(361): CodeIgniter\CodeIgniter->handleRequest(null, Object(Config\Cache), false)
 5 FCPATH\index.php(81): CodeIgniter\CodeIgniter->run()
CRITICAL - 2024-01-20 04:48:30 --> Undefined array key "id"
in APPPATH\Controllers\ProductController.php on line 137.
 1 APPPATH\Controllers\ProductController.php(137): CodeIgniter\Debug\Exceptions->errorHandler(2, 'Undefined array key "id"', 'C:\\xampp\\htdocs\\cake_shop\\app\\Controllers\\ProductController.php', 137)
 2 SYSTEMPATH\CodeIgniter.php(942): App\Controllers\ProductController->addToCart()
 3 SYSTEMPATH\CodeIgniter.php(502): CodeIgniter\CodeIgniter->runController(Object(App\Controllers\ProductController))
 4 SYSTEMPATH\CodeIgniter.php(361): CodeIgniter\CodeIgniter->handleRequest(null, Object(Config\Cache), false)
 5 FCPATH\index.php(81): CodeIgniter\CodeIgniter->run()
CRITICAL - 2024-01-20 04:48:35 --> Undefined array key "id"
in APPPATH\Controllers\ProductController.php on line 137.
 1 APPPATH\Controllers\ProductController.php(137): CodeIgniter\Debug\Exceptions->errorHandler(2, 'Undefined array key "id"', 'C:\\xampp\\htdocs\\cake_shop\\app\\Controllers\\ProductController.php', 137)
 2 SYSTEMPATH\CodeIgniter.php(942): App\Controllers\ProductController->addToCart()
 3 SYSTEMPATH\CodeIgniter.php(502): CodeIgniter\CodeIgniter->runController(Object(App\Controllers\ProductController))
 4 SYSTEMPATH\CodeIgniter.php(361): CodeIgniter\CodeIgniter->handleRequest(null, Object(Config\Cache), false)
 5 FCPATH\index.php(81): CodeIgniter\CodeIgniter->run()
CRITICAL - 2024-01-20 04:48:36 --> Undefined array key "id"
in APPPATH\Controllers\ProductController.php on line 137.
 1 APPPATH\Controllers\ProductController.php(137): CodeIgniter\Debug\Exceptions->errorHandler(2, 'Undefined array key "id"', 'C:\\xampp\\htdocs\\cake_shop\\app\\Controllers\\ProductController.php', 137)
 2 SYSTEMPATH\CodeIgniter.php(942): App\Controllers\ProductController->addToCart()
 3 SYSTEMPATH\CodeIgniter.php(502): CodeIgniter\CodeIgniter->runController(Object(App\Controllers\ProductController))
 4 SYSTEMPATH\CodeIgniter.php(361): CodeIgniter\CodeIgniter->handleRequest(null, Object(Config\Cache), false)
 5 FCPATH\index.php(81): CodeIgniter\CodeIgniter->run()
CRITICAL - 2024-01-20 04:48:36 --> Undefined array key "id"
in APPPATH\Controllers\ProductController.php on line 137.
 1 APPPATH\Controllers\ProductController.php(137): CodeIgniter\Debug\Exceptions->errorHandler(2, 'Undefined array key "id"', 'C:\\xampp\\htdocs\\cake_shop\\app\\Controllers\\ProductController.php', 137)
 2 SYSTEMPATH\CodeIgniter.php(942): App\Controllers\ProductController->addToCart()
 3 SYSTEMPATH\CodeIgniter.php(502): CodeIgniter\CodeIgniter->runController(Object(App\Controllers\ProductController))
 4 SYSTEMPATH\CodeIgniter.php(361): CodeIgniter\CodeIgniter->handleRequest(null, Object(Config\Cache), false)
 5 FCPATH\index.php(81): CodeIgniter\CodeIgniter->run()
CRITICAL - 2024-01-20 04:48:36 --> Undefined array key "id"
in APPPATH\Controllers\ProductController.php on line 137.
 1 APPPATH\Controllers\ProductController.php(137): CodeIgniter\Debug\Exceptions->errorHandler(2, 'Undefined array key "id"', 'C:\\xampp\\htdocs\\cake_shop\\app\\Controllers\\ProductController.php', 137)
 2 SYSTEMPATH\CodeIgniter.php(942): App\Controllers\ProductController->addToCart()
 3 SYSTEMPATH\CodeIgniter.php(502): CodeIgniter\CodeIgniter->runController(Object(App\Controllers\ProductController))
 4 SYSTEMPATH\CodeIgniter.php(361): CodeIgniter\CodeIgniter->handleRequest(null, Object(Config\Cache), false)
 5 FCPATH\index.php(81): CodeIgniter\CodeIgniter->run()
CRITICAL - 2024-01-20 04:48:54 --> Cannot access offset of type string on string
in APPPATH\Controllers\ProductController.php on line 137.
 1 SYSTEMPATH\CodeIgniter.php(942): App\Controllers\ProductController->addToCart()
 2 SYSTEMPATH\CodeIgniter.php(502): CodeIgniter\CodeIgniter->runController(Object(App\Controllers\ProductController))
 3 SYSTEMPATH\CodeIgniter.php(361): CodeIgniter\CodeIgniter->handleRequest(null, Object(Config\Cache), false)
 4 FCPATH\index.php(81): CodeIgniter\CodeIgniter->run()
CRITICAL - 2024-01-20 04:48:55 --> Cannot access offset of type string on string
in APPPATH\Controllers\ProductController.php on line 137.
 1 SYSTEMPATH\CodeIgniter.php(942): App\Controllers\ProductController->addToCart()
 2 SYSTEMPATH\CodeIgniter.php(502): CodeIgniter\CodeIgniter->runController(Object(App\Controllers\ProductController))
 3 SYSTEMPATH\CodeIgniter.php(361): CodeIgniter\CodeIgniter->handleRequest(null, Object(Config\Cache), false)
 4 FCPATH\index.php(81): CodeIgniter\CodeIgniter->run()
CRITICAL - 2024-01-20 04:48:55 --> Cannot access offset of type string on string
in APPPATH\Controllers\ProductController.php on line 137.
 1 SYSTEMPATH\CodeIgniter.php(942): App\Controllers\ProductController->addToCart()
 2 SYSTEMPATH\CodeIgniter.php(502): CodeIgniter\CodeIgniter->runController(Object(App\Controllers\ProductController))
 3 SYSTEMPATH\CodeIgniter.php(361): CodeIgniter\CodeIgniter->handleRequest(null, Object(Config\Cache), false)
 4 FCPATH\index.php(81): CodeIgniter\CodeIgniter->run()
CRITICAL - 2024-01-20 04:48:55 --> Cannot access offset of type string on string
in APPPATH\Controllers\ProductController.php on line 137.
 1 SYSTEMPATH\CodeIgniter.php(942): App\Controllers\ProductController->addToCart()
 2 SYSTEMPATH\CodeIgniter.php(502): CodeIgniter\CodeIgniter->runController(Object(App\Controllers\ProductController))
 3 SYSTEMPATH\CodeIgniter.php(361): CodeIgniter\CodeIgniter->handleRequest(null, Object(Config\Cache), false)
 4 FCPATH\index.php(81): CodeIgniter\CodeIgniter->run()
CRITICAL - 2024-01-20 04:48:55 --> Cannot access offset of type string on string
in APPPATH\Controllers\ProductController.php on line 137.
 1 SYSTEMPATH\CodeIgniter.php(942): App\Controllers\ProductController->addToCart()
 2 SYSTEMPATH\CodeIgniter.php(502): CodeIgniter\CodeIgniter->runController(Object(App\Controllers\ProductController))
 3 SYSTEMPATH\CodeIgniter.php(361): CodeIgniter\CodeIgniter->handleRequest(null, Object(Config\Cache), false)
 4 FCPATH\index.php(81): CodeIgniter\CodeIgniter->run()
CRITICAL - 2024-01-20 04:48:56 --> Cannot access offset of type string on string
in APPPATH\Controllers\ProductController.php on line 137.
 1 SYSTEMPATH\CodeIgniter.php(942): App\Controllers\ProductController->addToCart()
 2 SYSTEMPATH\CodeIgniter.php(502): CodeIgniter\CodeIgniter->runController(Object(App\Controllers\ProductController))
 3 SYSTEMPATH\CodeIgniter.php(361): CodeIgniter\CodeIgniter->handleRequest(null, Object(Config\Cache), false)
 4 FCPATH\index.php(81): CodeIgniter\CodeIgniter->run()
CRITICAL - 2024-01-20 04:48:56 --> Cannot access offset of type string on string
in APPPATH\Controllers\ProductController.php on line 137.
 1 SYSTEMPATH\CodeIgniter.php(942): App\Controllers\ProductController->addToCart()
 2 SYSTEMPATH\CodeIgniter.php(502): CodeIgniter\CodeIgniter->runController(Object(App\Controllers\ProductController))
 3 SYSTEMPATH\CodeIgniter.php(361): CodeIgniter\CodeIgniter->handleRequest(null, Object(Config\Cache), false)
 4 FCPATH\index.php(81): CodeIgniter\CodeIgniter->run()
CRITICAL - 2024-01-20 04:48:57 --> Cannot access offset of type string on string
in APPPATH\Controllers\ProductController.php on line 137.
 1 SYSTEMPATH\CodeIgniter.php(942): App\Controllers\ProductController->addToCart()
 2 SYSTEMPATH\CodeIgniter.php(502): CodeIgniter\CodeIgniter->runController(Object(App\Controllers\ProductController))
 3 SYSTEMPATH\CodeIgniter.php(361): CodeIgniter\CodeIgniter->handleRequest(null, Object(Config\Cache), false)
 4 FCPATH\index.php(81): CodeIgniter\CodeIgniter->run()
CRITICAL - 2024-01-20 04:48:57 --> Cannot access offset of type string on string
in APPPATH\Controllers\ProductController.php on line 137.
 1 SYSTEMPATH\CodeIgniter.php(942): App\Controllers\ProductController->addToCart()
 2 SYSTEMPATH\CodeIgniter.php(502): CodeIgniter\CodeIgniter->runController(Object(App\Controllers\ProductController))
 3 SYSTEMPATH\CodeIgniter.php(361): CodeIgniter\CodeIgniter->handleRequest(null, Object(Config\Cache), false)
 4 FCPATH\index.php(81): CodeIgniter\CodeIgniter->run()
CRITICAL - 2024-01-20 04:48:57 --> Cannot access offset of type string on string
in APPPATH\Controllers\ProductController.php on line 137.
 1 SYSTEMPATH\CodeIgniter.php(942): App\Controllers\ProductController->addToCart()
 2 SYSTEMPATH\CodeIgniter.php(502): CodeIgniter\CodeIgniter->runController(Object(App\Controllers\ProductController))
 3 SYSTEMPATH\CodeIgniter.php(361): CodeIgniter\CodeIgniter->handleRequest(null, Object(Config\Cache), false)
 4 FCPATH\index.php(81): CodeIgniter\CodeIgniter->run()
CRITICAL - 2024-01-20 04:48:57 --> Cannot access offset of type string on string
in APPPATH\Controllers\ProductController.php on line 137.
 1 SYSTEMPATH\CodeIgniter.php(942): App\Controllers\ProductController->addToCart()
 2 SYSTEMPATH\CodeIgniter.php(502): CodeIgniter\CodeIgniter->runController(Object(App\Controllers\ProductController))
 3 SYSTEMPATH\CodeIgniter.php(361): CodeIgniter\CodeIgniter->handleRequest(null, Object(Config\Cache), false)
 4 FCPATH\index.php(81): CodeIgniter\CodeIgniter->run()
CRITICAL - 2024-01-20 04:49:03 --> Cannot access offset of type string on string
in APPPATH\Controllers\ProductController.php on line 137.
 1 SYSTEMPATH\CodeIgniter.php(942): App\Controllers\ProductController->addToCart()
 2 SYSTEMPATH\CodeIgniter.php(502): CodeIgniter\CodeIgniter->runController(Object(App\Controllers\ProductController))
 3 SYSTEMPATH\CodeIgniter.php(361): CodeIgniter\CodeIgniter->handleRequest(null, Object(Config\Cache), false)
 4 FCPATH\index.php(81): CodeIgniter\CodeIgniter->run()
CRITICAL - 2024-01-20 04:49:03 --> Cannot access offset of type string on string
in APPPATH\Controllers\ProductController.php on line 137.
 1 SYSTEMPATH\CodeIgniter.php(942): App\Controllers\ProductController->addToCart()
 2 SYSTEMPATH\CodeIgniter.php(502): CodeIgniter\CodeIgniter->runController(Object(App\Controllers\ProductController))
 3 SYSTEMPATH\CodeIgniter.php(361): CodeIgniter\CodeIgniter->handleRequest(null, Object(Config\Cache), false)
 4 FCPATH\index.php(81): CodeIgniter\CodeIgniter->run()
CRITICAL - 2024-01-20 04:49:03 --> Cannot access offset of type string on string
in APPPATH\Controllers\ProductController.php on line 137.
 1 SYSTEMPATH\CodeIgniter.php(942): App\Controllers\ProductController->addToCart()
 2 SYSTEMPATH\CodeIgniter.php(502): CodeIgniter\CodeIgniter->runController(Object(App\Controllers\ProductController))
 3 SYSTEMPATH\CodeIgniter.php(361): CodeIgniter\CodeIgniter->handleRequest(null, Object(Config\Cache), false)
 4 FCPATH\index.php(81): CodeIgniter\CodeIgniter->run()
CRITICAL - 2024-01-20 04:52:43 --> Cannot access offset of type string on string
in APPPATH\Controllers\ProductController.php on line 138.
 1 SYSTEMPATH\CodeIgniter.php(942): App\Controllers\ProductController->addToCart()
 2 SYSTEMPATH\CodeIgniter.php(502): CodeIgniter\CodeIgniter->runController(Object(App\Controllers\ProductController))
 3 SYSTEMPATH\CodeIgniter.php(361): CodeIgniter\CodeIgniter->handleRequest(null, Object(Config\Cache), false)
 4 FCPATH\index.php(81): CodeIgniter\CodeIgniter->run()
CRITICAL - 2024-01-20 04:52:43 --> Cannot access offset of type string on string
in APPPATH\Controllers\ProductController.php on line 138.
 1 SYSTEMPATH\CodeIgniter.php(942): App\Controllers\ProductController->addToCart()
 2 SYSTEMPATH\CodeIgniter.php(502): CodeIgniter\CodeIgniter->runController(Object(App\Controllers\ProductController))
 3 SYSTEMPATH\CodeIgniter.php(361): CodeIgniter\CodeIgniter->handleRequest(null, Object(Config\Cache), false)
 4 FCPATH\index.php(81): CodeIgniter\CodeIgniter->run()
CRITICAL - 2024-01-20 04:52:43 --> Cannot access offset of type string on string
in APPPATH\Controllers\ProductController.php on line 138.
 1 SYSTEMPATH\CodeIgniter.php(942): App\Controllers\ProductController->addToCart()
 2 SYSTEMPATH\CodeIgniter.php(502): CodeIgniter\CodeIgniter->runController(Object(App\Controllers\ProductController))
 3 SYSTEMPATH\CodeIgniter.php(361): CodeIgniter\CodeIgniter->handleRequest(null, Object(Config\Cache), false)
 4 FCPATH\index.php(81): CodeIgniter\CodeIgniter->run()
CRITICAL - 2024-01-20 04:52:44 --> Cannot access offset of type string on string
in APPPATH\Controllers\ProductController.php on line 138.
 1 SYSTEMPATH\CodeIgniter.php(942): App\Controllers\ProductController->addToCart()
 2 SYSTEMPATH\CodeIgniter.php(502): CodeIgniter\CodeIgniter->runController(Object(App\Controllers\ProductController))
 3 SYSTEMPATH\CodeIgniter.php(361): CodeIgniter\CodeIgniter->handleRequest(null, Object(Config\Cache), false)
 4 FCPATH\index.php(81): CodeIgniter\CodeIgniter->run()
CRITICAL - 2024-01-20 04:52:44 --> Cannot access offset of type string on string
in APPPATH\Controllers\ProductController.php on line 138.
 1 SYSTEMPATH\CodeIgniter.php(942): App\Controllers\ProductController->addToCart()
 2 SYSTEMPATH\CodeIgniter.php(502): CodeIgniter\CodeIgniter->runController(Object(App\Controllers\ProductController))
 3 SYSTEMPATH\CodeIgniter.php(361): CodeIgniter\CodeIgniter->handleRequest(null, Object(Config\Cache), false)
 4 FCPATH\index.php(81): CodeIgniter\CodeIgniter->run()
CRITICAL - 2024-01-20 04:52:44 --> Cannot access offset of type string on string
in APPPATH\Controllers\ProductController.php on line 138.
 1 SYSTEMPATH\CodeIgniter.php(942): App\Controllers\ProductController->addToCart()
 2 SYSTEMPATH\CodeIgniter.php(502): CodeIgniter\CodeIgniter->runController(Object(App\Controllers\ProductController))
 3 SYSTEMPATH\CodeIgniter.php(361): CodeIgniter\CodeIgniter->handleRequest(null, Object(Config\Cache), false)
 4 FCPATH\index.php(81): CodeIgniter\CodeIgniter->run()
CRITICAL - 2024-01-20 04:52:45 --> Cannot access offset of type string on string
in APPPATH\Controllers\ProductController.php on line 138.
 1 SYSTEMPATH\CodeIgniter.php(942): App\Controllers\ProductController->addToCart()
 2 SYSTEMPATH\CodeIgniter.php(502): CodeIgniter\CodeIgniter->runController(Object(App\Controllers\ProductController))
 3 SYSTEMPATH\CodeIgniter.php(361): CodeIgniter\CodeIgniter->handleRequest(null, Object(Config\Cache), false)
 4 FCPATH\index.php(81): CodeIgniter\CodeIgniter->run()
CRITICAL - 2024-01-20 04:52:45 --> Cannot access offset of type string on string
in APPPATH\Controllers\ProductController.php on line 138.
 1 SYSTEMPATH\CodeIgniter.php(942): App\Controllers\ProductController->addToCart()
 2 SYSTEMPATH\CodeIgniter.php(502): CodeIgniter\CodeIgniter->runController(Object(App\Controllers\ProductController))
 3 SYSTEMPATH\CodeIgniter.php(361): CodeIgniter\CodeIgniter->handleRequest(null, Object(Config\Cache), false)
 4 FCPATH\index.php(81): CodeIgniter\CodeIgniter->run()
ERROR - 2024-01-20 04:54:59 --> mysqli_sql_exception: Table 'shop.shipping' doesn't exist in C:\xampp\htdocs\cake_shop\system\Database\MySQLi\Connection.php:306
Stack trace:
#0 C:\xampp\htdocs\cake_shop\system\Database\MySQLi\Connection.php(306): mysqli->query('SELECT *\nFROM `...', 0)
#1 C:\xampp\htdocs\cake_shop\system\Database\BaseConnection.php(693): CodeIgniter\Database\MySQLi\Connection->execute('SELECT *\nFROM `...')
#2 C:\xampp\htdocs\cake_shop\system\Database\BaseConnection.php(607): CodeIgniter\Database\BaseConnection->simpleQuery('SELECT *\nFROM `...')
#3 C:\xampp\htdocs\cake_shop\system\Database\BaseBuilder.php(1615): CodeIgniter\Database\BaseConnection->query('SELECT *\nFROM `...', Array, false)
#4 C:\xampp\htdocs\cake_shop\system\Model.php(237): CodeIgniter\Database\BaseBuilder->get()
#5 C:\xampp\htdocs\cake_shop\system\BaseModel.php(624): CodeIgniter\Model->doFindAll(0, 0)
#6 C:\xampp\htdocs\cake_shop\app\Controllers\AdminController.php(12): CodeIgniter\BaseModel->findAll()
#7 C:\xampp\htdocs\cake_shop\system\CodeIgniter.php(942): App\Controllers\AdminController->admin_dashboard()
#8 C:\xampp\htdocs\cake_shop\system\CodeIgniter.php(502): CodeIgniter\CodeIgniter->runController(Object(App\Controllers\AdminController))
#9 C:\xampp\htdocs\cake_shop\system\CodeIgniter.php(361): CodeIgniter\CodeIgniter->handleRequest(NULL, Object(Config\Cache), false)
#10 C:\xampp\htdocs\cake_shop\index.php(81): CodeIgniter\CodeIgniter->run()
#11 {main}
CRITICAL - 2024-01-20 04:54:59 --> Table 'shop.shipping' doesn't exist
in SYSTEMPATH\Database\BaseConnection.php on line 647.
 1 SYSTEMPATH\Database\BaseBuilder.php(1615): CodeIgniter\Database\BaseConnection->query('SELECT *
FROM `shipping`', [], false)
 2 SYSTEMPATH\Model.php(237): CodeIgniter\Database\BaseBuilder->get()
 3 SYSTEMPATH\BaseModel.php(624): CodeIgniter\Model->doFindAll(0, 0)
 4 APPPATH\Controllers\AdminController.php(12): CodeIgniter\BaseModel->findAll()
 5 SYSTEMPATH\CodeIgniter.php(942): App\Controllers\AdminController->admin_dashboard()
 6 SYSTEMPATH\CodeIgniter.php(502): CodeIgniter\CodeIgniter->runController(Object(App\Controllers\AdminController))
 7 SYSTEMPATH\CodeIgniter.php(361): CodeIgniter\CodeIgniter->handleRequest(null, Object(Config\Cache), false)
 8 FCPATH\index.php(81): CodeIgniter\CodeIgniter->run()
ERROR - 2024-01-20 04:55:59 --> mysqli_sql_exception: Table 'shop.shipping' doesn't exist in C:\xampp\htdocs\cake_shop\system\Database\MySQLi\Connection.php:306
Stack trace:
#0 C:\xampp\htdocs\cake_shop\system\Database\MySQLi\Connection.php(306): mysqli->query('SELECT *\nFROM `...', 0)
#1 C:\xampp\htdocs\cake_shop\system\Database\BaseConnection.php(693): CodeIgniter\Database\MySQLi\Connection->execute('SELECT *\nFROM `...')
#2 C:\xampp\htdocs\cake_shop\system\Database\BaseConnection.php(607): CodeIgniter\Database\BaseConnection->simpleQuery('SELECT *\nFROM `...')
#3 C:\xampp\htdocs\cake_shop\system\Database\BaseBuilder.php(1615): CodeIgniter\Database\BaseConnection->query('SELECT *\nFROM `...', Array, false)
#4 C:\xampp\htdocs\cake_shop\system\Model.php(237): CodeIgniter\Database\BaseBuilder->get()
#5 C:\xampp\htdocs\cake_shop\system\BaseModel.php(624): CodeIgniter\Model->doFindAll(0, 0)
#6 C:\xampp\htdocs\cake_shop\app\Controllers\AdminController.php(12): CodeIgniter\BaseModel->findAll()
#7 C:\xampp\htdocs\cake_shop\system\CodeIgniter.php(942): App\Controllers\AdminController->admin_dashboard()
#8 C:\xampp\htdocs\cake_shop\system\CodeIgniter.php(502): CodeIgniter\CodeIgniter->runController(Object(App\Controllers\AdminController))
#9 C:\xampp\htdocs\cake_shop\system\CodeIgniter.php(361): CodeIgniter\CodeIgniter->handleRequest(NULL, Object(Config\Cache), false)
#10 C:\xampp\htdocs\cake_shop\index.php(81): CodeIgniter\CodeIgniter->run()
#11 {main}
CRITICAL - 2024-01-20 04:55:59 --> Table 'shop.shipping' doesn't exist
in SYSTEMPATH\Database\BaseConnection.php on line 647.
 1 SYSTEMPATH\Database\BaseBuilder.php(1615): CodeIgniter\Database\BaseConnection->query('SELECT *
FROM `shipping`', [], false)
 2 SYSTEMPATH\Model.php(237): CodeIgniter\Database\BaseBuilder->get()
 3 SYSTEMPATH\BaseModel.php(624): CodeIgniter\Model->doFindAll(0, 0)
 4 APPPATH\Controllers\AdminController.php(12): CodeIgniter\BaseModel->findAll()
 5 SYSTEMPATH\CodeIgniter.php(942): App\Controllers\AdminController->admin_dashboard()
 6 SYSTEMPATH\CodeIgniter.php(502): CodeIgniter\CodeIgniter->runController(Object(App\Controllers\AdminController))
 7 SYSTEMPATH\CodeIgniter.php(361): CodeIgniter\CodeIgniter->handleRequest(null, Object(Config\Cache), false)
 8 FCPATH\index.php(81): CodeIgniter\CodeIgniter->run()
CRITICAL - 2024-01-20 04:56:32 --> Undefined variable $shipping
in APPPATH\Views\dashboard\admin_dashboard.php on line 10.
 1 APPPATH\Views\dashboard\admin_dashboard.php(10): CodeIgniter\Debug\Exceptions->errorHandler(2, 'Undefined variable $shipping', 'C:\\xampp\\htdocs\\cake_shop\\app\\Views\\dashboard\\admin_dashboard.php', 10)
 2 SYSTEMPATH\View\View.php(228): include('C:\\xampp\\htdocs\\cake_shop\\app\\Views\\dashboard\\admin_dashboard.php')
 3 SYSTEMPATH\View\View.php(231): CodeIgniter\View\View->CodeIgniter\View\{closure}()
 4 SYSTEMPATH\Common.php(1190): CodeIgniter\View\View->render('dashboard/admin_dashboard', [], true)
 5 APPPATH\Controllers\AdminController.php(13): view('dashboard/admin_dashboard')
 6 SYSTEMPATH\CodeIgniter.php(942): App\Controllers\AdminController->admin_dashboard()
 7 SYSTEMPATH\CodeIgniter.php(502): CodeIgniter\CodeIgniter->runController(Object(App\Controllers\AdminController))
 8 SYSTEMPATH\CodeIgniter.php(361): CodeIgniter\CodeIgniter->handleRequest(null, Object(Config\Cache), false)
 9 FCPATH\index.php(81): CodeIgniter\CodeIgniter->run()
