CRITICAL - 2024-01-18 09:12:29 --> Class "App\Controllers\Services" not found
in APPPATH\Controllers\Home.php on line 107.
 1 SYSTEMPATH\CodeIgniter.php(942): App\Controllers\Home->login()
 2 SYSTEMPATH\CodeIgniter.php(502): CodeIgniter\CodeIgniter->runController(Object(App\Controllers\Home))
 3 SYSTEMPATH\CodeIgniter.php(361): CodeIgniter\CodeIgniter->handleRequest(null, Object(Config\Cache), false)
 4 FCPATH\index.php(81): CodeIgniter\CodeIgniter->run()
CRITICAL - 2024-01-18 09:13:18 --> Class "App\Controllers\Client" not found
in APPPATH\Controllers\Home.php on line 109.
 1 SYSTEMPATH\CodeIgniter.php(942): App\Controllers\Home->login()
 2 SYSTEMPATH\CodeIgniter.php(502): CodeIgniter\CodeIgniter->runController(Object(App\Controllers\Home))
 3 SYSTEMPATH\CodeIgniter.php(361): CodeIgniter\CodeIgniter->handleRequest(null, Object(Config\Cache), false)
 4 FCPATH\index.php(81): CodeIgniter\CodeIgniter->run()
CRITICAL - 2024-01-18 09:14:27 --> Class "App\Controllers\Services" not found
in APPPATH\Controllers\Home.php on line 107.
 1 SYSTEMPATH\CodeIgniter.php(942): App\Controllers\Home->login()
 2 SYSTEMPATH\CodeIgniter.php(502): CodeIgniter\CodeIgniter->runController(Object(App\Controllers\Home))
 3 SYSTEMPATH\CodeIgniter.php(361): CodeIgniter\CodeIgniter->handleRequest(null, Object(Config\Cache), false)
 4 FCPATH\index.php(81): CodeIgniter\CodeIgniter->run()
CRITICAL - 2024-01-18 09:16:02 --> Class "App\Controllers\Services" not found
in APPPATH\Controllers\Home.php on line 108.
 1 SYSTEMPATH\CodeIgniter.php(942): App\Controllers\Home->login()
 2 SYSTEMPATH\CodeIgniter.php(502): CodeIgniter\CodeIgniter->runController(Object(App\Controllers\Home))
 3 SYSTEMPATH\CodeIgniter.php(361): CodeIgniter\CodeIgniter->handleRequest(null, Object(Config\Cache), false)
 4 FCPATH\index.php(81): CodeIgniter\CodeIgniter->run()
CRITICAL - 2024-01-18 09:16:29 --> Class "App\Controllers\Client" not found
in APPPATH\Controllers\Home.php on line 111.
 1 SYSTEMPATH\CodeIgniter.php(942): App\Controllers\Home->login()
 2 SYSTEMPATH\CodeIgniter.php(502): CodeIgniter\CodeIgniter->runController(Object(App\Controllers\Home))
 3 SYSTEMPATH\CodeIgniter.php(361): CodeIgniter\CodeIgniter->handleRequest(null, Object(Config\Cache), false)
 4 FCPATH\index.php(81): CodeIgniter\CodeIgniter->run()
CRITICAL - 2024-01-18 09:21:04 --> Undefined array key "error"
in APPPATH\Controllers\Home.php on line 121.
 1 APPPATH\Controllers\Home.php(121): CodeIgniter\Debug\Exceptions->errorHandler(2, 'Undefined array key "error"', 'C:\\xampp\\htdocs\\cake_shop\\app\\Controllers\\Home.php', 121)
 2 SYSTEMPATH\CodeIgniter.php(942): App\Controllers\Home->login()
 3 SYSTEMPATH\CodeIgniter.php(502): CodeIgniter\CodeIgniter->runController(Object(App\Controllers\Home))
 4 SYSTEMPATH\CodeIgniter.php(361): CodeIgniter\CodeIgniter->handleRequest(null, Object(Config\Cache), false)
 5 FCPATH\index.php(81): CodeIgniter\CodeIgniter->run()
CRITICAL - 2024-01-18 09:23:52 --> view(): Argument #2 ($data) must be of type array, Google\Service\Oauth2\Userinfo given, called in C:\xampp\htdocs\cake_shop\app\Controllers\Home.php on line 135
in SYSTEMPATH\Common.php on line 1178.
 1 APPPATH\Controllers\Home.php(135): view('login', Object(Google\Service\Oauth2\Userinfo))
 2 SYSTEMPATH\CodeIgniter.php(942): App\Controllers\Home->login()
 3 SYSTEMPATH\CodeIgniter.php(502): CodeIgniter\CodeIgniter->runController(Object(App\Controllers\Home))
 4 SYSTEMPATH\CodeIgniter.php(361): CodeIgniter\CodeIgniter->handleRequest(null, Object(Config\Cache), false)
 5 FCPATH\index.php(81): CodeIgniter\CodeIgniter->run()
CRITICAL - 2024-01-18 09:29:56 --> Cannot use CodeIgniter\Controller as Controller because the name is already in use
in APPPATH\Controllers\Home.php on line 9.
 1 [internal function]: CodeIgniter\Debug\Exceptions->shutdownHandler()
CRITICAL - 2024-01-18 14:05:55 --> Undefined array key "error"
in APPPATH\Controllers\Home.php on line 121.
 1 APPPATH\Controllers\Home.php(121): CodeIgniter\Debug\Exceptions->errorHandler(2, 'Undefined array key "error"', 'C:\\xampp\\htdocs\\cake_shop\\app\\Controllers\\Home.php', 121)
 2 SYSTEMPATH\CodeIgniter.php(942): App\Controllers\Home->login()
 3 SYSTEMPATH\CodeIgniter.php(502): CodeIgniter\CodeIgniter->runController(Object(App\Controllers\Home))
 4 SYSTEMPATH\CodeIgniter.php(361): CodeIgniter\CodeIgniter->handleRequest(null, Object(Config\Cache), false)
 5 FCPATH\index.php(81): CodeIgniter\CodeIgniter->run()
CRITICAL - 2024-01-18 14:06:42 --> Undefined array key "error"
in APPPATH\Controllers\Home.php on line 121.
 1 APPPATH\Controllers\Home.php(121): CodeIgniter\Debug\Exceptions->errorHandler(2, 'Undefined array key "error"', 'C:\\xampp\\htdocs\\cake_shop\\app\\Controllers\\Home.php', 121)
 2 SYSTEMPATH\CodeIgniter.php(942): App\Controllers\Home->login()
 3 SYSTEMPATH\CodeIgniter.php(502): CodeIgniter\CodeIgniter->runController(Object(App\Controllers\Home))
 4 SYSTEMPATH\CodeIgniter.php(361): CodeIgniter\CodeIgniter->handleRequest(null, Object(Config\Cache), false)
 5 FCPATH\index.php(81): CodeIgniter\CodeIgniter->run()
CRITICAL - 2024-01-18 14:06:48 --> Undefined array key "error"
in APPPATH\Controllers\Home.php on line 121.
 1 APPPATH\Controllers\Home.php(121): CodeIgniter\Debug\Exceptions->errorHandler(2, 'Undefined array key "error"', 'C:\\xampp\\htdocs\\cake_shop\\app\\Controllers\\Home.php', 121)
 2 SYSTEMPATH\CodeIgniter.php(942): App\Controllers\Home->login()
 3 SYSTEMPATH\CodeIgniter.php(502): CodeIgniter\CodeIgniter->runController(Object(App\Controllers\Home))
 4 SYSTEMPATH\CodeIgniter.php(361): CodeIgniter\CodeIgniter->handleRequest(null, Object(Config\Cache), false)
 5 FCPATH\index.php(81): CodeIgniter\CodeIgniter->run()
CRITICAL - 2024-01-18 14:07:18 --> Undefined array key "error"
in APPPATH\Controllers\Home.php on line 121.
 1 APPPATH\Controllers\Home.php(121): CodeIgniter\Debug\Exceptions->errorHandler(2, 'Undefined array key "error"', 'C:\\xampp\\htdocs\\cake_shop\\app\\Controllers\\Home.php', 121)
 2 SYSTEMPATH\CodeIgniter.php(942): App\Controllers\Home->login()
 3 SYSTEMPATH\CodeIgniter.php(502): CodeIgniter\CodeIgniter->runController(Object(App\Controllers\Home))
 4 SYSTEMPATH\CodeIgniter.php(361): CodeIgniter\CodeIgniter->handleRequest(null, Object(Config\Cache), false)
 5 FCPATH\index.php(81): CodeIgniter\CodeIgniter->run()
CRITICAL - 2024-01-18 14:08:49 --> view(): Argument #2 ($data) must be of type array, Google\Service\Oauth2\Userinfo given, called in C:\xampp\htdocs\cake_shop\app\Controllers\Home.php on line 135
in SYSTEMPATH\Common.php on line 1178.
 1 APPPATH\Controllers\Home.php(135): view('login', Object(Google\Service\Oauth2\Userinfo))
 2 SYSTEMPATH\CodeIgniter.php(942): App\Controllers\Home->login()
 3 SYSTEMPATH\CodeIgniter.php(502): CodeIgniter\CodeIgniter->runController(Object(App\Controllers\Home))
 4 SYSTEMPATH\CodeIgniter.php(361): CodeIgniter\CodeIgniter->handleRequest(null, Object(Config\Cache), false)
 5 FCPATH\index.php(81): CodeIgniter\CodeIgniter->run()
CRITICAL - 2024-01-18 14:54:57 --> Undefined property: App\Controllers\Home::$userModel
in APPPATH\Controllers\Home.php on line 133.
 1 APPPATH\Controllers\Home.php(133): CodeIgniter\Debug\Exceptions->errorHandler(2, 'Undefined property: App\\Controllers\\Home::$userModel', 'C:\\xampp\\htdocs\\cake_shop\\app\\Controllers\\Home.php', 133)
 2 SYSTEMPATH\CodeIgniter.php(942): App\Controllers\Home->login()
 3 SYSTEMPATH\CodeIgniter.php(502): CodeIgniter\CodeIgniter->runController(Object(App\Controllers\Home))
 4 SYSTEMPATH\CodeIgniter.php(361): CodeIgniter\CodeIgniter->handleRequest(null, Object(Config\Cache), false)
 5 FCPATH\index.php(81): CodeIgniter\CodeIgniter->run()
CRITICAL - 2024-01-18 14:58:11 --> cURL error 6: Could not resolve host: www.googleapis.com (see https://curl.haxx.se/libcurl/c/libcurl-errors.html) for https://www.googleapis.com/oauth2/v2/userinfo
in FCPATH\vendor\guzzlehttp\guzzle\src\Handler\CurlFactory.php on line 210.
 1 FCPATH\vendor\guzzlehttp\guzzle\src\Handler\CurlFactory.php(158): GuzzleHttp\Handler\CurlFactory::createRejection(Object(GuzzleHttp\Handler\EasyHandle), [...])
 2 FCPATH\vendor\guzzlehttp\guzzle\src\Handler\CurlFactory.php(110): GuzzleHttp\Handler\CurlFactory::finishError(Object(GuzzleHttp\Handler\CurlHandler), Object(GuzzleHttp\Handler\EasyHandle), Object(GuzzleHttp\Handler\CurlFactory))
 3 FCPATH\vendor\guzzlehttp\guzzle\src\Handler\CurlHandler.php(47): GuzzleHttp\Handler\CurlFactory::finish(Object(GuzzleHttp\Handler\CurlHandler), Object(GuzzleHttp\Handler\EasyHandle), Object(GuzzleHttp\Handler\CurlFactory))
 4 FCPATH\vendor\guzzlehttp\guzzle\src\Handler\Proxy.php(28): GuzzleHttp\Handler\CurlHandler->__invoke(Object(GuzzleHttp\Psr7\Request), [...])
 5 FCPATH\vendor\guzzlehttp\guzzle\src\Handler\Proxy.php(48): GuzzleHttp\Handler\Proxy::GuzzleHttp\Handler\{closure}(Object(GuzzleHttp\Psr7\Request), [...])
 6 FCPATH\vendor\google\auth\src\Middleware\ScopedAccessTokenMiddleware.php(125): GuzzleHttp\Handler\Proxy::GuzzleHttp\Handler\{closure}(Object(GuzzleHttp\Psr7\Request), [...])
 7 FCPATH\vendor\guzzlehttp\guzzle\src\PrepareBodyMiddleware.php(35): Google\Auth\Middleware\ScopedAccessTokenMiddleware->Google\Auth\Middleware\{closure}(Object(GuzzleHttp\Psr7\Request), [...])
 8 FCPATH\vendor\guzzlehttp\guzzle\src\Middleware.php(31): GuzzleHttp\PrepareBodyMiddleware->__invoke(Object(GuzzleHttp\Psr7\Request), [...])
 9 FCPATH\vendor\guzzlehttp\guzzle\src\RedirectMiddleware.php(71): GuzzleHttp\Middleware::GuzzleHttp\{closure}(Object(GuzzleHttp\Psr7\Request), [...])
10 FCPATH\vendor\guzzlehttp\guzzle\src\Middleware.php(63): GuzzleHttp\RedirectMiddleware->__invoke(Object(GuzzleHttp\Psr7\Request), [...])
11 FCPATH\vendor\guzzlehttp\guzzle\src\HandlerStack.php(75): GuzzleHttp\Middleware::GuzzleHttp\{closure}(Object(GuzzleHttp\Psr7\Request), [...])
12 FCPATH\vendor\guzzlehttp\guzzle\src\Client.php(333): GuzzleHttp\HandlerStack->__invoke(Object(GuzzleHttp\Psr7\Request), [...])
13 FCPATH\vendor\guzzlehttp\guzzle\src\Client.php(106): GuzzleHttp\Client->transfer(Object(GuzzleHttp\Psr7\Request), [...])
14 FCPATH\vendor\guzzlehttp\guzzle\src\Client.php(124): GuzzleHttp\Client->sendAsync(Object(GuzzleHttp\Psr7\Request), [...])
15 FCPATH\vendor\google\auth\src\HttpHandler\Guzzle6HttpHandler.php(47): GuzzleHttp\Client->send(Object(GuzzleHttp\Psr7\Request), [...])
16 FCPATH\vendor\google\apiclient\src\Http\REST.php(84): Google\Auth\HttpHandler\Guzzle6HttpHandler->__invoke(Object(GuzzleHttp\Psr7\Request))
17 [internal function]: Google\Http\REST::doExecute(Object(GuzzleHttp\Client), Object(GuzzleHttp\Psr7\Request), 'Google\\Service\\Oauth2\\Userinfo')
18 FCPATH\vendor\google\apiclient\src\Task\Runner.php(187): call_user_func_array([...], [...])
19 FCPATH\vendor\google\apiclient\src\Http\REST.php(66): Google\Task\Runner->run()
20 FCPATH\vendor\google\apiclient\src\Client.php(921): Google\Http\REST::execute(Object(GuzzleHttp\Client), Object(GuzzleHttp\Psr7\Request), 'Google\\Service\\Oauth2\\Userinfo', [], null)
21 FCPATH\vendor\google\apiclient\src\Service\Resource.php(238): Google\Client->execute(Object(GuzzleHttp\Psr7\Request), 'Google\\Service\\Oauth2\\Userinfo')
22 FCPATH\vendor\google\apiclient-services\src\Oauth2\Resource\Userinfo.php(42): Google\Service\Resource->call('get', [...], 'Google\\Service\\Oauth2\\Userinfo')
23 APPPATH\Controllers\Home.php(137): Google\Service\Oauth2\Resource\Userinfo->get()
24 SYSTEMPATH\CodeIgniter.php(942): App\Controllers\Home->login()
25 SYSTEMPATH\CodeIgniter.php(502): CodeIgniter\CodeIgniter->runController(Object(App\Controllers\Home))
26 SYSTEMPATH\CodeIgniter.php(361): CodeIgniter\CodeIgniter->handleRequest(null, Object(Config\Cache), false)
27 FCPATH\index.php(81): CodeIgniter\CodeIgniter->run()
CRITICAL - 2024-01-18 15:00:15 --> Undefined array key "given_name"
in APPPATH\Controllers\Home.php on line 155.
 1 APPPATH\Controllers\Home.php(155): CodeIgniter\Debug\Exceptions->errorHandler(2, 'Undefined array key "given_name"', 'C:\\xampp\\htdocs\\cake_shop\\app\\Controllers\\Home.php', 155)
 2 SYSTEMPATH\CodeIgniter.php(942): App\Controllers\Home->login()
 3 SYSTEMPATH\CodeIgniter.php(502): CodeIgniter\CodeIgniter->runController(Object(App\Controllers\Home))
 4 SYSTEMPATH\CodeIgniter.php(361): CodeIgniter\CodeIgniter->handleRequest(null, Object(Config\Cache), false)
 5 FCPATH\index.php(81): CodeIgniter\CodeIgniter->run()
CRITICAL - 2024-01-18 15:48:02 --> cURL error 6: Could not resolve host: oauth2.googleapis.com (see https://curl.haxx.se/libcurl/c/libcurl-errors.html) for https://oauth2.googleapis.com/token
in FCPATH\vendor\guzzlehttp\guzzle\src\Handler\CurlFactory.php on line 210.
 1 FCPATH\vendor\guzzlehttp\guzzle\src\Handler\CurlFactory.php(158): GuzzleHttp\Handler\CurlFactory::createRejection(Object(GuzzleHttp\Handler\EasyHandle), [...])
 2 FCPATH\vendor\guzzlehttp\guzzle\src\Handler\CurlFactory.php(110): GuzzleHttp\Handler\CurlFactory::finishError(Object(GuzzleHttp\Handler\CurlHandler), Object(GuzzleHttp\Handler\EasyHandle), Object(GuzzleHttp\Handler\CurlFactory))
 3 FCPATH\vendor\guzzlehttp\guzzle\src\Handler\CurlHandler.php(47): GuzzleHttp\Handler\CurlFactory::finish(Object(GuzzleHttp\Handler\CurlHandler), Object(GuzzleHttp\Handler\EasyHandle), Object(GuzzleHttp\Handler\CurlFactory))
 4 FCPATH\vendor\guzzlehttp\guzzle\src\Handler\Proxy.php(28): GuzzleHttp\Handler\CurlHandler->__invoke(Object(GuzzleHttp\Psr7\Request), [...])
 5 FCPATH\vendor\guzzlehttp\guzzle\src\Handler\Proxy.php(48): GuzzleHttp\Handler\Proxy::GuzzleHttp\Handler\{closure}(Object(GuzzleHttp\Psr7\Request), [...])
 6 FCPATH\vendor\guzzlehttp\guzzle\src\PrepareBodyMiddleware.php(64): GuzzleHttp\Handler\Proxy::GuzzleHttp\Handler\{closure}(Object(GuzzleHttp\Psr7\Request), [...])
 7 FCPATH\vendor\guzzlehttp\guzzle\src\Middleware.php(31): GuzzleHttp\PrepareBodyMiddleware->__invoke(Object(GuzzleHttp\Psr7\Request), [...])
 8 FCPATH\vendor\guzzlehttp\guzzle\src\RedirectMiddleware.php(71): GuzzleHttp\Middleware::GuzzleHttp\{closure}(Object(GuzzleHttp\Psr7\Request), [...])
 9 FCPATH\vendor\guzzlehttp\guzzle\src\Middleware.php(63): GuzzleHttp\RedirectMiddleware->__invoke(Object(GuzzleHttp\Psr7\Request), [...])
10 FCPATH\vendor\guzzlehttp\guzzle\src\HandlerStack.php(75): GuzzleHttp\Middleware::GuzzleHttp\{closure}(Object(GuzzleHttp\Psr7\Request), [...])
11 FCPATH\vendor\guzzlehttp\guzzle\src\Client.php(333): GuzzleHttp\HandlerStack->__invoke(Object(GuzzleHttp\Psr7\Request), [...])
12 FCPATH\vendor\guzzlehttp\guzzle\src\Client.php(106): GuzzleHttp\Client->transfer(Object(GuzzleHttp\Psr7\Request), [...])
13 FCPATH\vendor\guzzlehttp\guzzle\src\Client.php(124): GuzzleHttp\Client->sendAsync(Object(GuzzleHttp\Psr7\Request), [...])
14 FCPATH\vendor\google\auth\src\HttpHandler\Guzzle6HttpHandler.php(47): GuzzleHttp\Client->send(Object(GuzzleHttp\Psr7\Request), [...])
15 FCPATH\vendor\google\auth\src\OAuth2.php(658): Google\Auth\HttpHandler\Guzzle6HttpHandler->__invoke(Object(GuzzleHttp\Psr7\Request))
16 FCPATH\vendor\google\apiclient\src\Client.php(260): Google\Auth\OAuth2->fetchAuthToken(Object(Google\Auth\HttpHandler\Guzzle7HttpHandler))
17 APPPATH\Controllers\Home.php(182): Google\Client->fetchAccessTokenWithAuthCode('4/0AfJohXnL15Zf_pXm5EJGEkzDVi-yjIUsx1jBcAN7LikkvdKM_UjBzDY09jOYTD5npsCGxw')
18 SYSTEMPATH\CodeIgniter.php(942): App\Controllers\Home->login()
19 SYSTEMPATH\CodeIgniter.php(502): CodeIgniter\CodeIgniter->runController(Object(App\Controllers\Home))
20 SYSTEMPATH\CodeIgniter.php(361): CodeIgniter\CodeIgniter->handleRequest(null, Object(Config\Cache), false)
21 FCPATH\index.php(81): CodeIgniter\CodeIgniter->run()
ERROR - 2024-01-18 15:48:45 --> mysqli_sql_exception: Unknown column 'google_user' in 'field list' in C:\xampp\htdocs\cake_shop\system\Database\MySQLi\Connection.php:306
Stack trace:
#0 C:\xampp\htdocs\cake_shop\system\Database\MySQLi\Connection.php(306): mysqli->query('UPDATE `users` ...', 0)
#1 C:\xampp\htdocs\cake_shop\system\Database\BaseConnection.php(693): CodeIgniter\Database\MySQLi\Connection->execute('UPDATE `users` ...')
#2 C:\xampp\htdocs\cake_shop\system\Database\BaseConnection.php(607): CodeIgniter\Database\BaseConnection->simpleQuery('UPDATE `users` ...')
#3 C:\xampp\htdocs\cake_shop\system\Database\BaseBuilder.php(2475): CodeIgniter\Database\BaseConnection->query('UPDATE `users` ...', Array, false)
#4 C:\xampp\htdocs\cake_shop\app\Models\UserModel.php(34): CodeIgniter\Database\BaseBuilder->update(Array)
#5 C:\xampp\htdocs\cake_shop\app\Controllers\Home.php(203): App\Models\UserModel->updateGoogleUser(Array, '113665721974158...')
#6 C:\xampp\htdocs\cake_shop\system\CodeIgniter.php(942): App\Controllers\Home->login()
#7 C:\xampp\htdocs\cake_shop\system\CodeIgniter.php(502): CodeIgniter\CodeIgniter->runController(Object(App\Controllers\Home))
#8 C:\xampp\htdocs\cake_shop\system\CodeIgniter.php(361): CodeIgniter\CodeIgniter->handleRequest(NULL, Object(Config\Cache), false)
#9 C:\xampp\htdocs\cake_shop\index.php(81): CodeIgniter\CodeIgniter->run()
#10 {main}
CRITICAL - 2024-01-18 15:48:45 --> Unknown column 'google_user' in 'field list'
in SYSTEMPATH\Database\BaseConnection.php on line 647.
 1 SYSTEMPATH\Database\BaseBuilder.php(2475): CodeIgniter\Database\BaseConnection->query('UPDATE `users` SET `username` = :username:, `email` = :email:, `google_user` = :google_user:
WHERE `oauth_id` = :oauth_id:', [...], false)
 2 APPPATH\Models\UserModel.php(34): CodeIgniter\Database\BaseBuilder->update([...])
 3 APPPATH\Controllers\Home.php(203): App\Models\UserModel->updateGoogleUser([...], '113665721974158873626')
 4 SYSTEMPATH\CodeIgniter.php(942): App\Controllers\Home->login()
 5 SYSTEMPATH\CodeIgniter.php(502): CodeIgniter\CodeIgniter->runController(Object(App\Controllers\Home))
 6 SYSTEMPATH\CodeIgniter.php(361): CodeIgniter\CodeIgniter->handleRequest(null, Object(Config\Cache), false)
 7 FCPATH\index.php(81): CodeIgniter\CodeIgniter->run()
CRITICAL - 2024-01-18 15:53:42 --> cURL error 6: Could not resolve host: oauth2.googleapis.com (see https://curl.haxx.se/libcurl/c/libcurl-errors.html) for https://oauth2.googleapis.com/token
in FCPATH\vendor\guzzlehttp\guzzle\src\Handler\CurlFactory.php on line 210.
 1 FCPATH\vendor\guzzlehttp\guzzle\src\Handler\CurlFactory.php(158): GuzzleHttp\Handler\CurlFactory::createRejection(Object(GuzzleHttp\Handler\EasyHandle), [...])
 2 FCPATH\vendor\guzzlehttp\guzzle\src\Handler\CurlFactory.php(110): GuzzleHttp\Handler\CurlFactory::finishError(Object(GuzzleHttp\Handler\CurlHandler), Object(GuzzleHttp\Handler\EasyHandle), Object(GuzzleHttp\Handler\CurlFactory))
 3 FCPATH\vendor\guzzlehttp\guzzle\src\Handler\CurlHandler.php(47): GuzzleHttp\Handler\CurlFactory::finish(Object(GuzzleHttp\Handler\CurlHandler), Object(GuzzleHttp\Handler\EasyHandle), Object(GuzzleHttp\Handler\CurlFactory))
 4 FCPATH\vendor\guzzlehttp\guzzle\src\Handler\Proxy.php(28): GuzzleHttp\Handler\CurlHandler->__invoke(Object(GuzzleHttp\Psr7\Request), [...])
 5 FCPATH\vendor\guzzlehttp\guzzle\src\Handler\Proxy.php(48): GuzzleHttp\Handler\Proxy::GuzzleHttp\Handler\{closure}(Object(GuzzleHttp\Psr7\Request), [...])
 6 FCPATH\vendor\guzzlehttp\guzzle\src\PrepareBodyMiddleware.php(64): GuzzleHttp\Handler\Proxy::GuzzleHttp\Handler\{closure}(Object(GuzzleHttp\Psr7\Request), [...])
 7 FCPATH\vendor\guzzlehttp\guzzle\src\Middleware.php(31): GuzzleHttp\PrepareBodyMiddleware->__invoke(Object(GuzzleHttp\Psr7\Request), [...])
 8 FCPATH\vendor\guzzlehttp\guzzle\src\RedirectMiddleware.php(71): GuzzleHttp\Middleware::GuzzleHttp\{closure}(Object(GuzzleHttp\Psr7\Request), [...])
 9 FCPATH\vendor\guzzlehttp\guzzle\src\Middleware.php(63): GuzzleHttp\RedirectMiddleware->__invoke(Object(GuzzleHttp\Psr7\Request), [...])
10 FCPATH\vendor\guzzlehttp\guzzle\src\HandlerStack.php(75): GuzzleHttp\Middleware::GuzzleHttp\{closure}(Object(GuzzleHttp\Psr7\Request), [...])
11 FCPATH\vendor\guzzlehttp\guzzle\src\Client.php(333): GuzzleHttp\HandlerStack->__invoke(Object(GuzzleHttp\Psr7\Request), [...])
12 FCPATH\vendor\guzzlehttp\guzzle\src\Client.php(106): GuzzleHttp\Client->transfer(Object(GuzzleHttp\Psr7\Request), [...])
13 FCPATH\vendor\guzzlehttp\guzzle\src\Client.php(124): GuzzleHttp\Client->sendAsync(Object(GuzzleHttp\Psr7\Request), [...])
14 FCPATH\vendor\google\auth\src\HttpHandler\Guzzle6HttpHandler.php(47): GuzzleHttp\Client->send(Object(GuzzleHttp\Psr7\Request), [...])
15 FCPATH\vendor\google\auth\src\OAuth2.php(658): Google\Auth\HttpHandler\Guzzle6HttpHandler->__invoke(Object(GuzzleHttp\Psr7\Request))
16 FCPATH\vendor\google\apiclient\src\Client.php(260): Google\Auth\OAuth2->fetchAuthToken(Object(Google\Auth\HttpHandler\Guzzle7HttpHandler))
17 APPPATH\Controllers\Home.php(182): Google\Client->fetchAccessTokenWithAuthCode('4/0AfJohXnL15Zf_pXm5EJGEkzDVi-yjIUsx1jBcAN7LikkvdKM_UjBzDY09jOYTD5npsCGxw')
18 SYSTEMPATH\CodeIgniter.php(942): App\Controllers\Home->login()
19 SYSTEMPATH\CodeIgniter.php(502): CodeIgniter\CodeIgniter->runController(Object(App\Controllers\Home))
20 SYSTEMPATH\CodeIgniter.php(361): CodeIgniter\CodeIgniter->handleRequest(null, Object(Config\Cache), false)
21 FCPATH\index.php(81): CodeIgniter\CodeIgniter->run()
ERROR - 2024-01-18 16:33:55 --> mysqli_sql_exception: Unknown column 'google_user' in 'field list' in C:\xampp\htdocs\cake_shop\system\Database\MySQLi\Connection.php:306
Stack trace:
#0 C:\xampp\htdocs\cake_shop\system\Database\MySQLi\Connection.php(306): mysqli->query('UPDATE `users` ...', 0)
#1 C:\xampp\htdocs\cake_shop\system\Database\BaseConnection.php(693): CodeIgniter\Database\MySQLi\Connection->execute('UPDATE `users` ...')
#2 C:\xampp\htdocs\cake_shop\system\Database\BaseConnection.php(607): CodeIgniter\Database\BaseConnection->simpleQuery('UPDATE `users` ...')
#3 C:\xampp\htdocs\cake_shop\system\Database\BaseBuilder.php(2475): CodeIgniter\Database\BaseConnection->query('UPDATE `users` ...', Array, false)
#4 C:\xampp\htdocs\cake_shop\app\Models\UserModel.php(34): CodeIgniter\Database\BaseBuilder->update(Array)
#5 C:\xampp\htdocs\cake_shop\app\Controllers\Home.php(195): App\Models\UserModel->updateGoogleUser(Array, '113665721974158...')
#6 C:\xampp\htdocs\cake_shop\system\CodeIgniter.php(942): App\Controllers\Home->login()
#7 C:\xampp\htdocs\cake_shop\system\CodeIgniter.php(502): CodeIgniter\CodeIgniter->runController(Object(App\Controllers\Home))
#8 C:\xampp\htdocs\cake_shop\system\CodeIgniter.php(361): CodeIgniter\CodeIgniter->handleRequest(NULL, Object(Config\Cache), false)
#9 C:\xampp\htdocs\cake_shop\index.php(81): CodeIgniter\CodeIgniter->run()
#10 {main}
CRITICAL - 2024-01-18 16:33:55 --> Unknown column 'google_user' in 'field list'
in SYSTEMPATH\Database\BaseConnection.php on line 647.
 1 SYSTEMPATH\Database\BaseBuilder.php(2475): CodeIgniter\Database\BaseConnection->query('UPDATE `users` SET `username` = :username:, `email` = :email:, `google_user` = :google_user:
WHERE `oauth_id` = :oauth_id:', [...], false)
 2 APPPATH\Models\UserModel.php(34): CodeIgniter\Database\BaseBuilder->update([...])
 3 APPPATH\Controllers\Home.php(195): App\Models\UserModel->updateGoogleUser([...], '113665721974158873626')
 4 SYSTEMPATH\CodeIgniter.php(942): App\Controllers\Home->login()
 5 SYSTEMPATH\CodeIgniter.php(502): CodeIgniter\CodeIgniter->runController(Object(App\Controllers\Home))
 6 SYSTEMPATH\CodeIgniter.php(361): CodeIgniter\CodeIgniter->handleRequest(null, Object(Config\Cache), false)
 7 FCPATH\index.php(81): CodeIgniter\CodeIgniter->run()
ERROR - 2024-01-18 16:50:53 --> mysqli_sql_exception: Unknown column 'loginned' in 'field list' in C:\xampp\htdocs\cake_shop\system\Database\MySQLi\Connection.php:306
Stack trace:
#0 C:\xampp\htdocs\cake_shop\system\Database\MySQLi\Connection.php(306): mysqli->query('INSERT INTO `us...', 0)
#1 C:\xampp\htdocs\cake_shop\system\Database\BaseConnection.php(693): CodeIgniter\Database\MySQLi\Connection->execute('INSERT INTO `us...')
#2 C:\xampp\htdocs\cake_shop\system\Database\BaseConnection.php(607): CodeIgniter\Database\BaseConnection->simpleQuery('INSERT INTO `us...')
#3 C:\xampp\htdocs\cake_shop\system\Database\BaseBuilder.php(2308): CodeIgniter\Database\BaseConnection->query('INSERT INTO `us...', Array, false)
#4 C:\xampp\htdocs\cake_shop\app\Models\UserModel.php(45): CodeIgniter\Database\BaseBuilder->insert(Array)
#5 C:\xampp\htdocs\cake_shop\app\Controllers\Home.php(163): App\Models\UserModel->createGoogleUser(Array)
#6 C:\xampp\htdocs\cake_shop\system\CodeIgniter.php(942): App\Controllers\Home->login()
#7 C:\xampp\htdocs\cake_shop\system\CodeIgniter.php(502): CodeIgniter\CodeIgniter->runController(Object(App\Controllers\Home))
#8 C:\xampp\htdocs\cake_shop\system\CodeIgniter.php(361): CodeIgniter\CodeIgniter->handleRequest(NULL, Object(Config\Cache), false)
#9 C:\xampp\htdocs\cake_shop\index.php(81): CodeIgniter\CodeIgniter->run()
#10 {main}
CRITICAL - 2024-01-18 16:50:53 --> Unknown column 'loginned' in 'field list'
in SYSTEMPATH\Database\BaseConnection.php on line 647.
 1 SYSTEMPATH\Database\BaseBuilder.php(2308): CodeIgniter\Database\BaseConnection->query('INSERT INTO `users` (`oauth_id`, `username`, `email`, `loginned`) VALUES (:oauth_id:, :username:, :email:, :loginned:)', [...], false)
 2 APPPATH\Models\UserModel.php(45): CodeIgniter\Database\BaseBuilder->insert([...])
 3 APPPATH\Controllers\Home.php(163): App\Models\UserModel->createGoogleUser([...])
 4 SYSTEMPATH\CodeIgniter.php(942): App\Controllers\Home->login()
 5 SYSTEMPATH\CodeIgniter.php(502): CodeIgniter\CodeIgniter->runController(Object(App\Controllers\Home))
 6 SYSTEMPATH\CodeIgniter.php(361): CodeIgniter\CodeIgniter->handleRequest(null, Object(Config\Cache), false)
 7 FCPATH\index.php(81): CodeIgniter\CodeIgniter->run()
CRITICAL - 2024-01-18 16:54:16 --> cURL error 35: OpenSSL SSL_connect: Connection was reset in connection to oauth2.googleapis.com:443  (see https://curl.haxx.se/libcurl/c/libcurl-errors.html) for https://oauth2.googleapis.com/token
in FCPATH\vendor\guzzlehttp\guzzle\src\Handler\CurlFactory.php on line 210.
 1 FCPATH\vendor\guzzlehttp\guzzle\src\Handler\CurlFactory.php(158): GuzzleHttp\Handler\CurlFactory::createRejection(Object(GuzzleHttp\Handler\EasyHandle), [...])
 2 FCPATH\vendor\guzzlehttp\guzzle\src\Handler\CurlFactory.php(110): GuzzleHttp\Handler\CurlFactory::finishError(Object(GuzzleHttp\Handler\CurlHandler), Object(GuzzleHttp\Handler\EasyHandle), Object(GuzzleHttp\Handler\CurlFactory))
 3 FCPATH\vendor\guzzlehttp\guzzle\src\Handler\CurlHandler.php(47): GuzzleHttp\Handler\CurlFactory::finish(Object(GuzzleHttp\Handler\CurlHandler), Object(GuzzleHttp\Handler\EasyHandle), Object(GuzzleHttp\Handler\CurlFactory))
 4 FCPATH\vendor\guzzlehttp\guzzle\src\Handler\Proxy.php(28): GuzzleHttp\Handler\CurlHandler->__invoke(Object(GuzzleHttp\Psr7\Request), [...])
 5 FCPATH\vendor\guzzlehttp\guzzle\src\Handler\Proxy.php(48): GuzzleHttp\Handler\Proxy::GuzzleHttp\Handler\{closure}(Object(GuzzleHttp\Psr7\Request), [...])
 6 FCPATH\vendor\guzzlehttp\guzzle\src\PrepareBodyMiddleware.php(64): GuzzleHttp\Handler\Proxy::GuzzleHttp\Handler\{closure}(Object(GuzzleHttp\Psr7\Request), [...])
 7 FCPATH\vendor\guzzlehttp\guzzle\src\Middleware.php(31): GuzzleHttp\PrepareBodyMiddleware->__invoke(Object(GuzzleHttp\Psr7\Request), [...])
 8 FCPATH\vendor\guzzlehttp\guzzle\src\RedirectMiddleware.php(71): GuzzleHttp\Middleware::GuzzleHttp\{closure}(Object(GuzzleHttp\Psr7\Request), [...])
 9 FCPATH\vendor\guzzlehttp\guzzle\src\Middleware.php(63): GuzzleHttp\RedirectMiddleware->__invoke(Object(GuzzleHttp\Psr7\Request), [...])
10 FCPATH\vendor\guzzlehttp\guzzle\src\HandlerStack.php(75): GuzzleHttp\Middleware::GuzzleHttp\{closure}(Object(GuzzleHttp\Psr7\Request), [...])
11 FCPATH\vendor\guzzlehttp\guzzle\src\Client.php(333): GuzzleHttp\HandlerStack->__invoke(Object(GuzzleHttp\Psr7\Request), [...])
12 FCPATH\vendor\guzzlehttp\guzzle\src\Client.php(106): GuzzleHttp\Client->transfer(Object(GuzzleHttp\Psr7\Request), [...])
13 FCPATH\vendor\guzzlehttp\guzzle\src\Client.php(124): GuzzleHttp\Client->sendAsync(Object(GuzzleHttp\Psr7\Request), [...])
14 FCPATH\vendor\google\auth\src\HttpHandler\Guzzle6HttpHandler.php(47): GuzzleHttp\Client->send(Object(GuzzleHttp\Psr7\Request), [...])
15 FCPATH\vendor\google\auth\src\OAuth2.php(658): Google\Auth\HttpHandler\Guzzle6HttpHandler->__invoke(Object(GuzzleHttp\Psr7\Request))
16 FCPATH\vendor\google\apiclient\src\Client.php(260): Google\Auth\OAuth2->fetchAuthToken(Object(Google\Auth\HttpHandler\Guzzle7HttpHandler))
17 APPPATH\Controllers\Home.php(138): Google\Client->fetchAccessTokenWithAuthCode('4/0AfJohXmZ_KSykIBcAxmv55dxgUuv0Y1Ge-xhFnD4Gfw_-in39KNWUc8sBB2H6HG99KsMRA')
18 SYSTEMPATH\CodeIgniter.php(942): App\Controllers\Home->login()
19 SYSTEMPATH\CodeIgniter.php(502): CodeIgniter\CodeIgniter->runController(Object(App\Controllers\Home))
20 SYSTEMPATH\CodeIgniter.php(361): CodeIgniter\CodeIgniter->handleRequest(null, Object(Config\Cache), false)
21 FCPATH\index.php(81): CodeIgniter\CodeIgniter->run()
CRITICAL - 2024-01-18 17:04:25 --> Trying to access array offset on value of type null
in APPPATH\Views\navbar.php on line 70.
 1 APPPATH\Views\navbar.php(70): CodeIgniter\Debug\Exceptions->errorHandler(2, 'Trying to access array offset on value of type null', 'C:\\xampp\\htdocs\\cake_shop\\app\\Views\\navbar.php', 70)
 2 SYSTEMPATH\View\View.php(228): include('C:\\xampp\\htdocs\\cake_shop\\app\\Views\\navbar.php')
 3 SYSTEMPATH\View\View.php(231): CodeIgniter\View\View->CodeIgniter\View\{closure}()
 4 SYSTEMPATH\View\View.php(469): CodeIgniter\View\View->render('navbar', null, true)
 5 APPPATH\Views\public_layout.php(13): CodeIgniter\View\View->include('navbar')
 6 SYSTEMPATH\View\View.php(228): include('C:\\xampp\\htdocs\\cake_shop\\app\\Views\\public_layout.php')
 7 SYSTEMPATH\View\View.php(231): CodeIgniter\View\View->CodeIgniter\View\{closure}()
 8 SYSTEMPATH\View\View.php(244): CodeIgniter\View\View->render('public_layout', [], true)
 9 SYSTEMPATH\Common.php(1190): CodeIgniter\View\View->render('login', [], true)
10 APPPATH\Controllers\Home.php(173): view('login', [])
11 SYSTEMPATH\CodeIgniter.php(942): App\Controllers\Home->login()
12 SYSTEMPATH\CodeIgniter.php(502): CodeIgniter\CodeIgniter->runController(Object(App\Controllers\Home))
13 SYSTEMPATH\CodeIgniter.php(361): CodeIgniter\CodeIgniter->handleRequest(null, Object(Config\Cache), false)
14 FCPATH\index.php(81): CodeIgniter\CodeIgniter->run()
CRITICAL - 2024-01-18 17:04:30 --> Trying to access array offset on value of type null
in APPPATH\Views\navbar.php on line 70.
 1 APPPATH\Views\navbar.php(70): CodeIgniter\Debug\Exceptions->errorHandler(2, 'Trying to access array offset on value of type null', 'C:\\xampp\\htdocs\\cake_shop\\app\\Views\\navbar.php', 70)
 2 SYSTEMPATH\View\View.php(228): include('C:\\xampp\\htdocs\\cake_shop\\app\\Views\\navbar.php')
 3 SYSTEMPATH\View\View.php(231): CodeIgniter\View\View->CodeIgniter\View\{closure}()
 4 SYSTEMPATH\View\View.php(469): CodeIgniter\View\View->render('navbar', null, true)
 5 APPPATH\Views\public_layout.php(13): CodeIgniter\View\View->include('navbar')
 6 SYSTEMPATH\View\View.php(228): include('C:\\xampp\\htdocs\\cake_shop\\app\\Views\\public_layout.php')
 7 SYSTEMPATH\View\View.php(231): CodeIgniter\View\View->CodeIgniter\View\{closure}()
 8 SYSTEMPATH\View\View.php(244): CodeIgniter\View\View->render('public_layout', [], true)
 9 SYSTEMPATH\Common.php(1190): CodeIgniter\View\View->render('login', [], true)
10 APPPATH\Controllers\Home.php(173): view('login', [])
11 SYSTEMPATH\CodeIgniter.php(942): App\Controllers\Home->login()
12 SYSTEMPATH\CodeIgniter.php(502): CodeIgniter\CodeIgniter->runController(Object(App\Controllers\Home))
13 SYSTEMPATH\CodeIgniter.php(361): CodeIgniter\CodeIgniter->handleRequest(null, Object(Config\Cache), false)
14 FCPATH\index.php(81): CodeIgniter\CodeIgniter->run()
CRITICAL - 2024-01-18 17:04:32 --> Trying to access array offset on value of type null
in APPPATH\Views\navbar.php on line 70.
 1 APPPATH\Views\navbar.php(70): CodeIgniter\Debug\Exceptions->errorHandler(2, 'Trying to access array offset on value of type null', 'C:\\xampp\\htdocs\\cake_shop\\app\\Views\\navbar.php', 70)
 2 SYSTEMPATH\View\View.php(228): include('C:\\xampp\\htdocs\\cake_shop\\app\\Views\\navbar.php')
 3 SYSTEMPATH\View\View.php(231): CodeIgniter\View\View->CodeIgniter\View\{closure}()
 4 SYSTEMPATH\View\View.php(469): CodeIgniter\View\View->render('navbar', null, true)
 5 APPPATH\Views\public_layout.php(13): CodeIgniter\View\View->include('navbar')
 6 SYSTEMPATH\View\View.php(228): include('C:\\xampp\\htdocs\\cake_shop\\app\\Views\\public_layout.php')
 7 SYSTEMPATH\View\View.php(231): CodeIgniter\View\View->CodeIgniter\View\{closure}()
 8 SYSTEMPATH\View\View.php(244): CodeIgniter\View\View->render('public_layout', [], true)
 9 SYSTEMPATH\Common.php(1190): CodeIgniter\View\View->render('login', [], true)
10 APPPATH\Controllers\Home.php(173): view('login', [])
11 SYSTEMPATH\CodeIgniter.php(942): App\Controllers\Home->login()
12 SYSTEMPATH\CodeIgniter.php(502): CodeIgniter\CodeIgniter->runController(Object(App\Controllers\Home))
13 SYSTEMPATH\CodeIgniter.php(361): CodeIgniter\CodeIgniter->handleRequest(null, Object(Config\Cache), false)
14 FCPATH\index.php(81): CodeIgniter\CodeIgniter->run()
CRITICAL - 2024-01-18 17:04:54 --> Trying to access array offset on value of type null
in APPPATH\Views\navbar.php on line 70.
 1 APPPATH\Views\navbar.php(70): CodeIgniter\Debug\Exceptions->errorHandler(2, 'Trying to access array offset on value of type null', 'C:\\xampp\\htdocs\\cake_shop\\app\\Views\\navbar.php', 70)
 2 SYSTEMPATH\View\View.php(228): include('C:\\xampp\\htdocs\\cake_shop\\app\\Views\\navbar.php')
 3 SYSTEMPATH\View\View.php(231): CodeIgniter\View\View->CodeIgniter\View\{closure}()
 4 SYSTEMPATH\View\View.php(469): CodeIgniter\View\View->render('navbar', null, true)
 5 APPPATH\Views\public_layout.php(13): CodeIgniter\View\View->include('navbar')
 6 SYSTEMPATH\View\View.php(228): include('C:\\xampp\\htdocs\\cake_shop\\app\\Views\\public_layout.php')
 7 SYSTEMPATH\View\View.php(231): CodeIgniter\View\View->CodeIgniter\View\{closure}()
 8 SYSTEMPATH\View\View.php(244): CodeIgniter\View\View->render('public_layout', [], true)
 9 SYSTEMPATH\Common.php(1190): CodeIgniter\View\View->render('home', [], true)
10 APPPATH\Controllers\Home.php(32): view('home', [...])
11 SYSTEMPATH\CodeIgniter.php(942): App\Controllers\Home->home()
12 SYSTEMPATH\CodeIgniter.php(502): CodeIgniter\CodeIgniter->runController(Object(App\Controllers\Home))
13 SYSTEMPATH\CodeIgniter.php(361): CodeIgniter\CodeIgniter->handleRequest(null, Object(Config\Cache), false)
14 FCPATH\index.php(81): CodeIgniter\CodeIgniter->run()
